17.0394 	WARNING 	The 'psychtoolbox' library cannot be loaded but is required for audio capture (use `pip install psychtoolbox` to get it). Microphone recording will be unavailable this session. Note that opening a microphone stream will raise an error.
17.0427 	WARNING 	Speech-to-text recognition module for PocketSphinx is not available (use command `pip install SpeechRecognition` to get it). Transcription will be unavailable using that service this session.
17.0429 	WARNING 	Speech-to-text recognition using Google online services is not available (use command `pip install google-api-core google-auth google-cloud google-cloud-speech googleapis-common-protos` to get it). Transcription will be unavailable using that service this session.
17.1560 	WARNING 	We strongly recommend you activate the PTB sound engine in PsychoPy prefs as the preferred audio engine. Its timing is vastly superior. Your prefs are currently set to use ['sounddevice', 'PTB', 'pyo', 'pygame'] (in that order).
4.1768 	WARNING 	We strongly recommend you activate the PTB sound engine in PsychoPy prefs as the preferred audio engine. Its timing is vastly superior. Your prefs are currently set to use ['sounddevice', 'PTB', 'pyo', 'pygame'] (in that order).
4.3314 	WARNING 	We strongly recommend you activate the PTB sound engine in PsychoPy prefs as the preferred audio engine. Its timing is vastly superior. Your prefs are currently set to use ['sounddevice', 'PTB', 'pyo', 'pygame'] (in that order).
3.6068 	WARNING 	We strongly recommend you activate the PTB sound engine in PsychoPy prefs as the preferred audio engine. Its timing is vastly superior. Your prefs are currently set to use ['sounddevice', 'PTB', 'pyo', 'pygame'] (in that order).
8.6686 	WARNING 	Monitor specification not found. Creating a temporary one...
9.9720 	WARNING 	Couldn't measure a consistent frame rate!
  - Is your graphics card set to sync to vertical blank?
  - Are you running other processes on your computer?

9.9753 	EXP 	Created window1 = Window(allowGUI=True, allowStencil=False, autoLog=True, backendConf=UNKNOWN, bitsMode=UNKNOWN, blendMode='avg', bpc=(8, 8, 8), color=array([0.2, 0.2, 0.2]), colorSpace='rgb', depthBits=8, fullscr=<method-wrapper '__getattribute__' of attributeSetter object at 0x7fc719f4a9d0>, gamma=None, gammaErrorPolicy='raise', lms=UNKNOWN, monitor=<psychopy.monitors.calibTools.Monitor object at 0x7fc69d133670>, multiSample=False, name='window1', numSamples=2, pos=[378.0, 245.5], screen=0, size=array([3024, 1964]), stencilBits=0, stereo=False, units='height', useFBO=False, useRetina=True, viewOri=0.0, viewPos=None, viewScale=None, waitBlanking=True, winType='pyglet')
9.9762 	EXP 	window1: mouseVisible = True
9.9763 	EXP 	window1: Attempting to measure frame rate of screen (0) ...
9.9764 	EXP 	window1: recordFrameIntervals = False
10.0565 	EXP 	window1: recordFrameIntervals = True
10.8885 	WARNING 	Couldn't measure a consistent frame rate!
  - Is your graphics card set to sync to vertical blank?
  - Are you running other processes on your computer?

11.0193 	EXP 	Created unnamed TextStim = TextStim(__class__=<class 'psychopy.visual.text.TextStim'>, alignHoriz=method-wrapper(...), alignText='center', alignVert=method-wrapper(...), anchorHoriz='center', anchorVert='center', antialias=True, autoDraw=False, autoLog=True, bold=False, color=array([-1, -1, -1]), colorSpace='rgb', contrast=1.0, depth=0, flipHoriz=False, flipVert=False, font='', fontFiles=[], height=0.04, italic=False, languageStyle='LTR', name='unnamed TextStim', opacity=1.0, ori=0.0, pos=array([ 0.  , -0.25]), rgb=UNKNOWN, text='Press 4 to continue.', units='height', win=Window(...), wrapWidth=1)
11.0262 	EXP 	Created unnamed TextStim = TextStim(__class__=<class 'psychopy.visual.text.TextStim'>, alignHoriz=method-wrapper(...), alignText='center', alignVert=method-wrapper(...), anchorHoriz='center', anchorVert='center', antialias=True, autoDraw=False, autoLog=True, bold=False, color=array([-1, -1, -1]), colorSpace='rgb', contrast=1.0, depth=0, flipHoriz=False, flipVert=False, font='', fontFiles=[], height=0.04, italic=False, languageStyle='LTR', name='unnamed TextStim', opacity=1.0, ori=0.0, pos=array([ 0.  , -0.25]), rgb=UNKNOWN, text='Press 4 to continue, or 3 to go back.', units='height', win=Window(...), wrapWidth=1)
11.0424 	EXP 	window1: mouseVisible = True
3.6557 	WARNING 	We strongly recommend you activate the PTB sound engine in PsychoPy prefs as the preferred audio engine. Its timing is vastly superior. Your prefs are currently set to use ['sounddevice', 'PTB', 'pyo', 'pygame'] (in that order).
8.7640 	WARNING 	Monitor specification not found. Creating a temporary one...
9.9319 	WARNING 	Couldn't measure a consistent frame rate!
  - Is your graphics card set to sync to vertical blank?
  - Are you running other processes on your computer?

9.9328 	EXP 	Created window1 = Window(allowGUI=True, allowStencil=False, autoLog=True, backendConf=UNKNOWN, bitsMode=UNKNOWN, blendMode='avg', bpc=(8, 8, 8), color=array([0.2, 0.2, 0.2]), colorSpace='rgb', depthBits=8, fullscr=<method-wrapper '__getattribute__' of attributeSetter object at 0x7f97d193ea30>, gamma=None, gammaErrorPolicy='raise', lms=UNKNOWN, monitor=<psychopy.monitors.calibTools.Monitor object at 0x7f975a11f790>, multiSample=False, name='window1', numSamples=2, pos=[378.0, 245.5], screen=0, size=array([3024, 1964]), stencilBits=0, stereo=False, units='height', useFBO=False, useRetina=True, viewOri=0.0, viewPos=None, viewScale=None, waitBlanking=True, winType='pyglet')
9.9330 	EXP 	window1: mouseVisible = True
9.9330 	EXP 	window1: Attempting to measure frame rate of screen (0) ...
9.9330 	EXP 	window1: recordFrameIntervals = False
10.0258 	EXP 	window1: recordFrameIntervals = True
10.8605 	WARNING 	Couldn't measure a consistent frame rate!
  - Is your graphics card set to sync to vertical blank?
  - Are you running other processes on your computer?

10.9141 	EXP 	Created unnamed TextStim = TextStim(__class__=<class 'psychopy.visual.text.TextStim'>, alignHoriz=method-wrapper(...), alignText='center', alignVert=method-wrapper(...), anchorHoriz='center', anchorVert='center', antialias=True, autoDraw=False, autoLog=True, bold=False, color=array([-1, -1, -1]), colorSpace='rgb', contrast=1.0, depth=0, flipHoriz=False, flipVert=False, font='', fontFiles=[], height=0.04, italic=False, languageStyle='LTR', name='unnamed TextStim', opacity=1.0, ori=0.0, pos=array([ 0.  , -0.25]), rgb=UNKNOWN, text='Press 4 to continue.', units='height', win=Window(...), wrapWidth=1)
10.9198 	EXP 	Created unnamed TextStim = TextStim(__class__=<class 'psychopy.visual.text.TextStim'>, alignHoriz=method-wrapper(...), alignText='center', alignVert=method-wrapper(...), anchorHoriz='center', anchorVert='center', antialias=True, autoDraw=False, autoLog=True, bold=False, color=array([-1, -1, -1]), colorSpace='rgb', contrast=1.0, depth=0, flipHoriz=False, flipVert=False, font='', fontFiles=[], height=0.04, italic=False, languageStyle='LTR', name='unnamed TextStim', opacity=1.0, ori=0.0, pos=array([ 0.  , -0.25]), rgb=UNKNOWN, text='Press 4 to continue, or 3 to go back.', units='height', win=Window(...), wrapWidth=1)
10.9231 	EXP 	Created unnamed TextStim = TextStim(__class__=<class 'psychopy.visual.text.TextStim'>, alignHoriz=method-wrapper(...), alignText='center', alignVert=method-wrapper(...), anchorHoriz='center', anchorVert='center', antialias=True, autoDraw=False, autoLog=True, bold=False, color=array([-1, -1, -1]), colorSpace='rgb', contrast=1.0, depth=0, flipHoriz=False, flipVert=False, font='', fontFiles=[], height=0.08, italic=False, languageStyle='LTR', name='unnamed TextStim', opacity=1.0, ori=0.0, pos=array([0., 0.]), rgb=UNKNOWN, text='+', units='height', win=Window(...), wrapWidth=1)
10.9309 	EXP 	Created unnamed TextStim = TextStim(__class__=<class 'psychopy.visual.text.TextStim'>, alignHoriz=method-wrapper(...), alignText='center', alignVert=method-wrapper(...), anchorHoriz='center', anchorVert='center', antialias=True, autoDraw=False, autoLog=True, bold=False, color=array([-1, -1, -1]), colorSpace='rgb', contrast=1.0, depth=0, flipHoriz=False, flipVert=False, font='Arial', fontFiles=[], height=0.04, italic=False, languageStyle='LTR', name='unnamed TextStim', opacity=1.0, ori=0.0, pos=array([0. , 0.1]), rgb=UNKNOWN, text='Hello World', units='height', win=Window(...), wrapWidth=1.0264765784114054)
10.9442 	EXP 	Created unnamed TextStim = TextStim(__class__=<class 'psychopy.visual.text.TextStim'>, alignHoriz=method-wrapper(...), alignText='center', alignVert=method-wrapper(...), anchorHoriz='center', anchorVert='center', antialias=True, autoDraw=False, autoLog=True, bold=False, color=array([-1, -1, -1]), colorSpace='rgb', contrast=1.0, depth=0, flipHoriz=False, flipVert=False, font='', fontFiles=[], height=0.04, italic=False, languageStyle='LTR', name='unnamed TextStim', opacity=1.0, ori=0.0, pos=array([0., 0.]), rgb=UNKNOWN, text=str(...), units='height', win=Window(...), wrapWidth=1.0264765784114054)
10.9477 	EXP 	Created unnamed TextStim = TextStim(__class__=<class 'psychopy.visual.text.TextStim'>, alignHoriz=method-wrapper(...), alignText='center', alignVert=method-wrapper(...), anchorHoriz='center', anchorVert='center', antialias=True, autoDraw=False, autoLog=True, bold=False, color=array([-1, -1, -1]), colorSpace='rgb', contrast=1.0, depth=0, flipHoriz=False, flipVert=False, font='', fontFiles=[], height=0.04, italic=False, languageStyle='LTR', name='unnamed TextStim', opacity=1.0, ori=0.0, pos=array([0., 0.]), rgb=UNKNOWN, text='The task will begin momentarily. Get ready...', units='height', win=Window(...), wrapWidth=1)
10.9514 	EXP 	Created unnamed TextStim = TextStim(__class__=<class 'psychopy.visual.text.TextStim'>, alignHoriz=method-wrapper(...), alignText='center', alignVert=method-wrapper(...), anchorHoriz='center', anchorVert='center', antialias=True, autoDraw=False, autoLog=True, bold=False, color=array([-1, -1, -1]), colorSpace='rgb', contrast=1.0, depth=0, flipHoriz=False, flipVert=False, font='', fontFiles=[], height=0.04, italic=False, languageStyle='LTR', name='unnamed TextStim', opacity=1.0, ori=0.0, pos=array([0., 0.]), rgb=UNKNOWN, text=str(...), units='height', win=Window(...), wrapWidth=1.0264765784114054)
10.9590 	EXP 	Created unnamed Circle = Circle(__class__=<class 'psychopy.visual.circle.Circle'>, anchor=('center', 'center'), autoDraw=False, autoLog=True, closeShape=True, color=method-wrapper(...), colorSpace='rgb', contrast=None, depth=0, fillColor=array([1, 1, 1]), fillColorSpace='rgb', fillRGB=array([1, 1, 1]), interpolate=True, lineColor=array([0, 0, 0]), lineColorSpace='rgb', lineRGB=array([0, 0, 0]), lineWidth=0, name='unnamed Circle', opacity=0.5, ori=0.0, pos=array([0., 0.]), size=array([1., 1.]), units='height', vertices=ndarray(...), win=Window(...))
10.9598 	EXP 	Created unnamed Rect = Rect(__class__=<class 'psychopy.visual.rect.Rect'>, anchor=('center', 'center'), autoDraw=False, autoLog=True, closeShape=True, color=method-wrapper(...), colorSpace='rgb', contrast=None, depth=0, fillColor=array([1, 1, 1]), fillColorSpace='rgb', fillRGB=array([1, 1, 1]), interpolate=True, lineColor=array([0, 0, 0]), lineColorSpace='rgb', lineRGB=array([0, 0, 0]), lineWidth=0, name='unnamed Rect', opacity=0.5, ori=0.0, pos=array([0., 0.]), size=array([0.5, 0.5]), units='height', vertices=ndarray(...), win=Window(...))
10.9645 	EXP 	Created Trial_FB = TextStim(__class__=<class 'psychopy.visual.text.TextStim'>, alignHoriz=method-wrapper(...), alignText='center', alignVert=method-wrapper(...), anchorHoriz='center', anchorVert='center', antialias=True, autoDraw=False, autoLog=True, bold=False, color=array([ 1.        ,  0.29411765, -1.        ]), colorSpace='rgb', contrast=1.0, depth=0, flipHoriz=False, flipVert=False, font='Arial', fontFiles=[], height=0.07333333333333333, italic=False, languageStyle='LTR', name='Trial_FB', opacity=1.0, ori=0, pos=array([0.        , 0.16666667]), rgb=UNKNOWN, text='Trial earnings:', units='height', win=Window(...), wrapWidth=1)
10.9688 	EXP 	Created Exp_FB = TextStim(__class__=<class 'psychopy.visual.text.TextStim'>, alignHoriz=method-wrapper(...), alignText='center', alignVert=method-wrapper(...), anchorHoriz='center', anchorVert='center', antialias=True, autoDraw=False, autoLog=True, bold=False, color=array([-1,  1,  1]), colorSpace='rgb', contrast=1.0, depth=0, flipHoriz=False, flipVert=False, font='Arial', fontFiles=[], height=0.07333333333333333, italic=False, languageStyle='LTR', name='Exp_FB', opacity=1.0, ori=0, pos=array([ 0.  , -0.05]), rgb=UNKNOWN, text='Total earnings:', units='height', win=Window(...), wrapWidth=1)
10.9700 	EXP 	Created Blank_FB = ImageStim(__class__=<class 'psychopy.visual.image.ImageStim'>, anchor=('center', 'center'), autoLog=True, color=array([1., 1., 1.]), colorSpace='rgb', contrast=1.0, depth=0, flipHoriz=False, flipVert=False, image=None, interpolate=True, mask=None, maskParams=None, name='Blank_FB', opacity=1.0, ori=0.0, pos=array([0., 0.]), size=array([0.19246436, 0.19246436]), texRes=128, units='height', win=Window(...))
10.9745 	EXP 	window1: mouseVisible = False
11.0007 	WARNING 	t of last frame was 140.71ms (=1/7)
11.0007 	EXP 	unnamed TextStim: height = 0.04
11.0007 	EXP 	unnamed TextStim: height = 0.04
11.0007 	EXP 	unnamed TextStim: height = 0.04
11.0007 	EXP 	unnamed TextStim: text = 'In the next task, you will be able to win money if you are quick enough. Your task is to press a button when you see the white square. On trials where the white square is preceded by a green circle, you will win $1 if you press the key while the white square is on the screen. On trials where the white square is preceded by a blue circle, you are not able to win anything, but we still want you to press any key while the white square is on the screen. The white square will remain on screen for less than 250 milliseconds, so you will need to respond quickly.'
12.7576 	DATA 	Keypress: 4
12.7757 	WARNING 	t of last frame was 1774.98ms (=1/0)
12.7757 	EXP 	unnamed TextStim: height = 0.04
12.7757 	EXP 	unnamed TextStim: height = 0.04
12.7757 	EXP 	unnamed TextStim: height = 0.04
12.7757 	EXP 	unnamed TextStim: text = 'Finally, after each trial, you will see the monetary reward earned on the last trial and the total money gained in this task so far. We will add whatever you win in this task to the amount that we pay you today. No practice trials will be presented for this task, and it will include a single session, lasting a few minutes. If you have questions or are unsure about what your task is, please ask the experimenter now.'
13.8811 	DATA 	Keypress: 4
13.8873 	WARNING 	t of last frame was 1111.60ms (=1/0)
16.4228 	DATA 	Keypress: 0
16.4232 	EXP 	launchScan: vol: 110  TR: 2.000s  skip: 2  sync: 'equal'
16.4493 	EXP 	window1: mouseVisible = True
16.5367 	WARNING 	t of last frame was 2649.39ms (=1/0)
16.5367 	EXP 	unnamed RatingScale: flipVert = False
25.7175 	DATA 	Keypress: return
25.7322 	EXP 	window1: mouseVisible = False
25.7607 	WARNING 	Multiple dropped frames have occurred - I'll stop bothering you about them!
30.0796 	DATA 	EmulatedKey: equal
30.0797 	EXP 	launchScan: start of scan
32.0796 	DATA 	EmulatedKey: equal
34.0797 	DATA 	EmulatedKey: equal
36.0796 	DATA 	EmulatedKey: equal
38.0796 	DATA 	EmulatedKey: equal
40.0796 	DATA 	EmulatedKey: equal
40.2316 	EXP 	unnamed Circle: fillColor = 'Blue'
40.2316 	EXP 	unnamed Circle: autoDraw = True
40.7083 	EXP 	unnamed Circle: autoDraw = False
40.7083 	EXP 	unnamed Circle: autoDraw = False
40.7083 	EXP 	unnamed TextStim: autoDraw = True
40.7504 	DATA 	Keypress: 1
42.0796 	DATA 	EmulatedKey: equal
43.0952 	EXP 	unnamed TextStim: autoDraw = False
43.0952 	EXP 	unnamed TextStim: autoDraw = False
43.0952 	EXP 	unnamed Rect: autoDraw = True
43.3929 	EXP 	unnamed Rect: autoDraw = False
43.5177 	DATA 	Keypress: 1
43.6138 	EXP 	unnamed Rect: autoDraw = False
43.6138 	EXP 	Trial_FB: height = 0.07333333333333333
43.6138 	EXP 	Trial_FB: height = 0.07333333333333333
43.6138 	EXP 	Trial_FB: height = 0.07333333333333333
43.6138 	EXP 	Trial_FB: text = 'Trial earnings: $0'
43.6138 	EXP 	Exp_FB: height = 0.07333333333333333
43.6138 	EXP 	Exp_FB: height = 0.07333333333333333
43.6138 	EXP 	Exp_FB: height = 0.07333333333333333
43.6138 	EXP 	Exp_FB: text = 'Total earnings: $0'
43.6138 	EXP 	Trial_FB: autoDraw = True
43.6138 	EXP 	Exp_FB: autoDraw = True
44.0796 	DATA 	EmulatedKey: equal
44.1041 	EXP 	Trial_FB: autoDraw = False
44.1041 	EXP 	Exp_FB: autoDraw = False
44.1041 	EXP 	Trial_FB: autoDraw = False
44.1041 	EXP 	Exp_FB: autoDraw = False
44.1041 	EXP 	unnamed TextStim: autoDraw = True
44.6076 	EXP 	unnamed TextStim: autoDraw = False
44.6076 	EXP 	unnamed Circle: fillColor = 'Green'
44.6076 	EXP 	unnamed Circle: autoDraw = True
45.0987 	EXP 	unnamed Circle: autoDraw = False
45.0987 	EXP 	unnamed Circle: autoDraw = False
45.0987 	EXP 	unnamed TextStim: autoDraw = True
46.0796 	DATA 	EmulatedKey: equal
47.1325 	EXP 	unnamed TextStim: autoDraw = False
47.1325 	EXP 	unnamed TextStim: autoDraw = False
47.1325 	EXP 	unnamed Rect: autoDraw = True
47.5061 	DATA 	Keypress: 1
47.5274 	EXP 	unnamed Rect: autoDraw = False
47.6400 	EXP 	unnamed Rect: autoDraw = False
47.6400 	EXP 	Trial_FB: height = 0.07333333333333333
47.6400 	EXP 	Trial_FB: height = 0.07333333333333333
47.6400 	EXP 	Trial_FB: height = 0.07333333333333333
47.6400 	EXP 	Trial_FB: text = 'Trial earnings: $1'
47.6400 	EXP 	Exp_FB: height = 0.07333333333333333
47.6400 	EXP 	Exp_FB: height = 0.07333333333333333
47.6400 	EXP 	Exp_FB: height = 0.07333333333333333
47.6400 	EXP 	Exp_FB: text = 'Total earnings: $1'
47.6400 	EXP 	Trial_FB: autoDraw = True
47.6400 	EXP 	Exp_FB: autoDraw = True
48.0803 	DATA 	EmulatedKey: equal
48.1256 	EXP 	Trial_FB: autoDraw = False
48.1256 	EXP 	Exp_FB: autoDraw = False
48.1256 	EXP 	Trial_FB: autoDraw = False
48.1256 	EXP 	Exp_FB: autoDraw = False
48.1256 	EXP 	unnamed TextStim: autoDraw = True
48.6492 	EXP 	unnamed TextStim: autoDraw = False
48.6492 	EXP 	unnamed TextStim: autoDraw = False
48.6492 	EXP 	unnamed Circle: fillColor = 'Green'
48.6492 	EXP 	unnamed Circle: autoDraw = True
49.1281 	EXP 	unnamed Circle: autoDraw = False
49.1281 	EXP 	unnamed Circle: autoDraw = False
49.1281 	EXP 	unnamed TextStim: autoDraw = True
50.0796 	DATA 	EmulatedKey: equal
51.5570 	EXP 	unnamed TextStim: autoDraw = False
51.5570 	EXP 	unnamed TextStim: autoDraw = False
51.5570 	EXP 	unnamed Rect: autoDraw = True
51.8229 	DATA 	Keypress: 1
51.8869 	EXP 	unnamed Rect: autoDraw = False
52.0796 	DATA 	EmulatedKey: equal
52.0850 	EXP 	unnamed Rect: autoDraw = False
52.0850 	EXP 	Trial_FB: text = 'Trial earnings: $1'
52.0850 	EXP 	Exp_FB: height = 0.07333333333333333
52.0850 	EXP 	Exp_FB: height = 0.07333333333333333
52.0850 	EXP 	Exp_FB: height = 0.07333333333333333
52.0850 	EXP 	Exp_FB: text = 'Total earnings: $2'
52.0850 	EXP 	Trial_FB: autoDraw = True
52.0850 	EXP 	Exp_FB: autoDraw = True
52.5584 	EXP 	Trial_FB: autoDraw = False
52.5584 	EXP 	Exp_FB: autoDraw = False
52.5584 	EXP 	Trial_FB: autoDraw = False
52.5584 	EXP 	Exp_FB: autoDraw = False
52.5584 	EXP 	unnamed TextStim: autoDraw = True
53.0794 	EXP 	unnamed TextStim: autoDraw = False
53.0794 	EXP 	unnamed TextStim: autoDraw = False
53.0794 	EXP 	unnamed Circle: fillColor = 'Green'
53.0794 	EXP 	unnamed Circle: autoDraw = True
53.5797 	EXP 	unnamed Circle: autoDraw = False
53.5797 	EXP 	unnamed Circle: autoDraw = False
53.5797 	EXP 	unnamed TextStim: autoDraw = True
54.0796 	DATA 	EmulatedKey: equal
55.8607 	EXP 	unnamed TextStim: autoDraw = False
55.8607 	EXP 	unnamed TextStim: autoDraw = False
55.8607 	EXP 	unnamed Rect: autoDraw = True
56.0796 	DATA 	EmulatedKey: equal
56.1763 	DATA 	Keypress: 1
56.1992 	EXP 	unnamed Rect: autoDraw = False
56.3677 	EXP 	unnamed Rect: autoDraw = False
56.3677 	EXP 	Trial_FB: text = 'Trial earnings: $1'
56.3677 	EXP 	Exp_FB: height = 0.07333333333333333
56.3677 	EXP 	Exp_FB: height = 0.07333333333333333
56.3677 	EXP 	Exp_FB: height = 0.07333333333333333
56.3677 	EXP 	Exp_FB: text = 'Total earnings: $3'
56.3677 	EXP 	Trial_FB: autoDraw = True
56.3677 	EXP 	Exp_FB: autoDraw = True
56.8608 	EXP 	Trial_FB: autoDraw = False
56.8608 	EXP 	Exp_FB: autoDraw = False
56.8608 	EXP 	Trial_FB: autoDraw = False
56.8608 	EXP 	Exp_FB: autoDraw = False
56.8608 	EXP 	unnamed TextStim: autoDraw = True
57.3659 	EXP 	unnamed TextStim: autoDraw = False
57.3659 	EXP 	unnamed TextStim: autoDraw = False
57.3659 	EXP 	unnamed Circle: fillColor = 'Blue'
57.3659 	EXP 	unnamed Circle: autoDraw = True
57.8661 	EXP 	unnamed Circle: autoDraw = False
57.8661 	EXP 	unnamed Circle: autoDraw = False
57.8661 	EXP 	unnamed TextStim: autoDraw = True
58.0796 	DATA 	EmulatedKey: equal
60.0796 	DATA 	EmulatedKey: equal
60.1081 	EXP 	unnamed TextStim: autoDraw = False
60.1081 	EXP 	unnamed TextStim: autoDraw = False
60.1081 	EXP 	unnamed Rect: autoDraw = True
60.3915 	EXP 	unnamed Rect: autoDraw = False
60.6243 	EXP 	unnamed Rect: autoDraw = False
60.6243 	EXP 	Trial_FB: height = 0.07333333333333333
60.6243 	EXP 	Trial_FB: height = 0.07333333333333333
60.6243 	EXP 	Trial_FB: height = 0.07333333333333333
60.6243 	EXP 	Trial_FB: text = 'Trial earnings: $0'
60.6243 	EXP 	Exp_FB: text = 'Total earnings: $3'
60.6243 	EXP 	Trial_FB: autoDraw = True
60.6243 	EXP 	Exp_FB: autoDraw = True
60.8518 	DATA 	Keypress: 1
61.1181 	EXP 	Trial_FB: autoDraw = False
61.1181 	EXP 	Exp_FB: autoDraw = False
61.1181 	EXP 	Trial_FB: autoDraw = False
61.1181 	EXP 	Exp_FB: autoDraw = False
61.1181 	EXP 	unnamed TextStim: autoDraw = True
61.6058 	EXP 	unnamed TextStim: autoDraw = False
61.6058 	EXP 	unnamed TextStim: autoDraw = False
61.6058 	EXP 	unnamed Circle: fillColor = 'Green'
61.6058 	EXP 	unnamed Circle: autoDraw = True
62.0796 	DATA 	EmulatedKey: equal
62.1080 	EXP 	unnamed Circle: autoDraw = False
62.1080 	EXP 	unnamed Circle: autoDraw = False
62.1080 	EXP 	unnamed TextStim: autoDraw = True
64.0796 	DATA 	EmulatedKey: equal
64.1613 	EXP 	unnamed TextStim: autoDraw = False
64.1613 	EXP 	unnamed TextStim: autoDraw = False
64.1613 	EXP 	unnamed Rect: autoDraw = True
64.5024 	EXP 	unnamed Rect: autoDraw = False
64.6167 	DATA 	Keypress: 1
64.6703 	EXP 	unnamed Rect: autoDraw = False
64.6703 	EXP 	Trial_FB: text = 'Trial earnings: $0'
64.6703 	EXP 	Exp_FB: text = 'Total earnings: $3'
64.6703 	EXP 	Trial_FB: autoDraw = True
64.6703 	EXP 	Exp_FB: autoDraw = True
65.1591 	EXP 	Trial_FB: autoDraw = False
65.1591 	EXP 	Exp_FB: autoDraw = False
65.1591 	EXP 	Trial_FB: autoDraw = False
65.1591 	EXP 	Exp_FB: autoDraw = False
65.1591 	EXP 	unnamed TextStim: autoDraw = True
65.6840 	EXP 	unnamed TextStim: autoDraw = False
65.6840 	EXP 	unnamed TextStim: autoDraw = False
65.6840 	EXP 	unnamed Circle: fillColor = 'Green'
65.6840 	EXP 	unnamed Circle: autoDraw = True
66.0796 	DATA 	EmulatedKey: equal
66.1768 	EXP 	unnamed Circle: autoDraw = False
66.1768 	EXP 	unnamed Circle: autoDraw = False
66.1768 	EXP 	unnamed TextStim: autoDraw = True
68.0801 	DATA 	EmulatedKey: equal
68.5705 	EXP 	unnamed TextStim: autoDraw = False
68.5705 	EXP 	unnamed TextStim: autoDraw = False
68.5705 	EXP 	unnamed Rect: autoDraw = True
68.9321 	DATA 	Keypress: 1
68.9563 	EXP 	unnamed Rect: autoDraw = False
69.0857 	EXP 	unnamed Rect: autoDraw = False
69.0857 	EXP 	Trial_FB: height = 0.07333333333333333
69.0857 	EXP 	Trial_FB: height = 0.07333333333333333
69.0857 	EXP 	Trial_FB: height = 0.07333333333333333
69.0857 	EXP 	Trial_FB: text = 'Trial earnings: $1'
69.0857 	EXP 	Exp_FB: height = 0.07333333333333333
69.0857 	EXP 	Exp_FB: height = 0.07333333333333333
69.0857 	EXP 	Exp_FB: height = 0.07333333333333333
69.0857 	EXP 	Exp_FB: text = 'Total earnings: $4'
69.0857 	EXP 	Trial_FB: autoDraw = True
69.0857 	EXP 	Exp_FB: autoDraw = True
69.5637 	EXP 	Trial_FB: autoDraw = False
69.5637 	EXP 	Exp_FB: autoDraw = False
69.5637 	EXP 	Trial_FB: autoDraw = False
69.5637 	EXP 	Exp_FB: autoDraw = False
69.5637 	EXP 	unnamed TextStim: autoDraw = True
70.0796 	DATA 	EmulatedKey: equal
70.0821 	EXP 	unnamed TextStim: autoDraw = False
70.0821 	EXP 	unnamed TextStim: autoDraw = False
70.0821 	EXP 	unnamed Circle: fillColor = 'Green'
70.0821 	EXP 	unnamed Circle: autoDraw = True
70.5823 	EXP 	unnamed Circle: autoDraw = False
70.5823 	EXP 	unnamed Circle: autoDraw = False
70.5823 	EXP 	unnamed TextStim: autoDraw = True
72.0796 	DATA 	EmulatedKey: equal
72.7293 	EXP 	unnamed TextStim: autoDraw = False
72.7293 	EXP 	unnamed TextStim: autoDraw = False
72.7293 	EXP 	unnamed Rect: autoDraw = True
73.1010 	DATA 	Keypress: 1
73.1162 	EXP 	unnamed Rect: autoDraw = False
73.2352 	EXP 	unnamed Rect: autoDraw = False
73.2352 	EXP 	Trial_FB: text = 'Trial earnings: $1'
73.2352 	EXP 	Exp_FB: height = 0.07333333333333333
73.2352 	EXP 	Exp_FB: height = 0.07333333333333333
73.2352 	EXP 	Exp_FB: height = 0.07333333333333333
73.2352 	EXP 	Exp_FB: text = 'Total earnings: $5'
73.2352 	EXP 	Trial_FB: autoDraw = True
73.2352 	EXP 	Exp_FB: autoDraw = True
73.7213 	EXP 	Trial_FB: autoDraw = False
73.7213 	EXP 	Exp_FB: autoDraw = False
73.7213 	EXP 	Trial_FB: autoDraw = False
73.7213 	EXP 	Exp_FB: autoDraw = False
73.7213 	EXP 	unnamed TextStim: autoDraw = True
74.0796 	DATA 	EmulatedKey: equal
74.2352 	EXP 	unnamed TextStim: autoDraw = False
74.2352 	EXP 	unnamed TextStim: autoDraw = False
74.2352 	EXP 	unnamed Circle: fillColor = 'Blue'
74.2352 	EXP 	unnamed Circle: autoDraw = True
74.7333 	EXP 	unnamed Circle: autoDraw = False
74.7333 	EXP 	unnamed Circle: autoDraw = False
74.7333 	EXP 	unnamed TextStim: autoDraw = True
76.0796 	DATA 	EmulatedKey: equal
77.1323 	EXP 	unnamed TextStim: autoDraw = False
77.1323 	EXP 	unnamed TextStim: autoDraw = False
77.1323 	EXP 	unnamed Rect: autoDraw = True
77.3961 	DATA 	Keypress: 1
77.4754 	EXP 	unnamed Rect: autoDraw = False
77.6233 	EXP 	unnamed Rect: autoDraw = False
77.6233 	EXP 	Trial_FB: height = 0.07333333333333333
77.6233 	EXP 	Trial_FB: height = 0.07333333333333333
77.6233 	EXP 	Trial_FB: height = 0.07333333333333333
77.6233 	EXP 	Trial_FB: text = 'Trial earnings: $0'
77.6233 	EXP 	Exp_FB: text = 'Total earnings: $5'
77.6233 	EXP 	Trial_FB: autoDraw = True
77.6233 	EXP 	Exp_FB: autoDraw = True
78.0796 	DATA 	EmulatedKey: equal
78.1215 	EXP 	Trial_FB: autoDraw = False
78.1215 	EXP 	Exp_FB: autoDraw = False
78.1215 	EXP 	Trial_FB: autoDraw = False
78.1215 	EXP 	Exp_FB: autoDraw = False
78.1215 	EXP 	unnamed TextStim: autoDraw = True
78.6267 	EXP 	unnamed TextStim: autoDraw = False
78.6267 	EXP 	unnamed TextStim: autoDraw = False
78.6267 	EXP 	unnamed Circle: fillColor = 'Blue'
78.6267 	EXP 	unnamed Circle: autoDraw = True
79.1222 	EXP 	unnamed Circle: autoDraw = False
79.1222 	EXP 	unnamed Circle: autoDraw = False
79.1222 	EXP 	unnamed TextStim: autoDraw = True
80.0796 	DATA 	EmulatedKey: equal
81.5321 	EXP 	unnamed TextStim: autoDraw = False
81.5321 	EXP 	unnamed TextStim: autoDraw = False
81.5321 	EXP 	unnamed Rect: autoDraw = True
81.8130 	DATA 	Keypress: 1
81.8862 	EXP 	unnamed Rect: autoDraw = False
82.0310 	EXP 	unnamed Rect: autoDraw = False
82.0310 	EXP 	Trial_FB: text = 'Trial earnings: $0'
82.0310 	EXP 	Exp_FB: text = 'Total earnings: $5'
82.0310 	EXP 	Trial_FB: autoDraw = True
82.0310 	EXP 	Exp_FB: autoDraw = True
82.0796 	DATA 	EmulatedKey: equal
82.5318 	EXP 	Trial_FB: autoDraw = False
82.5318 	EXP 	Exp_FB: autoDraw = False
82.5318 	EXP 	unnamed TextStim: autoDraw = True
83.0585 	EXP 	unnamed TextStim: autoDraw = False
83.0585 	EXP 	unnamed TextStim: autoDraw = False
83.0585 	EXP 	unnamed Circle: fillColor = 'Green'
83.0585 	EXP 	unnamed Circle: autoDraw = True
83.5496 	EXP 	unnamed Circle: autoDraw = False
83.5496 	EXP 	unnamed Circle: autoDraw = False
83.5496 	EXP 	unnamed TextStim: autoDraw = True
84.0797 	DATA 	EmulatedKey: equal
85.6018 	EXP 	unnamed TextStim: autoDraw = False
85.6018 	EXP 	unnamed Rect: autoDraw = True
85.9092 	DATA 	Keypress: 1
85.9254 	EXP 	unnamed Rect: autoDraw = False
86.0796 	DATA 	EmulatedKey: equal
86.1119 	EXP 	unnamed Rect: autoDraw = False
86.1119 	EXP 	Trial_FB: height = 0.07333333333333333
86.1119 	EXP 	Trial_FB: height = 0.07333333333333333
86.1119 	EXP 	Trial_FB: height = 0.07333333333333333
86.1119 	EXP 	Trial_FB: text = 'Trial earnings: $1'
86.1119 	EXP 	Exp_FB: height = 0.07333333333333333
86.1119 	EXP 	Exp_FB: height = 0.07333333333333333
86.1119 	EXP 	Exp_FB: height = 0.07333333333333333
86.1119 	EXP 	Exp_FB: text = 'Total earnings: $6'
86.1119 	EXP 	Trial_FB: autoDraw = True
86.1119 	EXP 	Exp_FB: autoDraw = True
86.5963 	EXP 	Trial_FB: autoDraw = False
86.5963 	EXP 	Exp_FB: autoDraw = False
86.5963 	EXP 	Trial_FB: autoDraw = False
86.5963 	EXP 	Exp_FB: autoDraw = False
86.5963 	EXP 	unnamed TextStim: autoDraw = True
87.1015 	EXP 	unnamed TextStim: autoDraw = False
87.1015 	EXP 	unnamed TextStim: autoDraw = False
87.1015 	EXP 	unnamed Circle: fillColor = 'Green'
87.1015 	EXP 	unnamed Circle: autoDraw = True
87.6030 	EXP 	unnamed Circle: autoDraw = False
87.6030 	EXP 	unnamed Circle: autoDraw = False
87.6030 	EXP 	unnamed TextStim: autoDraw = True
88.0796 	DATA 	EmulatedKey: equal
90.0796 	DATA 	EmulatedKey: equal
90.0819 	EXP 	unnamed TextStim: autoDraw = False
90.0819 	EXP 	unnamed TextStim: autoDraw = False
90.0819 	EXP 	unnamed Rect: autoDraw = True
90.3196 	DATA 	Keypress: 1
90.4107 	EXP 	unnamed Rect: autoDraw = False
90.5908 	EXP 	unnamed Rect: autoDraw = False
90.5908 	EXP 	Trial_FB: text = 'Trial earnings: $1'
90.5908 	EXP 	Exp_FB: height = 0.07333333333333333
90.5908 	EXP 	Exp_FB: height = 0.07333333333333333
90.5908 	EXP 	Exp_FB: height = 0.07333333333333333
90.5908 	EXP 	Exp_FB: text = 'Total earnings: $7'
90.5908 	EXP 	Trial_FB: autoDraw = True
90.5908 	EXP 	Exp_FB: autoDraw = True
91.0896 	EXP 	Trial_FB: autoDraw = False
91.0896 	EXP 	Exp_FB: autoDraw = False
91.0896 	EXP 	unnamed TextStim: autoDraw = True
91.6027 	EXP 	unnamed TextStim: autoDraw = False
91.6027 	EXP 	unnamed TextStim: autoDraw = False
91.6027 	EXP 	unnamed Circle: fillColor = 'Green'
91.6027 	EXP 	unnamed Circle: autoDraw = True
92.0796 	DATA 	EmulatedKey: equal
92.1038 	EXP 	unnamed Circle: autoDraw = False
92.1038 	EXP 	unnamed TextStim: autoDraw = True
94.0796 	DATA 	EmulatedKey: equal
94.1899 	EXP 	unnamed TextStim: autoDraw = False
94.1899 	EXP 	unnamed TextStim: autoDraw = False
94.1899 	EXP 	unnamed Rect: autoDraw = True
94.4843 	EXP 	unnamed Rect: autoDraw = False
94.5697 	DATA 	Keypress: 1
94.6980 	EXP 	unnamed Rect: autoDraw = False
94.6980 	EXP 	Trial_FB: height = 0.07333333333333333
94.6980 	EXP 	Trial_FB: height = 0.07333333333333333
94.6980 	EXP 	Trial_FB: height = 0.07333333333333333
94.6980 	EXP 	Trial_FB: text = 'Trial earnings: $0'
94.6980 	EXP 	Exp_FB: text = 'Total earnings: $7'
94.6980 	EXP 	Trial_FB: autoDraw = True
94.6980 	EXP 	Exp_FB: autoDraw = True
95.1912 	EXP 	Trial_FB: autoDraw = False
95.1912 	EXP 	Exp_FB: autoDraw = False
95.1912 	EXP 	unnamed TextStim: autoDraw = True
95.6918 	EXP 	unnamed TextStim: autoDraw = False
95.6918 	EXP 	unnamed TextStim: autoDraw = False
95.6918 	EXP 	unnamed Circle: fillColor = 'Blue'
95.6918 	EXP 	unnamed Circle: autoDraw = True
96.0796 	DATA 	EmulatedKey: equal
96.1914 	EXP 	unnamed Circle: autoDraw = False
96.1914 	EXP 	unnamed Circle: autoDraw = False
96.1914 	EXP 	unnamed TextStim: autoDraw = True
98.0796 	DATA 	EmulatedKey: equal
98.3021 	EXP 	unnamed TextStim: autoDraw = False
98.3021 	EXP 	unnamed TextStim: autoDraw = False
98.3021 	EXP 	unnamed Rect: autoDraw = True
98.6273 	EXP 	unnamed Rect: autoDraw = False
98.6905 	DATA 	Keypress: 1
98.8158 	EXP 	unnamed Rect: autoDraw = False
98.8158 	EXP 	Trial_FB: text = 'Trial earnings: $0'
98.8158 	EXP 	Exp_FB: text = 'Total earnings: $7'
98.8158 	EXP 	Trial_FB: autoDraw = True
98.8158 	EXP 	Exp_FB: autoDraw = True
99.3151 	EXP 	Trial_FB: autoDraw = False
99.3151 	EXP 	Exp_FB: autoDraw = False
99.3151 	EXP 	unnamed TextStim: autoDraw = True
99.8276 	EXP 	unnamed TextStim: autoDraw = False
99.8276 	EXP 	unnamed TextStim: autoDraw = False
99.8276 	EXP 	unnamed Circle: fillColor = 'Green'
99.8276 	EXP 	unnamed Circle: autoDraw = True
100.0797 	DATA 	EmulatedKey: equal
100.3241 	EXP 	unnamed Circle: autoDraw = False
100.3241 	EXP 	unnamed Circle: autoDraw = False
100.3241 	EXP 	unnamed TextStim: autoDraw = True
102.0798 	DATA 	EmulatedKey: equal
102.6136 	EXP 	unnamed TextStim: autoDraw = False
102.6136 	EXP 	unnamed Rect: autoDraw = True
102.9731 	EXP 	unnamed Rect: autoDraw = False
103.0167 	DATA 	Keypress: 1
103.1214 	EXP 	unnamed Rect: autoDraw = False
103.1214 	EXP 	Trial_FB: text = 'Trial earnings: $0'
103.1214 	EXP 	Exp_FB: text = 'Total earnings: $7'
103.1214 	EXP 	Trial_FB: autoDraw = True
103.1214 	EXP 	Exp_FB: autoDraw = True
103.6216 	EXP 	Trial_FB: autoDraw = False
103.6216 	EXP 	Exp_FB: autoDraw = False
103.6216 	EXP 	Trial_FB: autoDraw = False
103.6216 	EXP 	Exp_FB: autoDraw = False
103.6216 	EXP 	unnamed TextStim: autoDraw = True
104.0796 	DATA 	EmulatedKey: equal
104.1074 	EXP 	unnamed TextStim: autoDraw = False
104.1074 	EXP 	unnamed TextStim: autoDraw = False
104.1074 	EXP 	unnamed Circle: fillColor = 'Green'
104.1074 	EXP 	unnamed Circle: autoDraw = True
104.6024 	EXP 	unnamed Circle: autoDraw = False
104.6024 	EXP 	unnamed Circle: autoDraw = False
104.6024 	EXP 	unnamed TextStim: autoDraw = True
106.0796 	DATA 	EmulatedKey: equal
106.9396 	EXP 	unnamed TextStim: autoDraw = False
106.9396 	EXP 	unnamed TextStim: autoDraw = False
106.9396 	EXP 	unnamed Rect: autoDraw = True
107.2952 	DATA 	Keypress: 1
107.3341 	EXP 	unnamed Rect: autoDraw = False
107.4485 	EXP 	unnamed Rect: autoDraw = False
107.4485 	EXP 	Trial_FB: height = 0.07333333333333333
107.4485 	EXP 	Trial_FB: height = 0.07333333333333333
107.4485 	EXP 	Trial_FB: height = 0.07333333333333333
107.4485 	EXP 	Trial_FB: text = 'Trial earnings: $1'
107.4485 	EXP 	Exp_FB: height = 0.07333333333333333
107.4485 	EXP 	Exp_FB: height = 0.07333333333333333
107.4485 	EXP 	Exp_FB: height = 0.07333333333333333
107.4485 	EXP 	Exp_FB: text = 'Total earnings: $8'
107.4485 	EXP 	Trial_FB: autoDraw = True
107.4485 	EXP 	Exp_FB: autoDraw = True
107.9365 	EXP 	Trial_FB: autoDraw = False
107.9365 	EXP 	Exp_FB: autoDraw = False
107.9365 	EXP 	Trial_FB: autoDraw = False
107.9365 	EXP 	Exp_FB: autoDraw = False
107.9365 	EXP 	unnamed TextStim: autoDraw = True
108.0796 	DATA 	EmulatedKey: equal
108.4655 	EXP 	unnamed TextStim: autoDraw = False
108.4655 	EXP 	unnamed TextStim: autoDraw = False
108.4655 	EXP 	unnamed Circle: fillColor = 'Green'
108.4655 	EXP 	unnamed Circle: autoDraw = True
108.9557 	EXP 	unnamed Circle: autoDraw = False
108.9557 	EXP 	unnamed Circle: autoDraw = False
108.9557 	EXP 	unnamed TextStim: autoDraw = True
110.0796 	DATA 	EmulatedKey: equal
111.0771 	EXP 	unnamed TextStim: autoDraw = False
111.0771 	EXP 	unnamed TextStim: autoDraw = False
111.0771 	EXP 	unnamed Rect: autoDraw = True
111.3704 	DATA 	Keypress: 1
111.4611 	EXP 	unnamed Rect: autoDraw = False
111.5876 	EXP 	unnamed Rect: autoDraw = False
111.5876 	EXP 	Trial_FB: text = 'Trial earnings: $1'
111.5876 	EXP 	Exp_FB: height = 0.07333333333333333
111.5876 	EXP 	Exp_FB: height = 0.07333333333333333
111.5876 	EXP 	Exp_FB: height = 0.07333333333333333
111.5876 	EXP 	Exp_FB: text = 'Total earnings: $9'
111.5876 	EXP 	Trial_FB: autoDraw = True
111.5876 	EXP 	Exp_FB: autoDraw = True
112.0796 	DATA 	EmulatedKey: equal
112.0825 	EXP 	Trial_FB: autoDraw = False
112.0825 	EXP 	Exp_FB: autoDraw = False
112.0825 	EXP 	unnamed TextStim: autoDraw = True
112.5912 	EXP 	unnamed TextStim: autoDraw = False
112.5912 	EXP 	unnamed TextStim: autoDraw = False
112.5912 	EXP 	unnamed Circle: fillColor = 'Green'
112.5912 	EXP 	unnamed Circle: autoDraw = True
113.0891 	EXP 	unnamed Circle: autoDraw = False
113.0891 	EXP 	unnamed Circle: autoDraw = False
113.0891 	EXP 	unnamed TextStim: autoDraw = True
114.0796 	DATA 	EmulatedKey: equal
115.5329 	EXP 	unnamed TextStim: autoDraw = False
115.5329 	EXP 	unnamed Rect: autoDraw = True
115.8139 	DATA 	Keypress: 1
115.8998 	EXP 	unnamed Rect: autoDraw = False
116.0399 	EXP 	unnamed Rect: autoDraw = False
116.0399 	EXP 	Trial_FB: text = 'Trial earnings: $1'
116.0399 	EXP 	Exp_FB: height = 0.07333333333333333
116.0399 	EXP 	Exp_FB: height = 0.07333333333333333
116.0399 	EXP 	Exp_FB: height = 0.07333333333333333
116.0399 	EXP 	Exp_FB: text = 'Total earnings: $10'
116.0399 	EXP 	Trial_FB: autoDraw = True
116.0399 	EXP 	Exp_FB: autoDraw = True
116.0797 	DATA 	EmulatedKey: equal
116.5220 	EXP 	Trial_FB: autoDraw = False
116.5220 	EXP 	Exp_FB: autoDraw = False
116.5220 	EXP 	Trial_FB: autoDraw = False
116.5220 	EXP 	Exp_FB: autoDraw = False
116.5220 	EXP 	unnamed TextStim: autoDraw = True
117.0349 	EXP 	unnamed TextStim: autoDraw = False
117.0349 	EXP 	unnamed TextStim: autoDraw = False
117.0349 	EXP 	unnamed Circle: fillColor = 'Green'
117.0349 	EXP 	unnamed Circle: autoDraw = True
117.5355 	EXP 	unnamed Circle: autoDraw = False
117.5355 	EXP 	unnamed Circle: autoDraw = False
117.5355 	EXP 	unnamed TextStim: autoDraw = True
118.0796 	DATA 	EmulatedKey: equal
120.0261 	EXP 	unnamed TextStim: autoDraw = False
120.0261 	EXP 	unnamed TextStim: autoDraw = False
120.0261 	EXP 	unnamed Rect: autoDraw = True
120.0796 	DATA 	EmulatedKey: equal
120.3193 	DATA 	Keypress: 1
120.3941 	EXP 	unnamed Rect: autoDraw = False
120.5299 	EXP 	unnamed Rect: autoDraw = False
120.5299 	EXP 	Trial_FB: text = 'Trial earnings: $1'
120.5299 	EXP 	Exp_FB: height = 0.07333333333333333
120.5299 	EXP 	Exp_FB: height = 0.07333333333333333
120.5299 	EXP 	Exp_FB: height = 0.07333333333333333
120.5299 	EXP 	Exp_FB: text = 'Total earnings: $11'
120.5299 	EXP 	Trial_FB: autoDraw = True
120.5299 	EXP 	Exp_FB: autoDraw = True
121.0294 	EXP 	Trial_FB: autoDraw = False
121.0294 	EXP 	Exp_FB: autoDraw = False
121.0294 	EXP 	Trial_FB: autoDraw = False
121.0294 	EXP 	Exp_FB: autoDraw = False
121.0294 	EXP 	unnamed TextStim: autoDraw = True
121.5182 	EXP 	unnamed TextStim: autoDraw = False
121.5182 	EXP 	unnamed TextStim: autoDraw = False
121.5182 	EXP 	unnamed Circle: fillColor = 'Green'
121.5182 	EXP 	unnamed Circle: autoDraw = True
122.0125 	EXP 	unnamed Circle: autoDraw = False
122.0125 	EXP 	unnamed Circle: autoDraw = False
122.0125 	EXP 	unnamed TextStim: autoDraw = True
122.0796 	DATA 	EmulatedKey: equal
124.0796 	DATA 	EmulatedKey: equal
124.1217 	EXP 	unnamed TextStim: autoDraw = False
124.1217 	EXP 	unnamed TextStim: autoDraw = False
124.1217 	EXP 	unnamed Rect: autoDraw = True
124.4547 	DATA 	Keypress: 1
124.4791 	EXP 	unnamed Rect: autoDraw = False
124.6274 	EXP 	unnamed Rect: autoDraw = False
124.6274 	EXP 	Trial_FB: text = 'Trial earnings: $1'
124.6274 	EXP 	Exp_FB: height = 0.07333333333333333
124.6274 	EXP 	Exp_FB: height = 0.07333333333333333
124.6274 	EXP 	Exp_FB: height = 0.07333333333333333
124.6274 	EXP 	Exp_FB: text = 'Total earnings: $12'
124.6274 	EXP 	Trial_FB: autoDraw = True
124.6274 	EXP 	Exp_FB: autoDraw = True
125.1213 	EXP 	Trial_FB: autoDraw = False
125.1213 	EXP 	Exp_FB: autoDraw = False
125.1213 	EXP 	Trial_FB: autoDraw = False
125.1213 	EXP 	Exp_FB: autoDraw = False
125.1213 	EXP 	unnamed TextStim: autoDraw = True
125.6396 	EXP 	unnamed TextStim: autoDraw = False
125.6396 	EXP 	unnamed TextStim: autoDraw = False
125.6396 	EXP 	unnamed Circle: fillColor = 'Blue'
125.6396 	EXP 	unnamed Circle: autoDraw = True
126.0796 	DATA 	EmulatedKey: equal
126.1384 	EXP 	unnamed Circle: autoDraw = False
126.1384 	EXP 	unnamed Circle: autoDraw = False
126.1384 	EXP 	unnamed TextStim: autoDraw = True
128.0796 	DATA 	EmulatedKey: equal
128.4564 	EXP 	unnamed TextStim: autoDraw = False
128.4564 	EXP 	unnamed TextStim: autoDraw = False
128.4564 	EXP 	unnamed Rect: autoDraw = True
128.7601 	DATA 	Keypress: 1
128.8021 	EXP 	unnamed Rect: autoDraw = False
128.9478 	EXP 	unnamed Rect: autoDraw = False
128.9478 	EXP 	Trial_FB: height = 0.07333333333333333
128.9478 	EXP 	Trial_FB: height = 0.07333333333333333
128.9478 	EXP 	Trial_FB: height = 0.07333333333333333
128.9478 	EXP 	Trial_FB: text = 'Trial earnings: $0'
128.9478 	EXP 	Exp_FB: text = 'Total earnings: $12'
128.9478 	EXP 	Trial_FB: autoDraw = True
128.9478 	EXP 	Exp_FB: autoDraw = True
129.4376 	EXP 	Trial_FB: autoDraw = False
129.4376 	EXP 	Exp_FB: autoDraw = False
129.4376 	EXP 	Trial_FB: autoDraw = False
129.4376 	EXP 	Exp_FB: autoDraw = False
129.4376 	EXP 	unnamed TextStim: autoDraw = True
129.9493 	EXP 	unnamed TextStim: autoDraw = False
129.9493 	EXP 	unnamed TextStim: autoDraw = False
129.9493 	EXP 	unnamed Circle: fillColor = 'Green'
129.9493 	EXP 	unnamed Circle: autoDraw = True
130.0796 	DATA 	EmulatedKey: equal
130.4434 	EXP 	unnamed Circle: autoDraw = False
130.4434 	EXP 	unnamed Circle: autoDraw = False
130.4434 	EXP 	unnamed TextStim: autoDraw = True
132.0796 	DATA 	EmulatedKey: equal
132.4707 	EXP 	unnamed TextStim: autoDraw = False
132.4707 	EXP 	unnamed TextStim: autoDraw = False
132.4707 	EXP 	unnamed Rect: autoDraw = True
132.7408 	DATA 	Keypress: 1
132.8008 	EXP 	unnamed Rect: autoDraw = False
132.9828 	EXP 	unnamed Rect: autoDraw = False
132.9828 	EXP 	Trial_FB: height = 0.07333333333333333
132.9828 	EXP 	Trial_FB: height = 0.07333333333333333
132.9828 	EXP 	Trial_FB: height = 0.07333333333333333
132.9828 	EXP 	Trial_FB: text = 'Trial earnings: $1'
132.9828 	EXP 	Exp_FB: height = 0.07333333333333333
132.9828 	EXP 	Exp_FB: height = 0.07333333333333333
132.9828 	EXP 	Exp_FB: height = 0.07333333333333333
132.9828 	EXP 	Exp_FB: text = 'Total earnings: $13'
132.9828 	EXP 	Trial_FB: autoDraw = True
132.9828 	EXP 	Exp_FB: autoDraw = True
133.4659 	EXP 	Trial_FB: autoDraw = False
133.4659 	EXP 	Exp_FB: autoDraw = False
133.4659 	EXP 	Trial_FB: autoDraw = False
133.4659 	EXP 	Exp_FB: autoDraw = False
133.4659 	EXP 	unnamed TextStim: autoDraw = True
133.9838 	EXP 	unnamed TextStim: autoDraw = False
133.9838 	EXP 	unnamed TextStim: autoDraw = False
133.9838 	EXP 	unnamed Circle: fillColor = 'Green'
133.9838 	EXP 	unnamed Circle: autoDraw = True
134.0796 	DATA 	EmulatedKey: equal
134.4765 	EXP 	unnamed Circle: autoDraw = False
134.4765 	EXP 	unnamed Circle: autoDraw = False
134.4765 	EXP 	unnamed TextStim: autoDraw = True
136.0796 	DATA 	EmulatedKey: equal
136.4891 	EXP 	unnamed TextStim: autoDraw = False
136.4891 	EXP 	unnamed TextStim: autoDraw = False
136.4891 	EXP 	unnamed Rect: autoDraw = True
136.8188 	EXP 	unnamed Rect: autoDraw = False
136.8589 	DATA 	Keypress: 1
136.9893 	EXP 	unnamed Rect: autoDraw = False
136.9893 	EXP 	Trial_FB: height = 0.07333333333333333
136.9893 	EXP 	Trial_FB: height = 0.07333333333333333
136.9893 	EXP 	Trial_FB: height = 0.07333333333333333
136.9893 	EXP 	Trial_FB: text = 'Trial earnings: $0'
136.9893 	EXP 	Exp_FB: text = 'Total earnings: $13'
136.9893 	EXP 	Trial_FB: autoDraw = True
136.9893 	EXP 	Exp_FB: autoDraw = True
137.4895 	EXP 	Trial_FB: autoDraw = False
137.4895 	EXP 	Exp_FB: autoDraw = False
137.4895 	EXP 	unnamed TextStim: autoDraw = True
137.9994 	EXP 	unnamed TextStim: autoDraw = False
137.9994 	EXP 	unnamed TextStim: autoDraw = False
137.9994 	EXP 	unnamed Circle: fillColor = 'Green'
137.9994 	EXP 	unnamed Circle: autoDraw = True
138.0796 	DATA 	EmulatedKey: equal
138.5040 	EXP 	unnamed Circle: autoDraw = False
138.5040 	EXP 	unnamed TextStim: autoDraw = True
140.0796 	DATA 	EmulatedKey: equal
140.5983 	EXP 	unnamed TextStim: autoDraw = False
140.5983 	EXP 	unnamed TextStim: autoDraw = False
140.5983 	EXP 	unnamed Rect: autoDraw = True
140.8700 	DATA 	Keypress: 1
140.9481 	EXP 	unnamed Rect: autoDraw = False
141.1028 	EXP 	unnamed Rect: autoDraw = False
141.1028 	EXP 	Trial_FB: height = 0.07333333333333333
141.1028 	EXP 	Trial_FB: height = 0.07333333333333333
141.1028 	EXP 	Trial_FB: height = 0.07333333333333333
141.1028 	EXP 	Trial_FB: text = 'Trial earnings: $1'
141.1028 	EXP 	Exp_FB: height = 0.07333333333333333
141.1028 	EXP 	Exp_FB: height = 0.07333333333333333
141.1028 	EXP 	Exp_FB: height = 0.07333333333333333
141.1028 	EXP 	Exp_FB: text = 'Total earnings: $14'
141.1028 	EXP 	Trial_FB: autoDraw = True
141.1028 	EXP 	Exp_FB: autoDraw = True
141.6003 	EXP 	Trial_FB: autoDraw = False
141.6003 	EXP 	Exp_FB: autoDraw = False
141.6003 	EXP 	Trial_FB: autoDraw = False
141.6003 	EXP 	Exp_FB: autoDraw = False
141.6003 	EXP 	unnamed TextStim: autoDraw = True
142.0796 	DATA 	EmulatedKey: equal
142.1045 	EXP 	unnamed TextStim: autoDraw = False
142.1045 	EXP 	unnamed TextStim: autoDraw = False
142.1045 	EXP 	unnamed Circle: fillColor = 'Green'
142.1045 	EXP 	unnamed Circle: autoDraw = True
142.6095 	EXP 	unnamed Circle: autoDraw = False
142.6095 	EXP 	unnamed TextStim: autoDraw = True
144.0796 	DATA 	EmulatedKey: equal
145.0894 	EXP 	unnamed TextStim: autoDraw = False
145.0894 	EXP 	unnamed TextStim: autoDraw = False
145.0894 	EXP 	unnamed Rect: autoDraw = True
145.3704 	DATA 	Keypress: 1
145.4374 	EXP 	unnamed Rect: autoDraw = False
145.6019 	EXP 	unnamed Rect: autoDraw = False
145.6019 	EXP 	Trial_FB: text = 'Trial earnings: $1'
145.6019 	EXP 	Exp_FB: height = 0.07333333333333333
145.6019 	EXP 	Exp_FB: height = 0.07333333333333333
145.6019 	EXP 	Exp_FB: height = 0.07333333333333333
145.6019 	EXP 	Exp_FB: text = 'Total earnings: $15'
145.6019 	EXP 	Trial_FB: autoDraw = True
145.6019 	EXP 	Exp_FB: autoDraw = True
146.0796 	DATA 	EmulatedKey: equal
146.0876 	EXP 	Trial_FB: autoDraw = False
146.0876 	EXP 	Exp_FB: autoDraw = False
146.0876 	EXP 	Trial_FB: autoDraw = False
146.0876 	EXP 	Exp_FB: autoDraw = False
146.0876 	EXP 	unnamed TextStim: autoDraw = True
146.5828 	EXP 	unnamed TextStim: autoDraw = False
146.5828 	EXP 	unnamed TextStim: autoDraw = False
146.5828 	EXP 	unnamed Circle: fillColor = 'Green'
146.5828 	EXP 	unnamed Circle: autoDraw = True
147.0849 	EXP 	unnamed Circle: autoDraw = False
147.0849 	EXP 	unnamed TextStim: autoDraw = True
148.0796 	DATA 	EmulatedKey: equal
149.3348 	EXP 	unnamed TextStim: autoDraw = False
149.3348 	EXP 	unnamed TextStim: autoDraw = False
149.3348 	EXP 	unnamed Rect: autoDraw = True
149.6754 	DATA 	Keypress: 1
149.6800 	EXP 	unnamed Rect: autoDraw = False
149.8447 	EXP 	unnamed Rect: autoDraw = False
149.8447 	EXP 	Trial_FB: text = 'Trial earnings: $1'
149.8447 	EXP 	Exp_FB: height = 0.07333333333333333
149.8447 	EXP 	Exp_FB: height = 0.07333333333333333
149.8447 	EXP 	Exp_FB: height = 0.07333333333333333
149.8447 	EXP 	Exp_FB: text = 'Total earnings: $16'
149.8447 	EXP 	Trial_FB: autoDraw = True
149.8447 	EXP 	Exp_FB: autoDraw = True
150.0796 	DATA 	EmulatedKey: equal
150.3386 	EXP 	Trial_FB: autoDraw = False
150.3386 	EXP 	Exp_FB: autoDraw = False
150.3386 	EXP 	unnamed TextStim: autoDraw = True
150.8354 	EXP 	unnamed TextStim: autoDraw = False
150.8354 	EXP 	unnamed TextStim: autoDraw = False
150.8354 	EXP 	unnamed Circle: fillColor = 'Blue'
150.8354 	EXP 	unnamed Circle: autoDraw = True
151.3251 	EXP 	unnamed Circle: autoDraw = False
151.3251 	EXP 	unnamed Circle: autoDraw = False
151.3251 	EXP 	unnamed TextStim: autoDraw = True
152.0796 	DATA 	EmulatedKey: equal
153.4178 	EXP 	unnamed TextStim: autoDraw = False
153.4178 	EXP 	unnamed TextStim: autoDraw = False
153.4178 	EXP 	unnamed Rect: autoDraw = True
153.6880 	DATA 	Keypress: 1
153.7486 	EXP 	unnamed Rect: autoDraw = False
153.9359 	EXP 	unnamed Rect: autoDraw = False
153.9359 	EXP 	Trial_FB: height = 0.07333333333333333
153.9359 	EXP 	Trial_FB: height = 0.07333333333333333
153.9359 	EXP 	Trial_FB: height = 0.07333333333333333
153.9359 	EXP 	Trial_FB: text = 'Trial earnings: $0'
153.9359 	EXP 	Exp_FB: text = 'Total earnings: $16'
153.9359 	EXP 	Trial_FB: autoDraw = True
153.9359 	EXP 	Exp_FB: autoDraw = True
154.0796 	DATA 	EmulatedKey: equal
154.4325 	EXP 	Trial_FB: autoDraw = False
154.4325 	EXP 	Exp_FB: autoDraw = False
154.4325 	EXP 	Trial_FB: autoDraw = False
154.4325 	EXP 	Exp_FB: autoDraw = False
154.4325 	EXP 	unnamed TextStim: autoDraw = True
154.9319 	EXP 	unnamed TextStim: autoDraw = False
154.9319 	EXP 	unnamed TextStim: autoDraw = False
154.9319 	EXP 	unnamed Circle: fillColor = 'Blue'
154.9319 	EXP 	unnamed Circle: autoDraw = True
155.4403 	EXP 	unnamed Circle: autoDraw = False
155.4403 	EXP 	unnamed TextStim: autoDraw = True
156.0797 	DATA 	EmulatedKey: equal
157.7709 	EXP 	unnamed TextStim: autoDraw = False
157.7709 	EXP 	unnamed TextStim: autoDraw = False
157.7709 	EXP 	unnamed Rect: autoDraw = True
158.0796 	DATA 	EmulatedKey: equal
158.0809 	DATA 	Keypress: 1
158.0862 	EXP 	unnamed Rect: autoDraw = False
158.2840 	EXP 	unnamed Rect: autoDraw = False
158.2840 	EXP 	Trial_FB: text = 'Trial earnings: $0'
158.2840 	EXP 	Exp_FB: text = 'Total earnings: $16'
158.2840 	EXP 	Trial_FB: autoDraw = True
158.2840 	EXP 	Exp_FB: autoDraw = True
158.7721 	EXP 	Trial_FB: autoDraw = False
158.7721 	EXP 	Exp_FB: autoDraw = False
158.7721 	EXP 	unnamed TextStim: autoDraw = True
159.2653 	EXP 	unnamed TextStim: autoDraw = False
159.2653 	EXP 	unnamed TextStim: autoDraw = False
159.2653 	EXP 	unnamed Circle: fillColor = 'Blue'
159.2653 	EXP 	unnamed Circle: autoDraw = True
159.7536 	EXP 	unnamed Circle: autoDraw = False
159.7536 	EXP 	unnamed Circle: autoDraw = False
159.7536 	EXP 	unnamed TextStim: autoDraw = True
160.0796 	DATA 	EmulatedKey: equal
161.8402 	EXP 	unnamed TextStim: autoDraw = False
161.8402 	EXP 	unnamed Rect: autoDraw = True
162.0796 	DATA 	EmulatedKey: equal
162.1225 	DATA 	Keypress: 1
162.1604 	EXP 	unnamed Rect: autoDraw = False
162.3406 	EXP 	unnamed Rect: autoDraw = False
162.3406 	EXP 	Trial_FB: text = 'Trial earnings: $0'
162.3406 	EXP 	Exp_FB: text = 'Total earnings: $16'
162.3406 	EXP 	Trial_FB: autoDraw = True
162.3406 	EXP 	Exp_FB: autoDraw = True
162.8367 	EXP 	Trial_FB: autoDraw = False
162.8367 	EXP 	Exp_FB: autoDraw = False
162.8367 	EXP 	Trial_FB: autoDraw = False
162.8367 	EXP 	Exp_FB: autoDraw = False
162.8367 	EXP 	unnamed TextStim: autoDraw = True
163.3575 	EXP 	unnamed TextStim: autoDraw = False
163.3575 	EXP 	unnamed TextStim: autoDraw = False
163.3575 	EXP 	unnamed Circle: fillColor = 'Blue'
163.3575 	EXP 	unnamed Circle: autoDraw = True
163.8422 	EXP 	unnamed Circle: autoDraw = False
163.8422 	EXP 	unnamed Circle: autoDraw = False
163.8422 	EXP 	unnamed TextStim: autoDraw = True
164.0796 	DATA 	EmulatedKey: equal
166.0796 	DATA 	EmulatedKey: equal
166.2835 	EXP 	unnamed TextStim: autoDraw = False
166.2835 	EXP 	unnamed TextStim: autoDraw = False
166.2835 	EXP 	unnamed Rect: autoDraw = True
166.5375 	DATA 	Keypress: 1
166.5835 	EXP 	unnamed Rect: autoDraw = False
166.7957 	EXP 	unnamed Rect: autoDraw = False
166.7957 	EXP 	Trial_FB: text = 'Trial earnings: $0'
166.7957 	EXP 	Exp_FB: text = 'Total earnings: $16'
166.7957 	EXP 	Trial_FB: autoDraw = True
166.7957 	EXP 	Exp_FB: autoDraw = True
167.2932 	EXP 	Trial_FB: autoDraw = False
167.2932 	EXP 	Exp_FB: autoDraw = False
167.2932 	EXP 	Trial_FB: autoDraw = False
167.2932 	EXP 	Exp_FB: autoDraw = False
167.2932 	EXP 	unnamed TextStim: autoDraw = True
167.7870 	EXP 	unnamed TextStim: autoDraw = False
167.7870 	EXP 	unnamed TextStim: autoDraw = False
167.7870 	EXP 	unnamed Circle: fillColor = 'Green'
167.7870 	EXP 	unnamed Circle: autoDraw = True
168.0796 	DATA 	EmulatedKey: equal
168.2756 	EXP 	unnamed Circle: autoDraw = False
168.2756 	EXP 	unnamed Circle: autoDraw = False
168.2756 	EXP 	unnamed TextStim: autoDraw = True
170.0796 	DATA 	EmulatedKey: equal
170.5492 	EXP 	unnamed TextStim: autoDraw = False
170.5492 	EXP 	unnamed TextStim: autoDraw = False
170.5492 	EXP 	unnamed Rect: autoDraw = True
170.7961 	DATA 	Keypress: 1
170.8606 	EXP 	unnamed Rect: autoDraw = False
171.0571 	EXP 	unnamed Rect: autoDraw = False
171.0571 	EXP 	Trial_FB: height = 0.07333333333333333
171.0571 	EXP 	Trial_FB: height = 0.07333333333333333
171.0571 	EXP 	Trial_FB: height = 0.07333333333333333
171.0571 	EXP 	Trial_FB: text = 'Trial earnings: $1'
171.0571 	EXP 	Exp_FB: height = 0.07333333333333333
171.0571 	EXP 	Exp_FB: height = 0.07333333333333333
171.0571 	EXP 	Exp_FB: height = 0.07333333333333333
171.0571 	EXP 	Exp_FB: text = 'Total earnings: $17'
171.0571 	EXP 	Trial_FB: autoDraw = True
171.0571 	EXP 	Exp_FB: autoDraw = True
171.5454 	EXP 	Trial_FB: autoDraw = False
171.5454 	EXP 	Exp_FB: autoDraw = False
171.5454 	EXP 	Trial_FB: autoDraw = False
171.5454 	EXP 	Exp_FB: autoDraw = False
171.5454 	EXP 	unnamed TextStim: autoDraw = True
172.0796 	DATA 	EmulatedKey: equal
172.0820 	EXP 	unnamed TextStim: autoDraw = False
172.0820 	EXP 	unnamed Circle: fillColor = 'Green'
172.0820 	EXP 	unnamed Circle: autoDraw = True
172.5787 	EXP 	unnamed Circle: autoDraw = False
172.5787 	EXP 	unnamed Circle: autoDraw = False
172.5787 	EXP 	unnamed TextStim: autoDraw = True
174.0796 	DATA 	EmulatedKey: equal
175.0415 	EXP 	unnamed TextStim: autoDraw = False
175.0415 	EXP 	unnamed Rect: autoDraw = True
175.3288 	EXP 	unnamed Rect: autoDraw = False
175.4140 	DATA 	Keypress: 1
175.5452 	EXP 	unnamed Rect: autoDraw = False
175.5452 	EXP 	Trial_FB: height = 0.07333333333333333
175.5452 	EXP 	Trial_FB: height = 0.07333333333333333
175.5452 	EXP 	Trial_FB: height = 0.07333333333333333
175.5452 	EXP 	Trial_FB: text = 'Trial earnings: $0'
175.5452 	EXP 	Exp_FB: text = 'Total earnings: $17'
175.5452 	EXP 	Trial_FB: autoDraw = True
175.5452 	EXP 	Exp_FB: autoDraw = True
176.0516 	EXP 	Trial_FB: autoDraw = False
176.0516 	EXP 	Exp_FB: autoDraw = False
176.0516 	EXP 	Trial_FB: autoDraw = False
176.0516 	EXP 	Exp_FB: autoDraw = False
176.0516 	EXP 	unnamed TextStim: autoDraw = True
176.0796 	DATA 	EmulatedKey: equal
176.5360 	EXP 	unnamed TextStim: autoDraw = False
176.5360 	EXP 	unnamed TextStim: autoDraw = False
176.5360 	EXP 	unnamed Circle: fillColor = 'Blue'
176.5360 	EXP 	unnamed Circle: autoDraw = True
177.0359 	EXP 	unnamed Circle: autoDraw = False
177.0359 	EXP 	unnamed Circle: autoDraw = False
177.0359 	EXP 	unnamed TextStim: autoDraw = True
178.0796 	DATA 	EmulatedKey: equal
179.2679 	EXP 	unnamed TextStim: autoDraw = False
179.2679 	EXP 	unnamed TextStim: autoDraw = False
179.2679 	EXP 	unnamed Rect: autoDraw = True
179.5176 	DATA 	Keypress: 1
179.5711 	EXP 	unnamed Rect: autoDraw = False
179.7735 	EXP 	unnamed Rect: autoDraw = False
179.7735 	EXP 	Trial_FB: text = 'Trial earnings: $0'
179.7735 	EXP 	Exp_FB: text = 'Total earnings: $17'
179.7735 	EXP 	Trial_FB: autoDraw = True
179.7735 	EXP 	Exp_FB: autoDraw = True
180.0796 	DATA 	EmulatedKey: equal
180.2707 	EXP 	Trial_FB: autoDraw = False
180.2707 	EXP 	Exp_FB: autoDraw = False
180.2707 	EXP 	Trial_FB: autoDraw = False
180.2707 	EXP 	Exp_FB: autoDraw = False
180.2707 	EXP 	unnamed TextStim: autoDraw = True
180.7611 	EXP 	unnamed TextStim: autoDraw = False
180.7611 	EXP 	unnamed TextStim: autoDraw = False
180.7611 	EXP 	unnamed Circle: fillColor = 'Green'
180.7611 	EXP 	unnamed Circle: autoDraw = True
181.2487 	EXP 	unnamed Circle: autoDraw = False
181.2487 	EXP 	unnamed Circle: autoDraw = False
181.2487 	EXP 	unnamed TextStim: autoDraw = True
182.0796 	DATA 	EmulatedKey: equal
183.5868 	EXP 	unnamed TextStim: autoDraw = False
183.5868 	EXP 	unnamed TextStim: autoDraw = False
183.5868 	EXP 	unnamed Rect: autoDraw = True
183.8398 	DATA 	Keypress: 1
183.8953 	EXP 	unnamed Rect: autoDraw = False
184.0796 	DATA 	EmulatedKey: equal
184.0913 	EXP 	unnamed Rect: autoDraw = False
184.0913 	EXP 	Trial_FB: height = 0.07333333333333333
184.0913 	EXP 	Trial_FB: height = 0.07333333333333333
184.0913 	EXP 	Trial_FB: height = 0.07333333333333333
184.0913 	EXP 	Trial_FB: text = 'Trial earnings: $1'
184.0913 	EXP 	Exp_FB: height = 0.07333333333333333
184.0913 	EXP 	Exp_FB: height = 0.07333333333333333
184.0913 	EXP 	Exp_FB: height = 0.07333333333333333
184.0913 	EXP 	Exp_FB: text = 'Total earnings: $18'
184.0913 	EXP 	Trial_FB: autoDraw = True
184.0913 	EXP 	Exp_FB: autoDraw = True
184.5817 	EXP 	Trial_FB: autoDraw = False
184.5817 	EXP 	Exp_FB: autoDraw = False
184.5817 	EXP 	Trial_FB: autoDraw = False
184.5817 	EXP 	Exp_FB: autoDraw = False
184.5817 	EXP 	unnamed TextStim: autoDraw = True
185.1090 	EXP 	unnamed TextStim: autoDraw = False
185.1090 	EXP 	unnamed TextStim: autoDraw = False
185.1090 	EXP 	unnamed Circle: fillColor = 'Green'
185.1090 	EXP 	unnamed Circle: autoDraw = True
185.5985 	EXP 	unnamed Circle: autoDraw = False
185.5985 	EXP 	unnamed Circle: autoDraw = False
185.5985 	EXP 	unnamed TextStim: autoDraw = True
186.0796 	DATA 	EmulatedKey: equal
187.9648 	EXP 	unnamed TextStim: autoDraw = False
187.9648 	EXP 	unnamed TextStim: autoDraw = False
187.9648 	EXP 	unnamed Rect: autoDraw = True
188.0796 	DATA 	EmulatedKey: equal
188.2484 	DATA 	Keypress: 1
188.2513 	EXP 	unnamed Rect: autoDraw = False
188.4825 	EXP 	unnamed Rect: autoDraw = False
188.4825 	EXP 	Trial_FB: text = 'Trial earnings: $1'
188.4825 	EXP 	Exp_FB: height = 0.07333333333333333
188.4825 	EXP 	Exp_FB: height = 0.07333333333333333
188.4825 	EXP 	Exp_FB: height = 0.07333333333333333
188.4825 	EXP 	Exp_FB: text = 'Total earnings: $19'
188.4825 	EXP 	Trial_FB: autoDraw = True
188.4825 	EXP 	Exp_FB: autoDraw = True
188.9677 	EXP 	Trial_FB: autoDraw = False
188.9677 	EXP 	Exp_FB: autoDraw = False
188.9677 	EXP 	Trial_FB: autoDraw = False
188.9677 	EXP 	Exp_FB: autoDraw = False
188.9677 	EXP 	unnamed TextStim: autoDraw = True
189.4930 	EXP 	unnamed TextStim: autoDraw = False
189.4930 	EXP 	unnamed Circle: fillColor = 'Blue'
189.4930 	EXP 	unnamed Circle: autoDraw = True
189.9963 	EXP 	unnamed Circle: autoDraw = False
189.9963 	EXP 	unnamed Circle: autoDraw = False
189.9963 	EXP 	unnamed TextStim: autoDraw = True
190.0796 	DATA 	EmulatedKey: equal
192.0650 	EXP 	unnamed TextStim: autoDraw = False
192.0650 	EXP 	unnamed TextStim: autoDraw = False
192.0650 	EXP 	unnamed Rect: autoDraw = True
192.0796 	DATA 	EmulatedKey: equal
192.3271 	EXP 	unnamed Rect: autoDraw = False
192.3975 	DATA 	Keypress: 1
192.5438 	EXP 	unnamed Rect: autoDraw = False
192.5438 	EXP 	Trial_FB: height = 0.07333333333333333
192.5438 	EXP 	Trial_FB: height = 0.07333333333333333
192.5438 	EXP 	Trial_FB: height = 0.07333333333333333
192.5438 	EXP 	Trial_FB: text = 'Trial earnings: $0'
192.5438 	EXP 	Exp_FB: text = 'Total earnings: $19'
192.5438 	EXP 	Trial_FB: autoDraw = True
192.5438 	EXP 	Exp_FB: autoDraw = True
193.0379 	EXP 	Trial_FB: autoDraw = False
193.0379 	EXP 	Exp_FB: autoDraw = False
193.0379 	EXP 	Trial_FB: autoDraw = False
193.0379 	EXP 	Exp_FB: autoDraw = False
193.0379 	EXP 	unnamed TextStim: autoDraw = True
193.5590 	EXP 	unnamed TextStim: autoDraw = False
193.5590 	EXP 	unnamed Circle: fillColor = 'Green'
193.5590 	EXP 	unnamed Circle: autoDraw = True
194.0796 	DATA 	EmulatedKey: equal
194.0819 	EXP 	unnamed Circle: autoDraw = False
194.0819 	EXP 	unnamed TextStim: autoDraw = True
196.0796 	DATA 	EmulatedKey: equal
196.4053 	EXP 	unnamed TextStim: autoDraw = False
196.4053 	EXP 	unnamed TextStim: autoDraw = False
196.4053 	EXP 	unnamed Rect: autoDraw = True
196.7068 	EXP 	unnamed Rect: autoDraw = False
196.7082 	DATA 	Keypress: 1
196.9086 	EXP 	unnamed Rect: autoDraw = False
196.9086 	EXP 	Trial_FB: text = 'Trial earnings: $0'
196.9086 	EXP 	Exp_FB: text = 'Total earnings: $19'
196.9086 	EXP 	Trial_FB: autoDraw = True
196.9086 	EXP 	Exp_FB: autoDraw = True
197.4047 	EXP 	Trial_FB: autoDraw = False
197.4047 	EXP 	Exp_FB: autoDraw = False
197.4047 	EXP 	Trial_FB: autoDraw = False
197.4047 	EXP 	Exp_FB: autoDraw = False
197.4047 	EXP 	unnamed TextStim: autoDraw = True
197.8774 	EXP 	unnamed TextStim: autoDraw = False
197.8774 	EXP 	unnamed TextStim: autoDraw = False
197.8774 	EXP 	unnamed Circle: fillColor = 'Green'
197.8774 	EXP 	unnamed Circle: autoDraw = True
198.0796 	DATA 	EmulatedKey: equal
198.3733 	EXP 	unnamed Circle: autoDraw = False
198.3733 	EXP 	unnamed Circle: autoDraw = False
198.3733 	EXP 	unnamed TextStim: autoDraw = True
200.0796 	DATA 	EmulatedKey: equal
200.6057 	EXP 	unnamed TextStim: autoDraw = False
200.6057 	EXP 	unnamed TextStim: autoDraw = False
200.6057 	EXP 	unnamed Rect: autoDraw = True
200.8407 	DATA 	Keypress: 1
200.9221 	EXP 	unnamed Rect: autoDraw = False
201.1132 	EXP 	unnamed Rect: autoDraw = False
201.1132 	EXP 	Trial_FB: height = 0.07333333333333333
201.1132 	EXP 	Trial_FB: height = 0.07333333333333333
201.1132 	EXP 	Trial_FB: height = 0.07333333333333333
201.1132 	EXP 	Trial_FB: text = 'Trial earnings: $1'
201.1132 	EXP 	Exp_FB: height = 0.07333333333333333
201.1132 	EXP 	Exp_FB: height = 0.07333333333333333
201.1132 	EXP 	Exp_FB: height = 0.07333333333333333
201.1132 	EXP 	Exp_FB: text = 'Total earnings: $20'
201.1132 	EXP 	Trial_FB: autoDraw = True
201.1132 	EXP 	Exp_FB: autoDraw = True
201.6007 	EXP 	Trial_FB: autoDraw = False
201.6007 	EXP 	Exp_FB: autoDraw = False
201.6007 	EXP 	Trial_FB: autoDraw = False
201.6007 	EXP 	Exp_FB: autoDraw = False
201.6007 	EXP 	unnamed TextStim: autoDraw = True
202.0796 	DATA 	EmulatedKey: equal
202.1061 	EXP 	unnamed TextStim: autoDraw = False
202.1061 	EXP 	unnamed TextStim: autoDraw = False
202.1061 	EXP 	unnamed Circle: fillColor = 'Green'
202.1061 	EXP 	unnamed Circle: autoDraw = True
202.5985 	EXP 	unnamed Circle: autoDraw = False
202.5985 	EXP 	unnamed Circle: autoDraw = False
202.5985 	EXP 	unnamed TextStim: autoDraw = True
204.0796 	DATA 	EmulatedKey: equal
204.9649 	EXP 	unnamed TextStim: autoDraw = False
204.9649 	EXP 	unnamed TextStim: autoDraw = False
204.9649 	EXP 	unnamed Rect: autoDraw = True
205.2546 	DATA 	Keypress: 1
205.2780 	EXP 	unnamed Rect: autoDraw = False
205.4703 	EXP 	unnamed Rect: autoDraw = False
205.4703 	EXP 	Trial_FB: text = 'Trial earnings: $1'
205.4703 	EXP 	Exp_FB: height = 0.07333333333333333
205.4703 	EXP 	Exp_FB: height = 0.07333333333333333
205.4703 	EXP 	Exp_FB: height = 0.07333333333333333
205.4703 	EXP 	Exp_FB: text = 'Total earnings: $21'
205.4703 	EXP 	Trial_FB: autoDraw = True
205.4703 	EXP 	Exp_FB: autoDraw = True
205.9677 	EXP 	Trial_FB: autoDraw = False
205.9677 	EXP 	Exp_FB: autoDraw = False
205.9677 	EXP 	Trial_FB: autoDraw = False
205.9677 	EXP 	Exp_FB: autoDraw = False
205.9677 	EXP 	unnamed TextStim: autoDraw = True
206.0796 	DATA 	EmulatedKey: equal
206.4851 	EXP 	unnamed TextStim: autoDraw = False
206.4851 	EXP 	unnamed TextStim: autoDraw = False
206.4851 	EXP 	unnamed Circle: fillColor = 'Blue'
206.4851 	EXP 	unnamed Circle: autoDraw = True
206.9812 	EXP 	unnamed Circle: autoDraw = False
206.9812 	EXP 	unnamed Circle: autoDraw = False
206.9812 	EXP 	unnamed TextStim: autoDraw = True
208.0796 	DATA 	EmulatedKey: equal
209.1012 	EXP 	unnamed TextStim: autoDraw = False
209.1012 	EXP 	unnamed Rect: autoDraw = True
209.4079 	DATA 	Keypress: 1
209.4131 	EXP 	unnamed Rect: autoDraw = False
209.6208 	EXP 	unnamed Rect: autoDraw = False
209.6208 	EXP 	Trial_FB: height = 0.07333333333333333
209.6208 	EXP 	Trial_FB: height = 0.07333333333333333
209.6208 	EXP 	Trial_FB: height = 0.07333333333333333
209.6208 	EXP 	Trial_FB: text = 'Trial earnings: $0'
209.6208 	EXP 	Exp_FB: text = 'Total earnings: $21'
209.6208 	EXP 	Trial_FB: autoDraw = True
209.6208 	EXP 	Exp_FB: autoDraw = True
210.0796 	DATA 	EmulatedKey: equal
210.1075 	EXP 	Trial_FB: autoDraw = False
210.1075 	EXP 	Exp_FB: autoDraw = False
210.1075 	EXP 	Trial_FB: autoDraw = False
210.1075 	EXP 	Exp_FB: autoDraw = False
210.1075 	EXP 	unnamed TextStim: autoDraw = True
210.6021 	EXP 	unnamed TextStim: autoDraw = False
210.6021 	EXP 	unnamed TextStim: autoDraw = False
210.6021 	EXP 	unnamed Circle: fillColor = 'Blue'
210.6021 	EXP 	unnamed Circle: autoDraw = True
211.0921 	EXP 	unnamed Circle: autoDraw = False
211.0921 	EXP 	unnamed Circle: autoDraw = False
211.0921 	EXP 	unnamed TextStim: autoDraw = True
212.0796 	DATA 	EmulatedKey: equal
213.1391 	EXP 	unnamed TextStim: autoDraw = False
213.1391 	EXP 	unnamed TextStim: autoDraw = False
213.1391 	EXP 	unnamed Rect: autoDraw = True
213.4382 	EXP 	unnamed Rect: autoDraw = False
213.4803 	DATA 	Keypress: 1
213.6426 	EXP 	unnamed Rect: autoDraw = False
213.6426 	EXP 	Trial_FB: text = 'Trial earnings: $0'
213.6426 	EXP 	Exp_FB: text = 'Total earnings: $21'
213.6426 	EXP 	Trial_FB: autoDraw = True
213.6426 	EXP 	Exp_FB: autoDraw = True
214.0796 	DATA 	EmulatedKey: equal
214.1409 	EXP 	Trial_FB: autoDraw = False
214.1409 	EXP 	Exp_FB: autoDraw = False
214.1409 	EXP 	Trial_FB: autoDraw = False
214.1409 	EXP 	Exp_FB: autoDraw = False
214.1409 	EXP 	unnamed TextStim: autoDraw = True
214.6557 	EXP 	unnamed TextStim: autoDraw = False
214.6557 	EXP 	unnamed TextStim: autoDraw = False
214.6557 	EXP 	unnamed Circle: fillColor = 'Blue'
214.6557 	EXP 	unnamed Circle: autoDraw = True
215.1505 	EXP 	unnamed Circle: autoDraw = False
215.1505 	EXP 	unnamed Circle: autoDraw = False
215.1505 	EXP 	unnamed TextStim: autoDraw = True
216.0796 	DATA 	EmulatedKey: equal
217.5667 	EXP 	unnamed TextStim: autoDraw = False
217.5667 	EXP 	unnamed TextStim: autoDraw = False
217.5667 	EXP 	unnamed Rect: autoDraw = True
217.8925 	EXP 	unnamed Rect: autoDraw = False
217.9372 	DATA 	Keypress: 1
218.0796 	DATA 	EmulatedKey: equal
218.0861 	EXP 	unnamed Rect: autoDraw = False
218.0861 	EXP 	Trial_FB: text = 'Trial earnings: $0'
218.0861 	EXP 	Exp_FB: text = 'Total earnings: $21'
218.0861 	EXP 	Trial_FB: autoDraw = True
218.0861 	EXP 	Exp_FB: autoDraw = True
218.5820 	EXP 	Trial_FB: autoDraw = False
218.5820 	EXP 	Exp_FB: autoDraw = False
218.5820 	EXP 	Trial_FB: autoDraw = False
218.5820 	EXP 	Exp_FB: autoDraw = False
218.5820 	EXP 	unnamed TextStim: autoDraw = True
219.0744 	EXP 	unnamed TextStim: autoDraw = False
219.0744 	EXP 	unnamed TextStim: autoDraw = False
219.0744 	EXP 	unnamed Circle: fillColor = 'Green'
219.0744 	EXP 	unnamed Circle: autoDraw = True
219.5702 	EXP 	unnamed Circle: autoDraw = False
219.5702 	EXP 	unnamed Circle: autoDraw = False
219.5702 	EXP 	unnamed TextStim: autoDraw = True
220.0796 	DATA 	EmulatedKey: equal
221.6875 	EXP 	unnamed TextStim: autoDraw = False
221.6875 	EXP 	unnamed Rect: autoDraw = True
221.9212 	DATA 	Keypress: 1
222.0234 	EXP 	unnamed Rect: autoDraw = False
222.0796 	DATA 	EmulatedKey: equal
222.1986 	EXP 	unnamed Rect: autoDraw = False
222.1986 	EXP 	Trial_FB: height = 0.07333333333333333
222.1986 	EXP 	Trial_FB: height = 0.07333333333333333
222.1986 	EXP 	Trial_FB: height = 0.07333333333333333
222.1986 	EXP 	Trial_FB: text = 'Trial earnings: $1'
222.1986 	EXP 	Exp_FB: height = 0.07333333333333333
222.1986 	EXP 	Exp_FB: height = 0.07333333333333333
222.1986 	EXP 	Exp_FB: height = 0.07333333333333333
222.1986 	EXP 	Exp_FB: text = 'Total earnings: $22'
222.1986 	EXP 	Trial_FB: autoDraw = True
222.1986 	EXP 	Exp_FB: autoDraw = True
222.6910 	EXP 	Trial_FB: autoDraw = False
222.6910 	EXP 	Exp_FB: autoDraw = False
222.6910 	EXP 	Trial_FB: autoDraw = False
222.6910 	EXP 	Exp_FB: autoDraw = False
222.6910 	EXP 	unnamed TextStim: autoDraw = True
223.1981 	EXP 	unnamed TextStim: autoDraw = False
223.1981 	EXP 	unnamed TextStim: autoDraw = False
223.1981 	EXP 	unnamed Circle: fillColor = 'Green'
223.1981 	EXP 	unnamed Circle: autoDraw = True
223.6857 	EXP 	unnamed Circle: autoDraw = False
223.6857 	EXP 	unnamed Circle: autoDraw = False
223.6857 	EXP 	unnamed TextStim: autoDraw = True
224.0796 	DATA 	EmulatedKey: equal
226.0796 	DATA 	EmulatedKey: equal
226.0833 	EXP 	unnamed TextStim: autoDraw = False
226.0833 	EXP 	unnamed TextStim: autoDraw = False
226.0833 	EXP 	unnamed Rect: autoDraw = True
226.3344 	DATA 	Keypress: 1
226.4131 	EXP 	unnamed Rect: autoDraw = False
226.5890 	EXP 	unnamed Rect: autoDraw = False
226.5890 	EXP 	Trial_FB: text = 'Trial earnings: $1'
226.5890 	EXP 	Exp_FB: height = 0.07333333333333333
226.5890 	EXP 	Exp_FB: height = 0.07333333333333333
226.5890 	EXP 	Exp_FB: height = 0.07333333333333333
226.5890 	EXP 	Exp_FB: text = 'Total earnings: $23'
226.5890 	EXP 	Trial_FB: autoDraw = True
226.5890 	EXP 	Exp_FB: autoDraw = True
227.0741 	EXP 	Trial_FB: autoDraw = False
227.0741 	EXP 	Exp_FB: autoDraw = False
227.0741 	EXP 	Trial_FB: autoDraw = False
227.0741 	EXP 	Exp_FB: autoDraw = False
227.0741 	EXP 	unnamed TextStim: autoDraw = True
227.5972 	EXP 	unnamed TextStim: autoDraw = False
227.5972 	EXP 	unnamed TextStim: autoDraw = False
227.5972 	EXP 	unnamed Circle: fillColor = 'Green'
227.5972 	EXP 	unnamed Circle: autoDraw = True
228.0796 	DATA 	EmulatedKey: equal
228.0849 	EXP 	unnamed Circle: autoDraw = False
228.0849 	EXP 	unnamed Circle: autoDraw = False
228.0849 	EXP 	unnamed TextStim: autoDraw = True
230.0796 	DATA 	EmulatedKey: equal
230.2140 	EXP 	unnamed TextStim: autoDraw = False
230.2140 	EXP 	unnamed TextStim: autoDraw = False
230.2140 	EXP 	unnamed Rect: autoDraw = True
230.5299 	DATA 	Keypress: 1
230.5326 	EXP 	unnamed Rect: autoDraw = False
230.7196 	EXP 	unnamed Rect: autoDraw = False
230.7196 	EXP 	Trial_FB: text = 'Trial earnings: $1'
230.7196 	EXP 	Exp_FB: height = 0.07333333333333333
230.7196 	EXP 	Exp_FB: height = 0.07333333333333333
230.7196 	EXP 	Exp_FB: height = 0.07333333333333333
230.7196 	EXP 	Exp_FB: text = 'Total earnings: $24'
230.7196 	EXP 	Trial_FB: autoDraw = True
230.7196 	EXP 	Exp_FB: autoDraw = True
231.2227 	EXP 	Trial_FB: autoDraw = False
231.2227 	EXP 	Exp_FB: autoDraw = False
231.2227 	EXP 	Trial_FB: autoDraw = False
231.2227 	EXP 	Exp_FB: autoDraw = False
231.2227 	EXP 	unnamed TextStim: autoDraw = True
231.7401 	EXP 	unnamed TextStim: autoDraw = False
232.0796 	DATA 	EmulatedKey: equal
234.0796 	DATA 	EmulatedKey: equal
236.0796 	DATA 	EmulatedKey: equal
238.0796 	DATA 	EmulatedKey: equal
240.0796 	DATA 	EmulatedKey: equal
242.0796 	DATA 	EmulatedKey: equal
244.0796 	DATA 	EmulatedKey: equal
246.0796 	DATA 	EmulatedKey: equal
248.0796 	DATA 	EmulatedKey: equal
248.6819 	DATA 	Keypress: 0
248.6823 	WARNING 	Data file, /Users/edendeng/MartucciLab/MID_task/reggev/data/MID1.0_behavioral_0999.csv, will be overwritten
248.6823 	WARNING 	Data file /Users/edendeng/MartucciLab/MID_task/reggev/data/MID1.0_behavioral_0999.csv will be overwritten!
248.7043 	EXP 	window1: mouseVisible = True
