4.3393 	WARNING 	We strongly recommend you activate the PTB sound engine in PsychoPy prefs as the preferred audio engine. Its timing is vastly superior. Your prefs are currently set to use ['sounddevice', 'PTB', 'pyo', 'pygame'] (in that order).
13.6410 	WARNING 	Monitor specification not found. Creating a temporary one...
14.7778 	WARNING 	Couldn't measure a consistent frame rate!
  - Is your graphics card set to sync to vertical blank?
  - Are you running other processes on your computer?

14.7789 	EXP 	Created window1 = Window(allowGUI=True, allowStencil=False, autoLog=True, backendConf=UNKNOWN, bitsMode=UNKNOWN, blendMode='avg', bpc=(8, 8, 8), color=array([0.2, 0.2, 0.2]), colorSpace='rgb', depthBits=8, fullscr=<method-wrapper '__getattribute__' of attributeSetter object at 0x7fe0c1856a60>, gamma=None, gammaErrorPolicy='raise', lms=UNKNOWN, monitor=<psychopy.monitors.calibTools.Monitor object at 0x7fe0a1009640>, multiSample=False, name='window1', numSamples=2, pos=[378.0, 245.5], screen=0, size=array([3024, 1964]), stencilBits=0, stereo=False, units='height', useFBO=False, useRetina=True, viewOri=0.0, viewPos=None, viewScale=None, waitBlanking=True, winType='pyglet')
14.7792 	EXP 	window1: mouseVisible = True
14.7793 	EXP 	window1: Attempting to measure frame rate of screen (0) ...
14.7793 	EXP 	window1: recordFrameIntervals = False
14.8596 	EXP 	window1: recordFrameIntervals = True
15.6906 	WARNING 	Couldn't measure a consistent frame rate!
  - Is your graphics card set to sync to vertical blank?
  - Are you running other processes on your computer?

15.7775 	EXP 	Created unnamed TextStim = TextStim(__class__=<class 'psychopy.visual.text.TextStim'>, alignHoriz=method-wrapper(...), alignText='center', alignVert=method-wrapper(...), anchorHoriz='center', anchorVert='center', antialias=True, autoDraw=False, autoLog=True, bold=False, color=array([-1, -1, -1]), colorSpace='rgb', contrast=1.0, depth=0, flipHoriz=False, flipVert=False, font='', fontFiles=[], height=0.04, italic=False, languageStyle='LTR', name='unnamed TextStim', opacity=1.0, ori=0.0, pos=array([ 0.  , -0.25]), rgb=UNKNOWN, text='Press 4 to continue.', units='height', win=Window(...), wrapWidth=1)
15.7838 	EXP 	Created unnamed TextStim = TextStim(__class__=<class 'psychopy.visual.text.TextStim'>, alignHoriz=method-wrapper(...), alignText='center', alignVert=method-wrapper(...), anchorHoriz='center', anchorVert='center', antialias=True, autoDraw=False, autoLog=True, bold=False, color=array([-1, -1, -1]), colorSpace='rgb', contrast=1.0, depth=0, flipHoriz=False, flipVert=False, font='', fontFiles=[], height=0.04, italic=False, languageStyle='LTR', name='unnamed TextStim', opacity=1.0, ori=0.0, pos=array([ 0.  , -0.25]), rgb=UNKNOWN, text='Press 4 to continue, or 3 to go back.', units='height', win=Window(...), wrapWidth=1)
15.7885 	EXP 	Created unnamed TextStim = TextStim(__class__=<class 'psychopy.visual.text.TextStim'>, alignHoriz=method-wrapper(...), alignText='center', alignVert=method-wrapper(...), anchorHoriz='center', anchorVert='center', antialias=True, autoDraw=False, autoLog=True, bold=False, color=array([-1, -1, -1]), colorSpace='rgb', contrast=1.0, depth=0, flipHoriz=False, flipVert=False, font='', fontFiles=[], height=0.08, italic=False, languageStyle='LTR', name='unnamed TextStim', opacity=1.0, ori=0.0, pos=array([0., 0.]), rgb=UNKNOWN, text='+', units='height', win=Window(...), wrapWidth=1)
15.7968 	EXP 	Created unnamed TextStim = TextStim(__class__=<class 'psychopy.visual.text.TextStim'>, alignHoriz=method-wrapper(...), alignText='center', alignVert=method-wrapper(...), anchorHoriz='center', anchorVert='center', antialias=True, autoDraw=False, autoLog=True, bold=False, color=array([-1, -1, -1]), colorSpace='rgb', contrast=1.0, depth=0, flipHoriz=False, flipVert=False, font='Arial', fontFiles=[], height=0.04, italic=False, languageStyle='LTR', name='unnamed TextStim', opacity=1.0, ori=0.0, pos=array([0. , 0.1]), rgb=UNKNOWN, text='Hello World', units='height', win=Window(...), wrapWidth=1.0264765784114054)
15.8103 	EXP 	Created unnamed TextStim = TextStim(__class__=<class 'psychopy.visual.text.TextStim'>, alignHoriz=method-wrapper(...), alignText='center', alignVert=method-wrapper(...), anchorHoriz='center', anchorVert='center', antialias=True, autoDraw=False, autoLog=True, bold=False, color=array([-1, -1, -1]), colorSpace='rgb', contrast=1.0, depth=0, flipHoriz=False, flipVert=False, font='', fontFiles=[], height=0.04, italic=False, languageStyle='LTR', name='unnamed TextStim', opacity=1.0, ori=0.0, pos=array([0., 0.]), rgb=UNKNOWN, text=str(...), units='height', win=Window(...), wrapWidth=1.0264765784114054)
15.8139 	EXP 	Created unnamed TextStim = TextStim(__class__=<class 'psychopy.visual.text.TextStim'>, alignHoriz=method-wrapper(...), alignText='center', alignVert=method-wrapper(...), anchorHoriz='center', anchorVert='center', antialias=True, autoDraw=False, autoLog=True, bold=False, color=array([-1, -1, -1]), colorSpace='rgb', contrast=1.0, depth=0, flipHoriz=False, flipVert=False, font='', fontFiles=[], height=0.04, italic=False, languageStyle='LTR', name='unnamed TextStim', opacity=1.0, ori=0.0, pos=array([0., 0.]), rgb=UNKNOWN, text='The task will begin momentarily. Get ready...', units='height', win=Window(...), wrapWidth=1.0264765784114054)
15.8177 	EXP 	Created unnamed TextStim = TextStim(__class__=<class 'psychopy.visual.text.TextStim'>, alignHoriz=method-wrapper(...), alignText='center', alignVert=method-wrapper(...), anchorHoriz='center', anchorVert='center', antialias=True, autoDraw=False, autoLog=True, bold=False, color=array([-1, -1, -1]), colorSpace='rgb', contrast=1.0, depth=0, flipHoriz=False, flipVert=False, font='', fontFiles=[], height=0.04, italic=False, languageStyle='LTR', name='unnamed TextStim', opacity=1.0, ori=0.0, pos=array([0., 0.]), rgb=UNKNOWN, text=str(...), units='height', win=Window(...), wrapWidth=1.0264765784114054)
15.8235 	EXP 	Created unnamed Polygon = Polygon(__class__=<class 'psychopy.visual.polygon.Polygon'>, anchor=('center', 'center'), autoDraw=False, autoLog=True, closeShape=True, color=method-wrapper(...), colorSpace='rgb', contrast=None, depth=0, fillColor=array([1, 1, 1]), fillColorSpace='rgb', fillRGB=array([1, 1, 1]), interpolate=True, lineColor=array([0, 0, 0]), lineColorSpace='rgb', lineRGB=array([0, 0, 0]), lineWidth=1.5, name='unnamed Polygon', opacity=0.5, ori=0.0, pos=array([0., 0.]), size=array([1., 1.]), units='height', vertices=ndarray(...), win=Window(...))
15.8252 	EXP 	Created unnamed TextStim = TextStim(__class__=<class 'psychopy.visual.text.TextStim'>, alignHoriz=method-wrapper(...), alignText='center', alignVert=method-wrapper(...), anchorHoriz='center', anchorVert='center', antialias=True, autoDraw=False, autoLog=True, bold=False, color=array([-1, -1, -1]), colorSpace='rgb', contrast=1.0, depth=0, flipHoriz=False, flipVert=False, font='Arial', fontFiles=[], height=0.04, italic=False, languageStyle='LTR', name='unnamed TextStim', opacity=1.0, ori=0.0, pos=array([0., 0.]), rgb=UNKNOWN, text='Hello World', units='height', win=Window(...), wrapWidth=1)
15.8262 	EXP 	Created unnamed Polygon = Polygon(__class__=<class 'psychopy.visual.polygon.Polygon'>, anchor=('center', 'center'), autoDraw=False, autoLog=True, closeShape=True, color=method-wrapper(...), colorSpace='rgb', contrast=None, depth=0, fillColor=array([1, 1, 1]), fillColorSpace='rgb', fillRGB=array([1, 1, 1]), interpolate=True, lineColor=array([0, 0, 0]), lineColorSpace='rgb', lineRGB=array([0, 0, 0]), lineWidth=0, name='unnamed Polygon', opacity=0.5, ori=0.0, pos=array([0., 0.]), size=array([1., 1.]), units='height', vertices=ndarray(...), win=Window(...))
15.8310 	EXP 	Created Trial_FB = TextStim(__class__=<class 'psychopy.visual.text.TextStim'>, alignHoriz=method-wrapper(...), alignText='center', alignVert=method-wrapper(...), anchorHoriz='center', anchorVert='center', antialias=True, autoDraw=False, autoLog=True, bold=False, color=array([-1, -1, -1]), colorSpace='rgb', contrast=1.0, depth=0, flipHoriz=False, flipVert=False, font='Arial', fontFiles=[], height=0.07333333333333333, italic=False, languageStyle='LTR', name='Trial_FB', opacity=1.0, ori=0, pos=array([0., 0.]), rgb=UNKNOWN, text='Trial outcome:', units='height', win=Window(...), wrapWidth=1)
15.8343 	EXP 	Created Blank_FB = ImageStim(__class__=<class 'psychopy.visual.image.ImageStim'>, anchor=('center', 'center'), autoLog=True, color=array([1., 1., 1.]), colorSpace='rgb', contrast=1.0, depth=0, flipHoriz=False, flipVert=False, image=None, interpolate=True, mask=None, maskParams=None, name='Blank_FB', opacity=1.0, ori=0.0, pos=array([0., 0.]), size=array([0.19246436, 0.19246436]), texRes=128, units='height', win=Window(...))
15.8445 	EXP 	window1: mouseVisible = False
15.8446 	EXP 	launchScan: vol: 356  TR: 2.000s  skip: 6  sync: 'equal'
15.8666 	EXP 	window1: mouseVisible = True
15.8930 	WARNING 	t of last frame was 202.51ms (=1/4)
15.8930 	EXP 	unnamed RatingScale: flipVert = False
17.7257 	DATA 	Keypress: return
17.7343 	EXP 	window1: mouseVisible = False
17.7582 	WARNING 	t of last frame was 26.60ms (=1/37)
29.7897 	DATA 	EmulatedKey: equal
29.7898 	EXP 	launchScan: start of scan
29.7955 	WARNING 	t of last frame was 12037.33ms (=1/0)
31.7897 	DATA 	EmulatedKey: equal
31.9429 	WARNING 	t of last frame was 2142.58ms (=1/0)
33.7897 	DATA 	EmulatedKey: equal
33.7899 	WARNING 	Multiple dropped frames have occurred - I'll stop bothering you about them!
35.7897 	DATA 	EmulatedKey: equal
37.7897 	DATA 	EmulatedKey: equal
39.7897 	DATA 	EmulatedKey: equal
41.7897 	DATA 	EmulatedKey: equal
43.7897 	DATA 	EmulatedKey: equal
43.9598 	EXP 	unnamed Polygon: edges = 4
43.9598 	EXP 	unnamed TextStim: height = 0.04
43.9598 	EXP 	unnamed TextStim: height = 0.04
43.9598 	EXP 	unnamed TextStim: height = 0.04
43.9598 	EXP 	unnamed TextStim: text = '-$5\n(20% accuracy)'
43.9598 	EXP 	unnamed Polygon: autoDraw = True
43.9598 	EXP 	unnamed TextStim: autoDraw = True
45.7897 	DATA 	EmulatedKey: equal
45.9584 	EXP 	unnamed Polygon: autoDraw = False
45.9584 	EXP 	unnamed TextStim: autoDraw = False
45.9584 	EXP 	unnamed TextStim: autoDraw = True
47.7897 	DATA 	EmulatedKey: equal
47.9491 	EXP 	unnamed TextStim: autoDraw = False
47.9491 	EXP 	unnamed TextStim: autoDraw = False
48.0010 	EXP 	unnamed Polygon: autoDraw = True
48.2188 	EXP 	unnamed Polygon: autoDraw = False
48.2230 	DATA 	Keypress: 4
49.7897 	DATA 	EmulatedKey: equal
49.9676 	EXP 	unnamed Polygon: autoDraw = False
49.9676 	EXP 	Trial_FB: height = 0.07333333333333333
49.9676 	EXP 	Trial_FB: height = 0.07333333333333333
49.9676 	EXP 	Trial_FB: height = 0.07333333333333333
49.9676 	EXP 	Trial_FB: text = 'Trial outcome: -$5'
49.9676 	EXP 	Trial_FB: autoDraw = True
51.7897 	DATA 	EmulatedKey: equal
51.9487 	EXP 	Trial_FB: autoDraw = False
51.9487 	EXP 	Trial_FB: autoDraw = False
51.9487 	EXP 	unnamed TextStim: autoDraw = True
53.7897 	DATA 	EmulatedKey: equal
53.9340 	EXP 	unnamed TextStim: autoDraw = False
53.9340 	EXP 	unnamed TextStim: autoDraw = False
53.9340 	EXP 	unnamed TextStim: autoDraw = True
55.7897 	DATA 	EmulatedKey: equal
55.9424 	EXP 	unnamed TextStim: autoDraw = False
55.9424 	EXP 	unnamed TextStim: autoDraw = False
55.9424 	EXP 	unnamed Polygon: edges = 128
55.9424 	EXP 	unnamed TextStim: height = 0.04
55.9424 	EXP 	unnamed TextStim: height = 0.04
55.9424 	EXP 	unnamed TextStim: height = 0.04
55.9424 	EXP 	unnamed TextStim: text = '+$5\n(50% accuracy)'
55.9424 	EXP 	unnamed Polygon: autoDraw = True
55.9424 	EXP 	unnamed TextStim: autoDraw = True
57.7897 	DATA 	EmulatedKey: equal
57.9411 	EXP 	unnamed Polygon: autoDraw = False
57.9411 	EXP 	unnamed TextStim: autoDraw = False
57.9411 	EXP 	unnamed Polygon: autoDraw = False
57.9411 	EXP 	unnamed TextStim: autoDraw = False
57.9411 	EXP 	unnamed TextStim: autoDraw = True
59.7897 	DATA 	EmulatedKey: equal
59.9247 	EXP 	unnamed TextStim: autoDraw = False
59.9247 	EXP 	unnamed TextStim: autoDraw = False
59.9424 	EXP 	unnamed Polygon: autoDraw = True
60.1822 	DATA 	Keypress: 4
60.2054 	EXP 	unnamed Polygon: autoDraw = False
61.7897 	DATA 	EmulatedKey: equal
61.9320 	EXP 	unnamed Polygon: autoDraw = False
61.9320 	EXP 	Trial_FB: height = 0.07333333333333333
61.9320 	EXP 	Trial_FB: height = 0.07333333333333333
61.9320 	EXP 	Trial_FB: height = 0.07333333333333333
61.9320 	EXP 	Trial_FB: text = 'Trial outcome: +$5'
61.9320 	EXP 	Trial_FB: autoDraw = True
63.7897 	DATA 	EmulatedKey: equal
63.9214 	EXP 	Trial_FB: autoDraw = False
63.9214 	EXP 	Trial_FB: autoDraw = False
63.9214 	EXP 	unnamed TextStim: autoDraw = True
65.7897 	DATA 	EmulatedKey: equal
65.9474 	EXP 	unnamed TextStim: autoDraw = False
65.9474 	EXP 	unnamed TextStim: autoDraw = False
65.9474 	EXP 	unnamed Polygon: edges = 6
65.9474 	EXP 	unnamed TextStim: height = 0.04
65.9474 	EXP 	unnamed TextStim: height = 0.04
65.9474 	EXP 	unnamed TextStim: height = 0.04
65.9474 	EXP 	unnamed TextStim: text = '$0\n(80% accuracy)'
65.9474 	EXP 	unnamed Polygon: autoDraw = True
65.9474 	EXP 	unnamed TextStim: autoDraw = True
67.7897 	DATA 	EmulatedKey: equal
67.9381 	EXP 	unnamed Polygon: autoDraw = False
67.9381 	EXP 	unnamed TextStim: autoDraw = False
67.9381 	EXP 	unnamed Polygon: autoDraw = False
67.9381 	EXP 	unnamed TextStim: autoDraw = False
67.9381 	EXP 	unnamed TextStim: autoDraw = True
69.7897 	DATA 	EmulatedKey: equal
69.9257 	EXP 	unnamed TextStim: autoDraw = False
69.9257 	EXP 	unnamed TextStim: autoDraw = False
69.9756 	EXP 	unnamed Polygon: autoDraw = True
70.1968 	EXP 	unnamed Polygon: autoDraw = False
70.2352 	DATA 	Keypress: 4
71.7898 	DATA 	EmulatedKey: equal
71.9339 	EXP 	unnamed Polygon: autoDraw = False
71.9339 	EXP 	Trial_FB: height = 0.07333333333333333
71.9339 	EXP 	Trial_FB: height = 0.07333333333333333
71.9339 	EXP 	Trial_FB: height = 0.07333333333333333
71.9339 	EXP 	Trial_FB: text = 'Trial outcome: $0'
71.9339 	EXP 	Trial_FB: autoDraw = True
73.7897 	DATA 	EmulatedKey: equal
73.9266 	EXP 	Trial_FB: autoDraw = False
73.9266 	EXP 	Trial_FB: autoDraw = False
73.9266 	EXP 	unnamed TextStim: autoDraw = True
75.7897 	DATA 	EmulatedKey: equal
75.9477 	EXP 	unnamed TextStim: autoDraw = False
75.9477 	EXP 	unnamed TextStim: autoDraw = False
75.9477 	EXP 	unnamed Polygon: edges = 128
75.9477 	EXP 	unnamed TextStim: height = 0.04
75.9477 	EXP 	unnamed TextStim: height = 0.04
75.9477 	EXP 	unnamed TextStim: height = 0.04
75.9477 	EXP 	unnamed TextStim: text = '+$5\n(80% accuracy)'
75.9477 	EXP 	unnamed Polygon: autoDraw = True
75.9477 	EXP 	unnamed TextStim: autoDraw = True
77.7897 	DATA 	EmulatedKey: equal
77.9407 	EXP 	unnamed Polygon: autoDraw = False
77.9407 	EXP 	unnamed TextStim: autoDraw = False
77.9407 	EXP 	unnamed Polygon: autoDraw = False
77.9407 	EXP 	unnamed TextStim: autoDraw = False
77.9407 	EXP 	unnamed TextStim: autoDraw = True
79.7897 	DATA 	EmulatedKey: equal
79.9396 	EXP 	unnamed TextStim: autoDraw = False
79.9396 	EXP 	unnamed TextStim: autoDraw = False
79.9425 	EXP 	unnamed Polygon: autoDraw = True
80.1717 	DATA 	Keypress: 4
80.2171 	EXP 	unnamed Polygon: autoDraw = False
81.7897 	DATA 	EmulatedKey: equal
81.9491 	EXP 	unnamed Polygon: autoDraw = False
81.9491 	EXP 	Trial_FB: height = 0.07333333333333333
81.9491 	EXP 	Trial_FB: height = 0.07333333333333333
81.9491 	EXP 	Trial_FB: height = 0.07333333333333333
81.9491 	EXP 	Trial_FB: text = 'Trial outcome: +$5'
81.9491 	EXP 	Trial_FB: autoDraw = True
83.7897 	DATA 	EmulatedKey: equal
83.9427 	EXP 	Trial_FB: autoDraw = False
83.9427 	EXP 	Trial_FB: autoDraw = False
83.9427 	EXP 	unnamed TextStim: autoDraw = True
85.7897 	DATA 	EmulatedKey: equal
85.9468 	EXP 	unnamed TextStim: autoDraw = False
85.9468 	EXP 	unnamed TextStim: autoDraw = False
85.9468 	EXP 	unnamed Polygon: edges = 4
85.9468 	EXP 	unnamed TextStim: height = 0.04
85.9468 	EXP 	unnamed TextStim: height = 0.04
85.9468 	EXP 	unnamed TextStim: height = 0.04
85.9468 	EXP 	unnamed TextStim: text = '-$5\n(80% accuracy)'
85.9468 	EXP 	unnamed Polygon: autoDraw = True
85.9468 	EXP 	unnamed TextStim: autoDraw = True
87.7897 	DATA 	EmulatedKey: equal
87.9421 	EXP 	unnamed Polygon: autoDraw = False
87.9421 	EXP 	unnamed TextStim: autoDraw = False
87.9421 	EXP 	unnamed Polygon: autoDraw = False
87.9421 	EXP 	unnamed TextStim: autoDraw = False
87.9421 	EXP 	unnamed TextStim: autoDraw = True
89.7897 	DATA 	EmulatedKey: equal
89.9397 	EXP 	unnamed TextStim: autoDraw = False
89.9397 	EXP 	unnamed TextStim: autoDraw = False
89.9571 	EXP 	unnamed Polygon: autoDraw = True
90.2317 	EXP 	unnamed Polygon: autoDraw = False
90.2513 	DATA 	Keypress: 4
91.7897 	DATA 	EmulatedKey: equal
91.9433 	EXP 	unnamed Polygon: autoDraw = False
91.9433 	EXP 	Trial_FB: height = 0.07333333333333333
91.9433 	EXP 	Trial_FB: height = 0.07333333333333333
91.9433 	EXP 	Trial_FB: height = 0.07333333333333333
91.9433 	EXP 	Trial_FB: text = 'Trial outcome: -$5'
91.9433 	EXP 	Trial_FB: autoDraw = True
93.7897 	DATA 	EmulatedKey: equal
93.9345 	EXP 	Trial_FB: autoDraw = False
93.9345 	EXP 	Trial_FB: autoDraw = False
93.9345 	EXP 	unnamed TextStim: autoDraw = True
95.7897 	DATA 	EmulatedKey: equal
95.9447 	EXP 	unnamed TextStim: autoDraw = False
95.9447 	EXP 	unnamed TextStim: autoDraw = False
95.9447 	EXP 	unnamed TextStim: autoDraw = True
97.7897 	DATA 	EmulatedKey: equal
97.9394 	EXP 	unnamed TextStim: autoDraw = False
97.9394 	EXP 	unnamed TextStim: autoDraw = False
97.9394 	EXP 	unnamed Polygon: edges = 128
97.9394 	EXP 	unnamed TextStim: height = 0.04
97.9394 	EXP 	unnamed TextStim: height = 0.04
97.9394 	EXP 	unnamed TextStim: height = 0.04
97.9394 	EXP 	unnamed TextStim: text = '+$5\n(20% accuracy)'
97.9394 	EXP 	unnamed Polygon: autoDraw = True
97.9394 	EXP 	unnamed TextStim: autoDraw = True
99.7897 	DATA 	EmulatedKey: equal
99.9321 	EXP 	unnamed Polygon: autoDraw = False
99.9321 	EXP 	unnamed TextStim: autoDraw = False
99.9321 	EXP 	unnamed Polygon: autoDraw = False
99.9321 	EXP 	unnamed TextStim: autoDraw = False
99.9321 	EXP 	unnamed TextStim: autoDraw = True
101.7897 	DATA 	EmulatedKey: equal
101.9299 	EXP 	unnamed TextStim: autoDraw = False
101.9299 	EXP 	unnamed TextStim: autoDraw = False
101.9692 	EXP 	unnamed Polygon: autoDraw = True
102.2161 	EXP 	unnamed Polygon: autoDraw = False
103.7897 	DATA 	EmulatedKey: equal
103.9366 	EXP 	unnamed Polygon: autoDraw = False
103.9366 	EXP 	Trial_FB: height = 0.07333333333333333
103.9366 	EXP 	Trial_FB: height = 0.07333333333333333
103.9366 	EXP 	Trial_FB: height = 0.07333333333333333
103.9366 	EXP 	Trial_FB: text = 'Trial outcome: $0'
103.9366 	EXP 	Trial_FB: autoDraw = True
105.7897 	DATA 	EmulatedKey: equal
105.9257 	EXP 	Trial_FB: autoDraw = False
105.9257 	EXP 	Trial_FB: autoDraw = False
105.9257 	EXP 	unnamed TextStim: autoDraw = True
107.7897 	DATA 	EmulatedKey: equal
107.9394 	EXP 	unnamed TextStim: autoDraw = False
107.9394 	EXP 	unnamed TextStim: autoDraw = False
107.9394 	EXP 	unnamed Polygon: edges = 6
107.9394 	EXP 	unnamed TextStim: height = 0.04
107.9394 	EXP 	unnamed TextStim: height = 0.04
107.9394 	EXP 	unnamed TextStim: height = 0.04
107.9394 	EXP 	unnamed TextStim: text = '$0\n(50% accuracy)'
107.9394 	EXP 	unnamed Polygon: autoDraw = True
107.9394 	EXP 	unnamed TextStim: autoDraw = True
109.7897 	DATA 	EmulatedKey: equal
109.9347 	EXP 	unnamed Polygon: autoDraw = False
109.9347 	EXP 	unnamed TextStim: autoDraw = False
109.9347 	EXP 	unnamed Polygon: autoDraw = False
109.9347 	EXP 	unnamed TextStim: autoDraw = False
109.9347 	EXP 	unnamed TextStim: autoDraw = True
110.2604 	DATA 	Keypress: 4
111.7897 	DATA 	EmulatedKey: equal
111.9305 	EXP 	unnamed TextStim: autoDraw = False
111.9305 	EXP 	unnamed TextStim: autoDraw = False
111.9482 	EXP 	unnamed Polygon: autoDraw = True
112.1879 	DATA 	Keypress: 4
112.1915 	EXP 	unnamed Polygon: autoDraw = False
113.7897 	DATA 	EmulatedKey: equal
113.9314 	EXP 	unnamed Polygon: autoDraw = False
113.9314 	EXP 	Trial_FB: text = 'Trial outcome: $0'
113.9314 	EXP 	Trial_FB: autoDraw = True
115.7897 	DATA 	EmulatedKey: equal
115.9297 	EXP 	Trial_FB: autoDraw = False
115.9297 	EXP 	Trial_FB: autoDraw = False
115.9297 	EXP 	unnamed TextStim: autoDraw = True
117.7897 	DATA 	EmulatedKey: equal
117.9419 	EXP 	unnamed TextStim: autoDraw = False
117.9419 	EXP 	unnamed TextStim: autoDraw = False
117.9419 	EXP 	unnamed TextStim: autoDraw = True
119.7897 	DATA 	EmulatedKey: equal
119.9411 	EXP 	unnamed TextStim: autoDraw = False
119.9411 	EXP 	unnamed TextStim: autoDraw = False
119.9411 	EXP 	unnamed Polygon: edges = 4
119.9411 	EXP 	unnamed TextStim: height = 0.04
119.9411 	EXP 	unnamed TextStim: height = 0.04
119.9411 	EXP 	unnamed TextStim: height = 0.04
119.9411 	EXP 	unnamed TextStim: text = '-$5\n(50% accuracy)'
119.9411 	EXP 	unnamed Polygon: autoDraw = True
119.9411 	EXP 	unnamed TextStim: autoDraw = True
121.7897 	DATA 	EmulatedKey: equal
121.9322 	EXP 	unnamed Polygon: autoDraw = False
121.9322 	EXP 	unnamed TextStim: autoDraw = False
121.9322 	EXP 	unnamed Polygon: autoDraw = False
121.9322 	EXP 	unnamed TextStim: autoDraw = False
121.9322 	EXP 	unnamed TextStim: autoDraw = True
123.7897 	DATA 	EmulatedKey: equal
123.9247 	EXP 	unnamed TextStim: autoDraw = False
123.9247 	EXP 	unnamed TextStim: autoDraw = False
123.9750 	EXP 	unnamed Polygon: autoDraw = True
124.1638 	EXP 	unnamed Polygon: autoDraw = False
124.2020 	DATA 	Keypress: 4
125.7897 	DATA 	EmulatedKey: equal
125.9354 	EXP 	unnamed Polygon: autoDraw = False
125.9354 	EXP 	Trial_FB: height = 0.07333333333333333
125.9354 	EXP 	Trial_FB: height = 0.07333333333333333
125.9354 	EXP 	Trial_FB: height = 0.07333333333333333
125.9354 	EXP 	Trial_FB: text = 'Trial outcome: -$5'
125.9354 	EXP 	Trial_FB: autoDraw = True
127.7897 	DATA 	EmulatedKey: equal
127.9305 	EXP 	Trial_FB: autoDraw = False
127.9305 	EXP 	Trial_FB: autoDraw = False
127.9305 	EXP 	unnamed TextStim: autoDraw = True
129.7897 	DATA 	EmulatedKey: equal
129.9380 	EXP 	unnamed TextStim: autoDraw = False
129.9380 	EXP 	unnamed TextStim: autoDraw = False
129.9380 	EXP 	unnamed Polygon: edges = 6
129.9380 	EXP 	unnamed TextStim: height = 0.04
129.9380 	EXP 	unnamed TextStim: height = 0.04
129.9380 	EXP 	unnamed TextStim: height = 0.04
129.9380 	EXP 	unnamed TextStim: text = '$0\n(20% accuracy)'
129.9380 	EXP 	unnamed Polygon: autoDraw = True
129.9380 	EXP 	unnamed TextStim: autoDraw = True
131.7897 	DATA 	EmulatedKey: equal
131.9307 	EXP 	unnamed Polygon: autoDraw = False
131.9307 	EXP 	unnamed TextStim: autoDraw = False
131.9307 	EXP 	unnamed Polygon: autoDraw = False
131.9307 	EXP 	unnamed TextStim: autoDraw = False
131.9307 	EXP 	unnamed TextStim: autoDraw = True
133.7897 	DATA 	EmulatedKey: equal
133.9318 	EXP 	unnamed TextStim: autoDraw = False
133.9318 	EXP 	unnamed TextStim: autoDraw = False
133.9351 	EXP 	unnamed Polygon: autoDraw = True
134.1917 	DATA 	Keypress: 4
134.2170 	EXP 	unnamed Polygon: autoDraw = False
135.7897 	DATA 	EmulatedKey: equal
135.9359 	EXP 	unnamed Polygon: autoDraw = False
135.9359 	EXP 	Trial_FB: height = 0.07333333333333333
135.9359 	EXP 	Trial_FB: height = 0.07333333333333333
135.9359 	EXP 	Trial_FB: height = 0.07333333333333333
135.9359 	EXP 	Trial_FB: text = 'Trial outcome: $0'
135.9359 	EXP 	Trial_FB: autoDraw = True
137.7897 	DATA 	EmulatedKey: equal
137.9291 	EXP 	Trial_FB: autoDraw = False
137.9291 	EXP 	Trial_FB: autoDraw = False
137.9291 	EXP 	unnamed TextStim: autoDraw = True
139.7897 	DATA 	EmulatedKey: equal
139.9318 	EXP 	unnamed TextStim: autoDraw = False
139.9318 	EXP 	unnamed TextStim: autoDraw = False
139.9318 	EXP 	unnamed TextStim: autoDraw = True
141.7897 	DATA 	EmulatedKey: equal
141.9458 	EXP 	unnamed TextStim: autoDraw = False
141.9458 	EXP 	unnamed TextStim: autoDraw = False
143.7897 	DATA 	EmulatedKey: equal
145.7897 	DATA 	EmulatedKey: equal
147.7897 	DATA 	EmulatedKey: equal
149.7897 	DATA 	EmulatedKey: equal
151.5039 	DATA 	Keypress: 0
151.5201 	EXP 	window1: mouseVisible = True
