5.5419 	WARNING 	We strongly recommend you activate the PTB sound engine in PsychoPy prefs as the preferred audio engine. Its timing is vastly superior. Your prefs are currently set to use ['sounddevice', 'PTB', 'pyo', 'pygame'] (in that order).
11.1998 	WARNING 	Monitor specification not found. Creating a temporary one...
12.3747 	WARNING 	Couldn't measure a consistent frame rate!
  - Is your graphics card set to sync to vertical blank?
  - Are you running other processes on your computer?

12.3766 	EXP 	Created window1 = Window(allowGUI=True, allowStencil=False, autoLog=True, backendConf=UNKNOWN, bitsMode=UNKNOWN, blendMode='avg', bpc=(8, 8, 8), color=array([0.2, 0.2, 0.2]), colorSpace='rgb', depthBits=8, fullscr=<method-wrapper '__getattribute__' of attributeSetter object at 0x7fc519567ac0>, gamma=None, gammaErrorPolicy='raise', lms=UNKNOWN, monitor=<psychopy.monitors.calibTools.Monitor object at 0x7fc513e3e820>, multiSample=False, name='window1', numSamples=2, pos=[378.0, 245.5], screen=0, size=array([3024, 1964]), stencilBits=0, stereo=False, units='height', useFBO=False, useRetina=True, viewOri=0.0, viewPos=None, viewScale=None, waitBlanking=True, winType='pyglet')
12.3768 	EXP 	window1: mouseVisible = True
12.3769 	EXP 	window1: Attempting to measure frame rate of screen (0) ...
12.3769 	EXP 	window1: recordFrameIntervals = False
12.4645 	EXP 	window1: recordFrameIntervals = True
13.2912 	WARNING 	Couldn't measure a consistent frame rate!
  - Is your graphics card set to sync to vertical blank?
  - Are you running other processes on your computer?

13.4094 	EXP 	Created unnamed TextStim = TextStim(__class__=<class 'psychopy.visual.text.TextStim'>, alignHoriz=method-wrapper(...), alignText='center', alignVert=method-wrapper(...), anchorHoriz='center', anchorVert='center', antialias=True, autoDraw=False, autoLog=True, bold=False, color=array([-1, -1, -1]), colorSpace='rgb', contrast=1.0, depth=0, flipHoriz=False, flipVert=False, font='', fontFiles=[], height=0.04, italic=False, languageStyle='LTR', name='unnamed TextStim', opacity=1.0, ori=0.0, pos=array([ 0.  , -0.25]), rgb=UNKNOWN, text='Press 4 to continue.', units='height', win=Window(...), wrapWidth=1)
13.4160 	EXP 	Created unnamed TextStim = TextStim(__class__=<class 'psychopy.visual.text.TextStim'>, alignHoriz=method-wrapper(...), alignText='center', alignVert=method-wrapper(...), anchorHoriz='center', anchorVert='center', antialias=True, autoDraw=False, autoLog=True, bold=False, color=array([-1, -1, -1]), colorSpace='rgb', contrast=1.0, depth=0, flipHoriz=False, flipVert=False, font='', fontFiles=[], height=0.04, italic=False, languageStyle='LTR', name='unnamed TextStim', opacity=1.0, ori=0.0, pos=array([ 0.  , -0.25]), rgb=UNKNOWN, text='Press 4 to continue, or 3 to go back.', units='height', win=Window(...), wrapWidth=1)
13.4212 	EXP 	Created unnamed TextStim = TextStim(__class__=<class 'psychopy.visual.text.TextStim'>, alignHoriz=method-wrapper(...), alignText='center', alignVert=method-wrapper(...), anchorHoriz='center', anchorVert='center', antialias=True, autoDraw=False, autoLog=True, bold=False, color=array([-1, -1, -1]), colorSpace='rgb', contrast=1.0, depth=0, flipHoriz=False, flipVert=False, font='', fontFiles=[], height=0.08, italic=False, languageStyle='LTR', name='unnamed TextStim', opacity=1.0, ori=0.0, pos=array([0., 0.]), rgb=UNKNOWN, text='+', units='height', win=Window(...), wrapWidth=1)
13.4318 	EXP 	Created unnamed TextStim = TextStim(__class__=<class 'psychopy.visual.text.TextStim'>, alignHoriz=method-wrapper(...), alignText='center', alignVert=method-wrapper(...), anchorHoriz='center', anchorVert='center', antialias=True, autoDraw=False, autoLog=True, bold=False, color=array([-1, -1, -1]), colorSpace='rgb', contrast=1.0, depth=0, flipHoriz=False, flipVert=False, font='Arial', fontFiles=[], height=0.04, italic=False, languageStyle='LTR', name='unnamed TextStim', opacity=1.0, ori=0.0, pos=array([0. , 0.1]), rgb=UNKNOWN, text='Hello World', units='height', win=Window(...), wrapWidth=1.0264765784114054)
13.4459 	EXP 	Created unnamed TextStim = TextStim(__class__=<class 'psychopy.visual.text.TextStim'>, alignHoriz=method-wrapper(...), alignText='center', alignVert=method-wrapper(...), anchorHoriz='center', anchorVert='center', antialias=True, autoDraw=False, autoLog=True, bold=False, color=array([-1, -1, -1]), colorSpace='rgb', contrast=1.0, depth=0, flipHoriz=False, flipVert=False, font='', fontFiles=[], height=0.04, italic=False, languageStyle='LTR', name='unnamed TextStim', opacity=1.0, ori=0.0, pos=array([0., 0.]), rgb=UNKNOWN, text=str(...), units='height', win=Window(...), wrapWidth=1.0264765784114054)
13.4496 	EXP 	Created unnamed TextStim = TextStim(__class__=<class 'psychopy.visual.text.TextStim'>, alignHoriz=method-wrapper(...), alignText='center', alignVert=method-wrapper(...), anchorHoriz='center', anchorVert='center', antialias=True, autoDraw=False, autoLog=True, bold=False, color=array([-1, -1, -1]), colorSpace='rgb', contrast=1.0, depth=0, flipHoriz=False, flipVert=False, font='', fontFiles=[], height=0.04, italic=False, languageStyle='LTR', name='unnamed TextStim', opacity=1.0, ori=0.0, pos=array([0., 0.]), rgb=UNKNOWN, text='The task will begin momentarily. Get ready...', units='height', win=Window(...), wrapWidth=1.0264765784114054)
13.4536 	EXP 	Created unnamed TextStim = TextStim(__class__=<class 'psychopy.visual.text.TextStim'>, alignHoriz=method-wrapper(...), alignText='center', alignVert=method-wrapper(...), anchorHoriz='center', anchorVert='center', antialias=True, autoDraw=False, autoLog=True, bold=False, color=array([-1, -1, -1]), colorSpace='rgb', contrast=1.0, depth=0, flipHoriz=False, flipVert=False, font='', fontFiles=[], height=0.04, italic=False, languageStyle='LTR', name='unnamed TextStim', opacity=1.0, ori=0.0, pos=array([0., 0.]), rgb=UNKNOWN, text=str(...), units='height', win=Window(...), wrapWidth=1.0264765784114054)
13.4645 	EXP 	Created unnamed Polygon = Polygon(__class__=<class 'psychopy.visual.polygon.Polygon'>, anchor=('center', 'center'), autoDraw=False, autoLog=True, closeShape=True, color=method-wrapper(...), colorSpace='rgb', contrast=None, depth=0, fillColor=array([1, 1, 1]), fillColorSpace='rgb', fillRGB=array([1, 1, 1]), interpolate=True, lineColor=array([0, 0, 0]), lineColorSpace='rgb', lineRGB=array([0, 0, 0]), lineWidth=1.5, name='unnamed Polygon', opacity=0.5, ori=0.0, pos=array([0., 0.]), size=array([1., 1.]), units='height', vertices=ndarray(...), win=Window(...))
13.4663 	EXP 	Created unnamed TextStim = TextStim(__class__=<class 'psychopy.visual.text.TextStim'>, alignHoriz=method-wrapper(...), alignText='center', alignVert=method-wrapper(...), anchorHoriz='center', anchorVert='center', antialias=True, autoDraw=False, autoLog=True, bold=False, color=array([-1, -1, -1]), colorSpace='rgb', contrast=1.0, depth=0, flipHoriz=False, flipVert=False, font='Arial', fontFiles=[], height=0.04, italic=False, languageStyle='LTR', name='unnamed TextStim', opacity=1.0, ori=0.0, pos=array([0., 0.]), rgb=UNKNOWN, text='Hello World', units='height', win=Window(...), wrapWidth=1)
13.4673 	EXP 	Created unnamed Polygon = Polygon(__class__=<class 'psychopy.visual.polygon.Polygon'>, anchor=('center', 'center'), autoDraw=False, autoLog=True, closeShape=True, color=method-wrapper(...), colorSpace='rgb', contrast=None, depth=0, fillColor=array([1, 1, 1]), fillColorSpace='rgb', fillRGB=array([1, 1, 1]), interpolate=True, lineColor=array([0, 0, 0]), lineColorSpace='rgb', lineRGB=array([0, 0, 0]), lineWidth=0, name='unnamed Polygon', opacity=0.5, ori=0.0, pos=array([0., 0.]), size=array([1., 1.]), units='height', vertices=ndarray(...), win=Window(...))
13.4724 	EXP 	Created Trial_FB = TextStim(__class__=<class 'psychopy.visual.text.TextStim'>, alignHoriz=method-wrapper(...), alignText='center', alignVert=method-wrapper(...), anchorHoriz='center', anchorVert='center', antialias=True, autoDraw=False, autoLog=True, bold=False, color=array([-1, -1, -1]), colorSpace='rgb', contrast=1.0, depth=0, flipHoriz=False, flipVert=False, font='Arial', fontFiles=[], height=0.07333333333333333, italic=False, languageStyle='LTR', name='Trial_FB', opacity=1.0, ori=0, pos=array([0., 0.]), rgb=UNKNOWN, text='Trial outcome:', units='height', win=Window(...), wrapWidth=1)
13.4750 	EXP 	Created Blank_FB = ImageStim(__class__=<class 'psychopy.visual.image.ImageStim'>, anchor=('center', 'center'), autoLog=True, color=array([1., 1., 1.]), colorSpace='rgb', contrast=1.0, depth=0, flipHoriz=False, flipVert=False, image=None, interpolate=True, mask=None, maskParams=None, name='Blank_FB', opacity=1.0, ori=0.0, pos=array([0., 0.]), size=array([0.19246436, 0.19246436]), texRes=128, units='height', win=Window(...))
13.4794 	EXP 	window1: mouseVisible = False
13.4795 	EXP 	launchScan: vol: 356  TR: 2.000s  skip: 1  sync: 'equal'
13.5148 	EXP 	window1: mouseVisible = True
13.5437 	WARNING 	t of last frame was 252.65ms (=1/3)
13.5437 	EXP 	unnamed RatingScale: flipVert = False
14.6750 	DATA 	Keypress: return
14.6777 	EXP 	window1: mouseVisible = False
14.7030 	WARNING 	t of last frame was 26.12ms (=1/38)
16.7082 	DATA 	EmulatedKey: equal
16.7082 	EXP 	launchScan: start of scan
16.7135 	WARNING 	t of last frame was 2010.50ms (=1/0)
18.7082 	DATA 	EmulatedKey: equal
18.8551 	WARNING 	t of last frame was 2139.10ms (=1/0)
20.7082 	DATA 	EmulatedKey: equal
20.7096 	WARNING 	Multiple dropped frames have occurred - I'll stop bothering you about them!
22.7082 	DATA 	EmulatedKey: equal
24.7082 	DATA 	EmulatedKey: equal
26.7082 	DATA 	EmulatedKey: equal
28.7082 	DATA 	EmulatedKey: equal
30.7082 	DATA 	EmulatedKey: equal
30.8775 	EXP 	unnamed Polygon: edges = 4
30.8775 	EXP 	unnamed TextStim: height = 0.04
30.8775 	EXP 	unnamed TextStim: height = 0.04
30.8775 	EXP 	unnamed TextStim: height = 0.04
30.8775 	EXP 	unnamed TextStim: text = '-$5\n(20% accuracy)'
30.8775 	EXP 	unnamed Polygon: autoDraw = True
30.8775 	EXP 	unnamed TextStim: autoDraw = True
32.7082 	DATA 	EmulatedKey: equal
32.8770 	EXP 	unnamed Polygon: autoDraw = False
32.8770 	EXP 	unnamed TextStim: autoDraw = False
32.8770 	EXP 	unnamed TextStim: autoDraw = True
34.7082 	DATA 	EmulatedKey: equal
34.8793 	EXP 	unnamed TextStim: autoDraw = False
34.8793 	EXP 	unnamed TextStim: autoDraw = False
34.8991 	EXP 	unnamed Polygon: autoDraw = True
35.1323 	DATA 	Keypress: 4
35.1343 	EXP 	unnamed Polygon: autoDraw = False
36.7082 	DATA 	EmulatedKey: equal
36.8995 	EXP 	unnamed Polygon: autoDraw = False
36.8995 	EXP 	Trial_FB: height = 0.07333333333333333
36.8995 	EXP 	Trial_FB: height = 0.07333333333333333
36.8995 	EXP 	Trial_FB: height = 0.07333333333333333
36.8995 	EXP 	Trial_FB: text = 'Trial outcome: $0'
36.8995 	EXP 	Trial_FB: autoDraw = True
38.7082 	DATA 	EmulatedKey: equal
38.8769 	EXP 	Trial_FB: autoDraw = False
38.8769 	EXP 	Trial_FB: autoDraw = False
38.8769 	EXP 	unnamed TextStim: autoDraw = True
40.7082 	DATA 	EmulatedKey: equal
40.8620 	EXP 	unnamed TextStim: autoDraw = False
40.8620 	EXP 	unnamed TextStim: autoDraw = True
42.7082 	DATA 	EmulatedKey: equal
42.8708 	EXP 	unnamed TextStim: autoDraw = False
42.8708 	EXP 	unnamed Polygon: edges = 128
42.8708 	EXP 	unnamed TextStim: height = 0.04
42.8708 	EXP 	unnamed TextStim: height = 0.04
42.8708 	EXP 	unnamed TextStim: height = 0.04
42.8708 	EXP 	unnamed TextStim: text = '+$5\n(50% accuracy)'
42.8708 	EXP 	unnamed Polygon: autoDraw = True
42.8708 	EXP 	unnamed TextStim: autoDraw = True
44.7082 	DATA 	EmulatedKey: equal
44.8638 	EXP 	unnamed Polygon: autoDraw = False
44.8638 	EXP 	unnamed TextStim: autoDraw = False
44.8638 	EXP 	unnamed Polygon: autoDraw = False
44.8638 	EXP 	unnamed TextStim: autoDraw = False
44.8638 	EXP 	unnamed TextStim: autoDraw = True
46.7082 	DATA 	EmulatedKey: equal
46.8594 	EXP 	unnamed TextStim: autoDraw = False
46.8594 	EXP 	unnamed TextStim: autoDraw = False
46.8979 	EXP 	unnamed Polygon: autoDraw = True
47.1328 	DATA 	Keypress: 4
47.1366 	EXP 	unnamed Polygon: autoDraw = False
48.7082 	DATA 	EmulatedKey: equal
48.8678 	EXP 	unnamed Polygon: autoDraw = False
48.8678 	EXP 	Trial_FB: height = 0.07333333333333333
48.8678 	EXP 	Trial_FB: height = 0.07333333333333333
48.8678 	EXP 	Trial_FB: height = 0.07333333333333333
48.8678 	EXP 	Trial_FB: text = 'Trial outcome: +$5'
48.8678 	EXP 	Trial_FB: autoDraw = True
50.7082 	DATA 	EmulatedKey: equal
50.8625 	EXP 	Trial_FB: autoDraw = False
50.8625 	EXP 	unnamed TextStim: autoDraw = True
52.7082 	DATA 	EmulatedKey: equal
52.8599 	EXP 	unnamed TextStim: autoDraw = False
52.8599 	EXP 	unnamed TextStim: autoDraw = True
54.7082 	DATA 	EmulatedKey: equal
54.8682 	EXP 	unnamed TextStim: autoDraw = False
54.8682 	EXP 	unnamed TextStim: autoDraw = False
54.8682 	EXP 	unnamed Polygon: edges = 6
54.8682 	EXP 	unnamed TextStim: height = 0.04
54.8682 	EXP 	unnamed TextStim: height = 0.04
54.8682 	EXP 	unnamed TextStim: height = 0.04
54.8682 	EXP 	unnamed TextStim: text = '$0\n(80% accuracy)'
54.8682 	EXP 	unnamed Polygon: autoDraw = True
54.8682 	EXP 	unnamed TextStim: autoDraw = True
56.7082 	DATA 	EmulatedKey: equal
56.8593 	EXP 	unnamed Polygon: autoDraw = False
56.8593 	EXP 	unnamed TextStim: autoDraw = False
56.8593 	EXP 	unnamed Polygon: autoDraw = False
56.8593 	EXP 	unnamed TextStim: autoDraw = False
56.8593 	EXP 	unnamed TextStim: autoDraw = True
58.7082 	DATA 	EmulatedKey: equal
58.8599 	EXP 	unnamed TextStim: autoDraw = False
58.8599 	EXP 	unnamed TextStim: autoDraw = False
58.8745 	EXP 	unnamed Polygon: autoDraw = True
59.1107 	DATA 	Keypress: 4
59.1344 	EXP 	unnamed Polygon: autoDraw = False
60.7082 	DATA 	EmulatedKey: equal
60.8648 	EXP 	unnamed Polygon: autoDraw = False
60.8648 	EXP 	Trial_FB: height = 0.07333333333333333
60.8648 	EXP 	Trial_FB: height = 0.07333333333333333
60.8648 	EXP 	Trial_FB: height = 0.07333333333333333
60.8648 	EXP 	Trial_FB: text = 'Trial outcome: $0'
60.8648 	EXP 	Trial_FB: autoDraw = True
62.7082 	DATA 	EmulatedKey: equal
62.8608 	EXP 	Trial_FB: autoDraw = False
62.8608 	EXP 	Trial_FB: autoDraw = False
62.8608 	EXP 	unnamed TextStim: autoDraw = True
64.7082 	DATA 	EmulatedKey: equal
64.8655 	EXP 	unnamed TextStim: autoDraw = False
64.8655 	EXP 	unnamed TextStim: autoDraw = False
64.8655 	EXP 	unnamed Polygon: edges = 128
64.8655 	EXP 	unnamed TextStim: height = 0.04
64.8655 	EXP 	unnamed TextStim: height = 0.04
64.8655 	EXP 	unnamed TextStim: height = 0.04
64.8655 	EXP 	unnamed TextStim: text = '+$5\n(80% accuracy)'
64.8655 	EXP 	unnamed Polygon: autoDraw = True
64.8655 	EXP 	unnamed TextStim: autoDraw = True
66.7082 	DATA 	EmulatedKey: equal
66.8601 	EXP 	unnamed Polygon: autoDraw = False
66.8601 	EXP 	unnamed TextStim: autoDraw = False
66.8601 	EXP 	unnamed Polygon: autoDraw = False
66.8601 	EXP 	unnamed TextStim: autoDraw = False
66.8601 	EXP 	unnamed TextStim: autoDraw = True
68.7082 	DATA 	EmulatedKey: equal
68.8603 	EXP 	unnamed TextStim: autoDraw = False
68.8960 	EXP 	unnamed Polygon: autoDraw = True
69.0871 	DATA 	Keypress: 4
69.1232 	EXP 	unnamed Polygon: autoDraw = False
70.7082 	DATA 	EmulatedKey: equal
70.8681 	EXP 	unnamed Polygon: autoDraw = False
70.8681 	EXP 	Trial_FB: height = 0.07333333333333333
70.8681 	EXP 	Trial_FB: height = 0.07333333333333333
70.8681 	EXP 	Trial_FB: height = 0.07333333333333333
70.8681 	EXP 	Trial_FB: text = 'Trial outcome: +$5'
70.8681 	EXP 	Trial_FB: autoDraw = True
72.7082 	DATA 	EmulatedKey: equal
72.8647 	EXP 	Trial_FB: autoDraw = False
72.8647 	EXP 	unnamed TextStim: autoDraw = True
74.7082 	DATA 	EmulatedKey: equal
74.8678 	EXP 	unnamed TextStim: autoDraw = False
74.8678 	EXP 	unnamed TextStim: autoDraw = False
74.8678 	EXP 	unnamed Polygon: edges = 4
74.8678 	EXP 	unnamed TextStim: height = 0.04
74.8678 	EXP 	unnamed TextStim: height = 0.04
74.8678 	EXP 	unnamed TextStim: height = 0.04
74.8678 	EXP 	unnamed TextStim: text = '-$5\n(80% accuracy)'
74.8678 	EXP 	unnamed Polygon: autoDraw = True
74.8678 	EXP 	unnamed TextStim: autoDraw = True
76.7082 	DATA 	EmulatedKey: equal
76.8601 	EXP 	unnamed Polygon: autoDraw = False
76.8601 	EXP 	unnamed TextStim: autoDraw = False
76.8601 	EXP 	unnamed Polygon: autoDraw = False
76.8601 	EXP 	unnamed TextStim: autoDraw = False
76.8601 	EXP 	unnamed TextStim: autoDraw = True
78.7082 	DATA 	EmulatedKey: equal
78.8594 	EXP 	unnamed TextStim: autoDraw = False
78.8594 	EXP 	unnamed TextStim: autoDraw = False
78.8980 	EXP 	unnamed Polygon: autoDraw = True
79.0656 	DATA 	Keypress: 4
79.1090 	EXP 	unnamed Polygon: autoDraw = False
80.7082 	DATA 	EmulatedKey: equal
80.8662 	EXP 	unnamed Polygon: autoDraw = False
80.8662 	EXP 	Trial_FB: height = 0.07333333333333333
80.8662 	EXP 	Trial_FB: height = 0.07333333333333333
80.8662 	EXP 	Trial_FB: height = 0.07333333333333333
80.8662 	EXP 	Trial_FB: text = 'Trial outcome: $0'
80.8662 	EXP 	Trial_FB: autoDraw = True
82.7082 	DATA 	EmulatedKey: equal
82.8600 	EXP 	Trial_FB: autoDraw = False
82.8600 	EXP 	Trial_FB: autoDraw = False
82.8600 	EXP 	unnamed TextStim: autoDraw = True
84.7082 	DATA 	EmulatedKey: equal
84.8582 	EXP 	unnamed TextStim: autoDraw = False
84.8582 	EXP 	unnamed TextStim: autoDraw = False
84.8582 	EXP 	unnamed TextStim: autoDraw = True
86.7082 	DATA 	EmulatedKey: equal
86.8685 	EXP 	unnamed TextStim: autoDraw = False
86.8685 	EXP 	unnamed Polygon: edges = 128
86.8685 	EXP 	unnamed TextStim: height = 0.04
86.8685 	EXP 	unnamed TextStim: height = 0.04
86.8685 	EXP 	unnamed TextStim: height = 0.04
86.8685 	EXP 	unnamed TextStim: text = '+$5\n(20% accuracy)'
86.8685 	EXP 	unnamed Polygon: autoDraw = True
86.8685 	EXP 	unnamed TextStim: autoDraw = True
88.7082 	DATA 	EmulatedKey: equal
88.8616 	EXP 	unnamed Polygon: autoDraw = False
88.8616 	EXP 	unnamed TextStim: autoDraw = False
88.8616 	EXP 	unnamed Polygon: autoDraw = False
88.8616 	EXP 	unnamed TextStim: autoDraw = False
88.8616 	EXP 	unnamed TextStim: autoDraw = True
90.7082 	DATA 	EmulatedKey: equal
90.8589 	EXP 	unnamed TextStim: autoDraw = False
90.8589 	EXP 	unnamed TextStim: autoDraw = False
90.8764 	EXP 	unnamed Polygon: autoDraw = True
91.1106 	EXP 	unnamed Polygon: autoDraw = False
92.7082 	DATA 	EmulatedKey: equal
92.8647 	EXP 	unnamed Polygon: autoDraw = False
92.8647 	EXP 	Trial_FB: text = 'Trial outcome: $0'
92.8647 	EXP 	Trial_FB: autoDraw = True
94.7082 	DATA 	EmulatedKey: equal
94.8616 	EXP 	Trial_FB: autoDraw = False
94.8616 	EXP 	Trial_FB: autoDraw = False
94.8616 	EXP 	unnamed TextStim: autoDraw = True
96.7082 	DATA 	EmulatedKey: equal
96.8568 	EXP 	unnamed TextStim: autoDraw = False
96.8568 	EXP 	unnamed TextStim: autoDraw = False
96.8568 	EXP 	unnamed Polygon: edges = 6
96.8568 	EXP 	unnamed TextStim: height = 0.04
96.8568 	EXP 	unnamed TextStim: height = 0.04
96.8568 	EXP 	unnamed TextStim: height = 0.04
96.8568 	EXP 	unnamed TextStim: text = '$0\n(50% accuracy)'
96.8568 	EXP 	unnamed Polygon: autoDraw = True
96.8568 	EXP 	unnamed TextStim: autoDraw = True
98.7082 	DATA 	EmulatedKey: equal
98.8433 	EXP 	unnamed Polygon: autoDraw = False
98.8433 	EXP 	unnamed TextStim: autoDraw = False
98.8433 	EXP 	unnamed Polygon: autoDraw = False
98.8433 	EXP 	unnamed TextStim: autoDraw = False
98.8433 	EXP 	unnamed TextStim: autoDraw = True
100.7082 	DATA 	EmulatedKey: equal
100.8420 	EXP 	unnamed TextStim: autoDraw = False
100.8420 	EXP 	unnamed TextStim: autoDraw = False
100.8600 	EXP 	unnamed Polygon: autoDraw = True
101.0776 	DATA 	Keypress: 4
101.0961 	EXP 	unnamed Polygon: autoDraw = False
102.7082 	DATA 	EmulatedKey: equal
102.8569 	EXP 	unnamed Polygon: autoDraw = False
102.8569 	EXP 	Trial_FB: text = 'Trial outcome: $0'
102.8569 	EXP 	Trial_FB: autoDraw = True
104.7082 	DATA 	EmulatedKey: equal
104.8448 	EXP 	Trial_FB: autoDraw = False
104.8448 	EXP 	Trial_FB: autoDraw = False
104.8448 	EXP 	unnamed TextStim: autoDraw = True
106.7082 	DATA 	EmulatedKey: equal
106.8690 	EXP 	unnamed TextStim: autoDraw = False
106.8690 	EXP 	unnamed Polygon: edges = 4
106.8690 	EXP 	unnamed TextStim: height = 0.04
106.8690 	EXP 	unnamed TextStim: height = 0.04
106.8690 	EXP 	unnamed TextStim: height = 0.04
106.8690 	EXP 	unnamed TextStim: text = '-$5\n(50% accuracy)'
106.8690 	EXP 	unnamed Polygon: autoDraw = True
106.8690 	EXP 	unnamed TextStim: autoDraw = True
108.7082 	DATA 	EmulatedKey: equal
108.8613 	EXP 	unnamed Polygon: autoDraw = False
108.8613 	EXP 	unnamed TextStim: autoDraw = False
108.8613 	EXP 	unnamed Polygon: autoDraw = False
108.8613 	EXP 	unnamed TextStim: autoDraw = False
108.8613 	EXP 	unnamed TextStim: autoDraw = True
110.7082 	DATA 	EmulatedKey: equal
110.8621 	EXP 	unnamed TextStim: autoDraw = False
110.8621 	EXP 	unnamed TextStim: autoDraw = False
110.8819 	EXP 	unnamed Polygon: autoDraw = True
111.0963 	EXP 	unnamed Polygon: autoDraw = False
111.0981 	DATA 	Keypress: 4
112.7082 	DATA 	EmulatedKey: equal
112.8703 	EXP 	unnamed Polygon: autoDraw = False
112.8703 	EXP 	Trial_FB: height = 0.07333333333333333
112.8703 	EXP 	Trial_FB: height = 0.07333333333333333
112.8703 	EXP 	Trial_FB: height = 0.07333333333333333
112.8703 	EXP 	Trial_FB: text = 'Trial outcome: -$5'
112.8703 	EXP 	Trial_FB: autoDraw = True
114.7082 	DATA 	EmulatedKey: equal
114.8637 	EXP 	Trial_FB: autoDraw = False
114.8637 	EXP 	Trial_FB: autoDraw = False
114.8637 	EXP 	unnamed TextStim: autoDraw = True
116.7082 	DATA 	EmulatedKey: equal
116.8598 	EXP 	unnamed TextStim: autoDraw = False
116.8598 	EXP 	unnamed TextStim: autoDraw = True
118.7082 	DATA 	EmulatedKey: equal
118.8537 	EXP 	unnamed TextStim: autoDraw = False
118.8537 	EXP 	unnamed TextStim: autoDraw = False
118.8537 	EXP 	unnamed Polygon: edges = 6
118.8537 	EXP 	unnamed TextStim: height = 0.04
118.8537 	EXP 	unnamed TextStim: height = 0.04
118.8537 	EXP 	unnamed TextStim: height = 0.04
118.8537 	EXP 	unnamed TextStim: text = '$0\n(20% accuracy)'
118.8537 	EXP 	unnamed Polygon: autoDraw = True
118.8537 	EXP 	unnamed TextStim: autoDraw = True
120.7082 	DATA 	EmulatedKey: equal
120.8431 	EXP 	unnamed Polygon: autoDraw = False
120.8431 	EXP 	unnamed TextStim: autoDraw = False
120.8431 	EXP 	unnamed Polygon: autoDraw = False
120.8431 	EXP 	unnamed TextStim: autoDraw = False
120.8431 	EXP 	unnamed TextStim: autoDraw = True
122.7082 	DATA 	EmulatedKey: equal
122.8451 	EXP 	unnamed TextStim: autoDraw = False
122.8629 	EXP 	unnamed Polygon: autoDraw = True
123.1021 	EXP 	unnamed Polygon: autoDraw = False
124.7082 	DATA 	EmulatedKey: equal
124.8525 	EXP 	unnamed Polygon: autoDraw = False
124.8525 	EXP 	Trial_FB: height = 0.07333333333333333
124.8525 	EXP 	Trial_FB: height = 0.07333333333333333
124.8525 	EXP 	Trial_FB: height = 0.07333333333333333
124.8525 	EXP 	Trial_FB: text = 'Trial outcome: $0'
124.8525 	EXP 	Trial_FB: autoDraw = True
126.7082 	DATA 	EmulatedKey: equal
126.8419 	EXP 	Trial_FB: autoDraw = False
126.8419 	EXP 	Trial_FB: autoDraw = False
126.8419 	EXP 	unnamed TextStim: autoDraw = True
128.7082 	DATA 	EmulatedKey: equal
128.8624 	EXP 	unnamed TextStim: autoDraw = False
130.7082 	DATA 	EmulatedKey: equal
132.7082 	DATA 	EmulatedKey: equal
134.7082 	DATA 	EmulatedKey: equal
136.7082 	DATA 	EmulatedKey: equal
138.7082 	DATA 	EmulatedKey: equal
139.2426 	DATA 	Keypress: 0
139.2582 	EXP 	window1: mouseVisible = True
