3.4843 	WARNING 	We strongly recommend you activate the PTB sound engine in PsychoPy prefs as the preferred audio engine. Its timing is vastly superior. Your prefs are currently set to use ['sounddevice', 'PTB', 'pyo', 'pygame'] (in that order).
7.3497 	WARNING 	Monitor specification not found. Creating a temporary one...
8.4588 	WARNING 	Couldn't measure a consistent frame rate!
  - Is your graphics card set to sync to vertical blank?
  - Are you running other processes on your computer?

8.4598 	EXP 	Created window1 = Window(allowGUI=True, allowStencil=False, autoLog=True, backendConf=UNKNOWN, bitsMode=UNKNOWN, blendMode='avg', bpc=(8, 8, 8), color=array([0.2, 0.2, 0.2]), colorSpace='rgb', depthBits=8, fullscr=<method-wrapper '__getattribute__' of attributeSetter object at 0x7f9d088a7ac0>, gamma=None, gammaErrorPolicy='raise', lms=UNKNOWN, monitor=<psychopy.monitors.calibTools.Monitor object at 0x7f9ca9b99a00>, multiSample=False, name='window1', numSamples=2, pos=[378.0, 245.5], screen=0, size=array([3024, 1964]), stencilBits=0, stereo=False, units='height', useFBO=False, useRetina=True, viewOri=0.0, viewPos=None, viewScale=None, waitBlanking=True, winType='pyglet')
8.4600 	EXP 	window1: mouseVisible = True
8.4601 	EXP 	window1: Attempting to measure frame rate of screen (0) ...
8.4601 	EXP 	window1: recordFrameIntervals = False
8.5517 	EXP 	window1: recordFrameIntervals = True
9.3820 	WARNING 	Couldn't measure a consistent frame rate!
  - Is your graphics card set to sync to vertical blank?
  - Are you running other processes on your computer?

9.4352 	EXP 	Created unnamed TextStim = TextStim(__class__=<class 'psychopy.visual.text.TextStim'>, alignHoriz=method-wrapper(...), alignText='center', alignVert=method-wrapper(...), anchorHoriz='center', anchorVert='center', antialias=True, autoDraw=False, autoLog=True, bold=False, color=array([-1, -1, -1]), colorSpace='rgb', contrast=1.0, depth=0, flipHoriz=False, flipVert=False, font='', fontFiles=[], height=0.04, italic=False, languageStyle='LTR', name='unnamed TextStim', opacity=1.0, ori=0.0, pos=array([ 0.  , -0.25]), rgb=UNKNOWN, text='Press 4 to continue.', units='height', win=Window(...), wrapWidth=1)
9.4408 	EXP 	Created unnamed TextStim = TextStim(__class__=<class 'psychopy.visual.text.TextStim'>, alignHoriz=method-wrapper(...), alignText='center', alignVert=method-wrapper(...), anchorHoriz='center', anchorVert='center', antialias=True, autoDraw=False, autoLog=True, bold=False, color=array([-1, -1, -1]), colorSpace='rgb', contrast=1.0, depth=0, flipHoriz=False, flipVert=False, font='', fontFiles=[], height=0.04, italic=False, languageStyle='LTR', name='unnamed TextStim', opacity=1.0, ori=0.0, pos=array([ 0.  , -0.25]), rgb=UNKNOWN, text='Press 4 to continue, or 3 to go back.', units='height', win=Window(...), wrapWidth=1)
9.4441 	EXP 	Created unnamed TextStim = TextStim(__class__=<class 'psychopy.visual.text.TextStim'>, alignHoriz=method-wrapper(...), alignText='center', alignVert=method-wrapper(...), anchorHoriz='center', anchorVert='center', antialias=True, autoDraw=False, autoLog=True, bold=False, color=array([-1, -1, -1]), colorSpace='rgb', contrast=1.0, depth=0, flipHoriz=False, flipVert=False, font='', fontFiles=[], height=0.08, italic=False, languageStyle='LTR', name='unnamed TextStim', opacity=1.0, ori=0.0, pos=array([0., 0.]), rgb=UNKNOWN, text='+', units='height', win=Window(...), wrapWidth=1)
9.4514 	EXP 	Created unnamed TextStim = TextStim(__class__=<class 'psychopy.visual.text.TextStim'>, alignHoriz=method-wrapper(...), alignText='center', alignVert=method-wrapper(...), anchorHoriz='center', anchorVert='center', antialias=True, autoDraw=False, autoLog=True, bold=False, color=array([-1, -1, -1]), colorSpace='rgb', contrast=1.0, depth=0, flipHoriz=False, flipVert=False, font='Arial', fontFiles=[], height=0.04, italic=False, languageStyle='LTR', name='unnamed TextStim', opacity=1.0, ori=0.0, pos=array([0. , 0.1]), rgb=UNKNOWN, text='Hello World', units='height', win=Window(...), wrapWidth=1.0264765784114054)
9.4642 	EXP 	Created unnamed TextStim = TextStim(__class__=<class 'psychopy.visual.text.TextStim'>, alignHoriz=method-wrapper(...), alignText='center', alignVert=method-wrapper(...), anchorHoriz='center', anchorVert='center', antialias=True, autoDraw=False, autoLog=True, bold=False, color=array([-1, -1, -1]), colorSpace='rgb', contrast=1.0, depth=0, flipHoriz=False, flipVert=False, font='', fontFiles=[], height=0.04, italic=False, languageStyle='LTR', name='unnamed TextStim', opacity=1.0, ori=0.0, pos=array([0., 0.]), rgb=UNKNOWN, text=str(...), units='height', win=Window(...), wrapWidth=1.0264765784114054)
9.4677 	EXP 	Created unnamed TextStim = TextStim(__class__=<class 'psychopy.visual.text.TextStim'>, alignHoriz=method-wrapper(...), alignText='center', alignVert=method-wrapper(...), anchorHoriz='center', anchorVert='center', antialias=True, autoDraw=False, autoLog=True, bold=False, color=array([-1, -1, -1]), colorSpace='rgb', contrast=1.0, depth=0, flipHoriz=False, flipVert=False, font='', fontFiles=[], height=0.04, italic=False, languageStyle='LTR', name='unnamed TextStim', opacity=1.0, ori=0.0, pos=array([0., 0.]), rgb=UNKNOWN, text='The task will begin momentarily. Get ready...', units='height', win=Window(...), wrapWidth=1.0264765784114054)
9.4714 	EXP 	Created unnamed TextStim = TextStim(__class__=<class 'psychopy.visual.text.TextStim'>, alignHoriz=method-wrapper(...), alignText='center', alignVert=method-wrapper(...), anchorHoriz='center', anchorVert='center', antialias=True, autoDraw=False, autoLog=True, bold=False, color=array([-1, -1, -1]), colorSpace='rgb', contrast=1.0, depth=0, flipHoriz=False, flipVert=False, font='', fontFiles=[], height=0.04, italic=False, languageStyle='LTR', name='unnamed TextStim', opacity=1.0, ori=0.0, pos=array([0., 0.]), rgb=UNKNOWN, text=str(...), units='height', win=Window(...), wrapWidth=1.0264765784114054)
9.4755 	EXP 	Created unnamed Polygon = Polygon(__class__=<class 'psychopy.visual.polygon.Polygon'>, anchor=('center', 'center'), autoDraw=False, autoLog=True, closeShape=True, color=method-wrapper(...), colorSpace='rgb', contrast=None, depth=0, fillColor=array([1, 1, 1]), fillColorSpace='rgb', fillRGB=array([1, 1, 1]), interpolate=True, lineColor=array([0, 0, 0]), lineColorSpace='rgb', lineRGB=array([0, 0, 0]), lineWidth=1.5, name='unnamed Polygon', opacity=0.5, ori=0.0, pos=array([0., 0.]), size=array([1., 1.]), units='height', vertices=ndarray(...), win=Window(...))
9.4771 	EXP 	Created unnamed TextStim = TextStim(__class__=<class 'psychopy.visual.text.TextStim'>, alignHoriz=method-wrapper(...), alignText='center', alignVert=method-wrapper(...), anchorHoriz='center', anchorVert='center', antialias=True, autoDraw=False, autoLog=True, bold=False, color=array([-1, -1, -1]), colorSpace='rgb', contrast=1.0, depth=0, flipHoriz=False, flipVert=False, font='Arial', fontFiles=[], height=0.04, italic=False, languageStyle='LTR', name='unnamed TextStim', opacity=1.0, ori=0.0, pos=array([0., 0.]), rgb=UNKNOWN, text='Hello World', units='height', win=Window(...), wrapWidth=1)
9.4780 	EXP 	Created unnamed Polygon = Polygon(__class__=<class 'psychopy.visual.polygon.Polygon'>, anchor=('center', 'center'), autoDraw=False, autoLog=True, closeShape=True, color=method-wrapper(...), colorSpace='rgb', contrast=None, depth=0, fillColor=array([1, 1, 1]), fillColorSpace='rgb', fillRGB=array([1, 1, 1]), interpolate=True, lineColor=array([0, 0, 0]), lineColorSpace='rgb', lineRGB=array([0, 0, 0]), lineWidth=0, name='unnamed Polygon', opacity=0.5, ori=0.0, pos=array([0., 0.]), size=array([1., 1.]), units='height', vertices=ndarray(...), win=Window(...))
9.4826 	EXP 	Created Trial_FB = TextStim(__class__=<class 'psychopy.visual.text.TextStim'>, alignHoriz=method-wrapper(...), alignText='center', alignVert=method-wrapper(...), anchorHoriz='center', anchorVert='center', antialias=True, autoDraw=False, autoLog=True, bold=False, color=array([ 1.        ,  0.29411765, -1.        ]), colorSpace='rgb', contrast=1.0, depth=0, flipHoriz=False, flipVert=False, font='Arial', fontFiles=[], height=0.07333333333333333, italic=False, languageStyle='LTR', name='Trial_FB', opacity=1.0, ori=0, pos=array([0.        , 0.16666667]), rgb=UNKNOWN, text='Trial earnings:', units='height', win=Window(...), wrapWidth=1)
9.4868 	EXP 	Created Exp_FB = TextStim(__class__=<class 'psychopy.visual.text.TextStim'>, alignHoriz=method-wrapper(...), alignText='center', alignVert=method-wrapper(...), anchorHoriz='center', anchorVert='center', antialias=True, autoDraw=False, autoLog=True, bold=False, color=array([-1,  1,  1]), colorSpace='rgb', contrast=1.0, depth=0, flipHoriz=False, flipVert=False, font='Arial', fontFiles=[], height=0.07333333333333333, italic=False, languageStyle='LTR', name='Exp_FB', opacity=1.0, ori=0, pos=array([ 0.  , -0.05]), rgb=UNKNOWN, text='Total earnings:', units='height', win=Window(...), wrapWidth=1)
9.4879 	EXP 	Created Blank_FB = ImageStim(__class__=<class 'psychopy.visual.image.ImageStim'>, anchor=('center', 'center'), autoLog=True, color=array([1., 1., 1.]), colorSpace='rgb', contrast=1.0, depth=0, flipHoriz=False, flipVert=False, image=None, interpolate=True, mask=None, maskParams=None, name='Blank_FB', opacity=1.0, ori=0.0, pos=array([0., 0.]), size=array([0.19246436, 0.19246436]), texRes=128, units='height', win=Window(...))
9.4917 	EXP 	window1: mouseVisible = False
9.5182 	WARNING 	t of last frame was 136.50ms (=1/7)
9.5182 	EXP 	unnamed TextStim: height = 0.04
9.5182 	EXP 	unnamed TextStim: height = 0.04
9.5182 	EXP 	unnamed TextStim: height = 0.04
9.5182 	EXP 	unnamed TextStim: text = 'In the next task, you will be able to win money if you are quick enough. Your task is to press a button when you see the white triangle. On trials where the white triangle is preceded by a circle, you will win $5 if you press the key while the white triangle is on the screen. On trials where the white triangle is preceded by a diamond, you will avoid losing $5 if you press the key while the white triangle is on the screen. On trials where the white triangle is preceded by a hexagon, you will neither win nor lose anything, but we still want you to press any key while the white triangle is on the screen.'
10.6529 	DATA 	Keypress: 4
10.6655 	WARNING 	t of last frame was 1147.28ms (=1/0)
10.6655 	EXP 	unnamed TextStim: height = 0.04
10.6655 	EXP 	unnamed TextStim: height = 0.04
10.6655 	EXP 	unnamed TextStim: height = 0.04
10.6655 	EXP 	unnamed TextStim: text = 'Each trial will also be either low (20%), medium (50%), or high (80%) accuracy level. The white triangle will be shown for a shorter duration in low accuracy trials and a longer duration in high accuracy trials.'
11.3157 	DATA 	Keypress: 4
11.3303 	WARNING 	t of last frame was 664.81ms (=1/1)
11.3303 	EXP 	unnamed TextStim: height = 0.04
11.3303 	EXP 	unnamed TextStim: height = 0.04
11.3303 	EXP 	unnamed TextStim: height = 0.04
11.3303 	EXP 	unnamed TextStim: text = 'Finally, after each trial, you will see the monetary reward earned on the last trial and the total money gained in this task so far. We will add whatever you win in this task to the amount that we pay you today. No practice trials will be presented for this task, and it will include two sessions, each lasting several minutes. If you have questions or are unsure about what your task is, please ask the experimenter now.'
12.2868 	DATA 	Keypress: 4
12.2936 	WARNING 	t of last frame was 963.34ms (=1/1)
15.9411 	DATA 	Keypress: 4
17.0648 	DATA 	Keypress: 0
17.0652 	EXP 	launchScan: vol: 110  TR: 2.000s  skip: 6  sync: 'equal'
17.0850 	EXP 	window1: mouseVisible = True
17.1172 	WARNING 	Multiple dropped frames have occurred - I'll stop bothering you about them!
17.1171 	EXP 	unnamed RatingScale: flipVert = False
18.7485 	DATA 	Keypress: return
18.7613 	EXP 	window1: mouseVisible = False
30.8151 	DATA 	EmulatedKey: equal
30.8152 	EXP 	launchScan: start of scan
32.8151 	DATA 	EmulatedKey: equal
34.8151 	DATA 	EmulatedKey: equal
36.8151 	DATA 	EmulatedKey: equal
38.8154 	DATA 	EmulatedKey: equal
40.8151 	DATA 	EmulatedKey: equal
42.8151 	DATA 	EmulatedKey: equal
44.8151 	DATA 	EmulatedKey: equal
44.9623 	EXP 	unnamed Polygon: edges = 4
44.9623 	EXP 	unnamed TextStim: height = 0.04
44.9623 	EXP 	unnamed TextStim: height = 0.04
44.9623 	EXP 	unnamed TextStim: height = 0.04
44.9623 	EXP 	unnamed TextStim: text = '-$5\n(20% accuracy)'
44.9623 	EXP 	unnamed Polygon: autoDraw = True
44.9623 	EXP 	unnamed TextStim: autoDraw = True
46.8151 	DATA 	EmulatedKey: equal
46.9535 	EXP 	unnamed Polygon: autoDraw = False
46.9535 	EXP 	unnamed TextStim: autoDraw = False
46.9535 	EXP 	unnamed Polygon: autoDraw = False
46.9535 	EXP 	unnamed TextStim: autoDraw = False
46.9535 	EXP 	unnamed TextStim: autoDraw = True
48.8151 	DATA 	EmulatedKey: equal
48.9533 	EXP 	unnamed TextStim: autoDraw = False
48.9882 	EXP 	unnamed Polygon: autoDraw = True
49.2331 	EXP 	unnamed Polygon: autoDraw = False
49.3065 	DATA 	Keypress: 4
50.8151 	DATA 	EmulatedKey: equal
50.9700 	EXP 	unnamed Polygon: autoDraw = False
50.9700 	EXP 	Trial_FB: height = 0.07333333333333333
50.9700 	EXP 	Trial_FB: height = 0.07333333333333333
50.9700 	EXP 	Trial_FB: height = 0.07333333333333333
50.9700 	EXP 	Trial_FB: text = 'Trial loss: -$5'
50.9700 	EXP 	Exp_FB: height = 0.07333333333333333
50.9700 	EXP 	Exp_FB: height = 0.07333333333333333
50.9700 	EXP 	Exp_FB: height = 0.07333333333333333
50.9700 	EXP 	Exp_FB: text = 'Total earnings: $-5'
50.9700 	EXP 	Trial_FB: autoDraw = True
50.9700 	EXP 	Exp_FB: autoDraw = True
52.8151 	DATA 	EmulatedKey: equal
52.9497 	EXP 	Trial_FB: autoDraw = False
52.9497 	EXP 	Exp_FB: autoDraw = False
52.9497 	EXP 	Trial_FB: autoDraw = False
52.9497 	EXP 	Exp_FB: autoDraw = False
52.9497 	EXP 	unnamed TextStim: autoDraw = True
54.8151 	DATA 	EmulatedKey: equal
54.9425 	EXP 	unnamed TextStim: autoDraw = False
54.9425 	EXP 	unnamed TextStim: autoDraw = False
54.9425 	EXP 	unnamed Polygon: edges = 128
54.9425 	EXP 	unnamed TextStim: height = 0.04
54.9425 	EXP 	unnamed TextStim: height = 0.04
54.9425 	EXP 	unnamed TextStim: height = 0.04
54.9425 	EXP 	unnamed TextStim: text = '+$5\n(50% accuracy)'
54.9425 	EXP 	unnamed Polygon: autoDraw = True
54.9425 	EXP 	unnamed TextStim: autoDraw = True
56.8151 	DATA 	EmulatedKey: equal
56.9334 	EXP 	unnamed Polygon: autoDraw = False
56.9334 	EXP 	unnamed TextStim: autoDraw = False
56.9334 	EXP 	unnamed Polygon: autoDraw = False
56.9334 	EXP 	unnamed TextStim: autoDraw = False
56.9334 	EXP 	unnamed TextStim: autoDraw = True
58.8151 	DATA 	EmulatedKey: equal
58.9316 	EXP 	unnamed TextStim: autoDraw = False
58.9316 	EXP 	unnamed TextStim: autoDraw = False
58.9490 	EXP 	unnamed Polygon: autoDraw = True
59.1523 	DATA 	Keypress: 4
59.1971 	EXP 	unnamed Polygon: autoDraw = False
60.8152 	DATA 	EmulatedKey: equal
60.9375 	EXP 	unnamed Polygon: autoDraw = False
60.9375 	EXP 	Trial_FB: height = 0.07333333333333333
60.9375 	EXP 	Trial_FB: height = 0.07333333333333333
60.9375 	EXP 	Trial_FB: height = 0.07333333333333333
60.9375 	EXP 	Trial_FB: text = 'Trial earnings: +$5'
60.9375 	EXP 	Exp_FB: height = 0.07333333333333333
60.9375 	EXP 	Exp_FB: height = 0.07333333333333333
60.9375 	EXP 	Exp_FB: height = 0.07333333333333333
60.9375 	EXP 	Exp_FB: text = 'Total earnings: $0'
60.9375 	EXP 	Trial_FB: autoDraw = True
60.9375 	EXP 	Exp_FB: autoDraw = True
62.8151 	DATA 	EmulatedKey: equal
62.9326 	EXP 	Trial_FB: autoDraw = False
62.9326 	EXP 	Exp_FB: autoDraw = False
62.9326 	EXP 	unnamed TextStim: autoDraw = True
64.8151 	DATA 	EmulatedKey: equal
64.9440 	EXP 	unnamed TextStim: autoDraw = False
64.9440 	EXP 	unnamed TextStim: autoDraw = False
64.9440 	EXP 	unnamed Polygon: edges = 6
64.9440 	EXP 	unnamed TextStim: height = 0.04
64.9440 	EXP 	unnamed TextStim: height = 0.04
64.9440 	EXP 	unnamed TextStim: height = 0.04
64.9440 	EXP 	unnamed TextStim: text = '$0\n(80% accuracy)'
64.9440 	EXP 	unnamed Polygon: autoDraw = True
64.9440 	EXP 	unnamed TextStim: autoDraw = True
66.8151 	DATA 	EmulatedKey: equal
66.9318 	EXP 	unnamed Polygon: autoDraw = False
66.9318 	EXP 	unnamed TextStim: autoDraw = False
66.9318 	EXP 	unnamed Polygon: autoDraw = False
66.9318 	EXP 	unnamed TextStim: autoDraw = False
66.9318 	EXP 	unnamed TextStim: autoDraw = True
68.8151 	DATA 	EmulatedKey: equal
68.9324 	EXP 	unnamed TextStim: autoDraw = False
68.9324 	EXP 	unnamed TextStim: autoDraw = False
68.9490 	EXP 	unnamed Polygon: autoDraw = True
69.1841 	DATA 	Keypress: 4
69.2074 	EXP 	unnamed Polygon: autoDraw = False
70.8151 	DATA 	EmulatedKey: equal
70.9429 	EXP 	unnamed Polygon: autoDraw = False
70.9429 	EXP 	Trial_FB: height = 0.07333333333333333
70.9429 	EXP 	Trial_FB: height = 0.07333333333333333
70.9429 	EXP 	Trial_FB: height = 0.07333333333333333
70.9429 	EXP 	Trial_FB: text = 'Trial earnings: $0'
70.9429 	EXP 	Exp_FB: text = 'Total earnings: $0'
70.9429 	EXP 	Trial_FB: autoDraw = True
70.9429 	EXP 	Exp_FB: autoDraw = True
72.8151 	DATA 	EmulatedKey: equal
72.9323 	EXP 	Trial_FB: autoDraw = False
72.9323 	EXP 	Exp_FB: autoDraw = False
72.9323 	EXP 	Trial_FB: autoDraw = False
72.9323 	EXP 	Exp_FB: autoDraw = False
72.9323 	EXP 	unnamed TextStim: autoDraw = True
74.8151 	DATA 	EmulatedKey: equal
74.9446 	EXP 	unnamed TextStim: autoDraw = False
74.9446 	EXP 	unnamed TextStim: autoDraw = False
74.9446 	EXP 	unnamed Polygon: edges = 128
74.9446 	EXP 	unnamed TextStim: height = 0.04
74.9446 	EXP 	unnamed TextStim: height = 0.04
74.9446 	EXP 	unnamed TextStim: height = 0.04
74.9446 	EXP 	unnamed TextStim: text = '+$5\n(80% accuracy)'
74.9446 	EXP 	unnamed Polygon: autoDraw = True
74.9446 	EXP 	unnamed TextStim: autoDraw = True
76.8151 	DATA 	EmulatedKey: equal
76.9368 	EXP 	unnamed Polygon: autoDraw = False
76.9368 	EXP 	unnamed TextStim: autoDraw = False
76.9368 	EXP 	unnamed Polygon: autoDraw = False
76.9368 	EXP 	unnamed TextStim: autoDraw = False
76.9368 	EXP 	unnamed TextStim: autoDraw = True
78.8151 	DATA 	EmulatedKey: equal
78.9308 	EXP 	unnamed TextStim: autoDraw = False
78.9308 	EXP 	unnamed TextStim: autoDraw = False
78.9457 	EXP 	unnamed Polygon: autoDraw = True
79.1866 	DATA 	Keypress: 4
79.1901 	EXP 	unnamed Polygon: autoDraw = False
80.8151 	DATA 	EmulatedKey: equal
80.9379 	EXP 	unnamed Polygon: autoDraw = False
80.9379 	EXP 	Trial_FB: height = 0.07333333333333333
80.9379 	EXP 	Trial_FB: height = 0.07333333333333333
80.9379 	EXP 	Trial_FB: height = 0.07333333333333333
80.9379 	EXP 	Trial_FB: text = 'Trial earnings: +$5'
80.9379 	EXP 	Exp_FB: height = 0.07333333333333333
80.9379 	EXP 	Exp_FB: height = 0.07333333333333333
80.9379 	EXP 	Exp_FB: height = 0.07333333333333333
80.9379 	EXP 	Exp_FB: text = 'Total earnings: $5'
80.9379 	EXP 	Trial_FB: autoDraw = True
80.9379 	EXP 	Exp_FB: autoDraw = True
82.8151 	DATA 	EmulatedKey: equal
82.9335 	EXP 	Trial_FB: autoDraw = False
82.9335 	EXP 	Exp_FB: autoDraw = False
82.9335 	EXP 	Trial_FB: autoDraw = False
82.9335 	EXP 	Exp_FB: autoDraw = False
82.9335 	EXP 	unnamed TextStim: autoDraw = True
84.8151 	DATA 	EmulatedKey: equal
84.9497 	EXP 	unnamed TextStim: autoDraw = False
84.9497 	EXP 	unnamed TextStim: autoDraw = False
84.9497 	EXP 	unnamed Polygon: edges = 128
84.9497 	EXP 	unnamed TextStim: height = 0.04
84.9497 	EXP 	unnamed TextStim: height = 0.04
84.9497 	EXP 	unnamed TextStim: height = 0.04
84.9497 	EXP 	unnamed TextStim: text = '+$5\n(20% accuracy)'
84.9497 	EXP 	unnamed Polygon: autoDraw = True
84.9497 	EXP 	unnamed TextStim: autoDraw = True
86.8151 	DATA 	EmulatedKey: equal
86.9442 	EXP 	unnamed Polygon: autoDraw = False
86.9442 	EXP 	unnamed TextStim: autoDraw = False
86.9442 	EXP 	unnamed Polygon: autoDraw = False
86.9442 	EXP 	unnamed TextStim: autoDraw = False
86.9442 	EXP 	unnamed TextStim: autoDraw = True
88.8151 	DATA 	EmulatedKey: equal
88.9456 	EXP 	unnamed TextStim: autoDraw = False
88.9804 	EXP 	unnamed Polygon: autoDraw = True
89.1788 	DATA 	Keypress: 4
89.2301 	EXP 	unnamed Polygon: autoDraw = False
90.8151 	DATA 	EmulatedKey: equal
90.9565 	EXP 	unnamed Polygon: autoDraw = False
90.9565 	EXP 	Trial_FB: text = 'Trial earnings: +$5'
90.9565 	EXP 	Exp_FB: height = 0.07333333333333333
90.9565 	EXP 	Exp_FB: height = 0.07333333333333333
90.9565 	EXP 	Exp_FB: height = 0.07333333333333333
90.9565 	EXP 	Exp_FB: text = 'Total earnings: $10'
90.9565 	EXP 	Trial_FB: autoDraw = True
90.9565 	EXP 	Exp_FB: autoDraw = True
92.8151 	DATA 	EmulatedKey: equal
92.9518 	EXP 	Trial_FB: autoDraw = False
92.9518 	EXP 	Exp_FB: autoDraw = False
92.9518 	EXP 	unnamed TextStim: autoDraw = True
94.8151 	DATA 	EmulatedKey: equal
94.9389 	EXP 	unnamed TextStim: autoDraw = False
94.9389 	EXP 	unnamed TextStim: autoDraw = False
94.9389 	EXP 	unnamed Polygon: edges = 4
94.9389 	EXP 	unnamed TextStim: height = 0.04
94.9389 	EXP 	unnamed TextStim: height = 0.04
94.9389 	EXP 	unnamed TextStim: height = 0.04
94.9389 	EXP 	unnamed TextStim: text = '-$5\n(80% accuracy)'
94.9389 	EXP 	unnamed Polygon: autoDraw = True
94.9389 	EXP 	unnamed TextStim: autoDraw = True
96.8151 	DATA 	EmulatedKey: equal
96.9321 	EXP 	unnamed Polygon: autoDraw = False
96.9321 	EXP 	unnamed TextStim: autoDraw = False
96.9321 	EXP 	unnamed Polygon: autoDraw = False
96.9321 	EXP 	unnamed TextStim: autoDraw = False
96.9321 	EXP 	unnamed TextStim: autoDraw = True
98.8151 	DATA 	EmulatedKey: equal
98.9325 	EXP 	unnamed TextStim: autoDraw = False
98.9850 	EXP 	unnamed Polygon: autoDraw = True
99.1689 	EXP 	unnamed Polygon: autoDraw = False
99.3014 	DATA 	Keypress: 4
100.8151 	DATA 	EmulatedKey: equal
100.9422 	EXP 	unnamed Polygon: autoDraw = False
100.9422 	EXP 	Trial_FB: height = 0.07333333333333333
100.9422 	EXP 	Trial_FB: height = 0.07333333333333333
100.9422 	EXP 	Trial_FB: height = 0.07333333333333333
100.9422 	EXP 	Trial_FB: text = 'Trial loss: -$5'
100.9422 	EXP 	Exp_FB: height = 0.07333333333333333
100.9422 	EXP 	Exp_FB: height = 0.07333333333333333
100.9422 	EXP 	Exp_FB: height = 0.07333333333333333
100.9422 	EXP 	Exp_FB: text = 'Total earnings: $5'
100.9422 	EXP 	Trial_FB: autoDraw = True
100.9422 	EXP 	Exp_FB: autoDraw = True
102.8151 	DATA 	EmulatedKey: equal
102.9263 	EXP 	Trial_FB: autoDraw = False
102.9263 	EXP 	Exp_FB: autoDraw = False
102.9263 	EXP 	Trial_FB: autoDraw = False
102.9263 	EXP 	Exp_FB: autoDraw = False
102.9263 	EXP 	unnamed TextStim: autoDraw = True
104.8151 	DATA 	EmulatedKey: equal
104.9397 	EXP 	unnamed TextStim: autoDraw = False
104.9397 	EXP 	unnamed TextStim: autoDraw = False
104.9397 	EXP 	unnamed Polygon: edges = 128
104.9397 	EXP 	unnamed TextStim: height = 0.04
104.9397 	EXP 	unnamed TextStim: height = 0.04
104.9397 	EXP 	unnamed TextStim: height = 0.04
104.9397 	EXP 	unnamed TextStim: text = '+$5\n(20% accuracy)'
104.9397 	EXP 	unnamed Polygon: autoDraw = True
104.9397 	EXP 	unnamed TextStim: autoDraw = True
106.8151 	DATA 	EmulatedKey: equal
106.9315 	EXP 	unnamed Polygon: autoDraw = False
106.9315 	EXP 	unnamed TextStim: autoDraw = False
106.9315 	EXP 	unnamed Polygon: autoDraw = False
106.9315 	EXP 	unnamed TextStim: autoDraw = False
106.9315 	EXP 	unnamed TextStim: autoDraw = True
108.8151 	DATA 	EmulatedKey: equal
108.9335 	EXP 	unnamed TextStim: autoDraw = False
108.9335 	EXP 	unnamed TextStim: autoDraw = False
108.9540 	EXP 	unnamed Polygon: autoDraw = True
109.2015 	DATA 	Keypress: 4
109.2038 	EXP 	unnamed Polygon: autoDraw = False
110.8151 	DATA 	EmulatedKey: equal
110.9400 	EXP 	unnamed Polygon: autoDraw = False
110.9400 	EXP 	Trial_FB: height = 0.07333333333333333
110.9400 	EXP 	Trial_FB: height = 0.07333333333333333
110.9400 	EXP 	Trial_FB: height = 0.07333333333333333
110.9400 	EXP 	Trial_FB: text = 'Trial earnings: +$5'
110.9400 	EXP 	Exp_FB: height = 0.07333333333333333
110.9400 	EXP 	Exp_FB: height = 0.07333333333333333
110.9400 	EXP 	Exp_FB: height = 0.07333333333333333
110.9400 	EXP 	Exp_FB: text = 'Total earnings: $10'
110.9400 	EXP 	Trial_FB: autoDraw = True
110.9400 	EXP 	Exp_FB: autoDraw = True
112.8151 	DATA 	EmulatedKey: equal
112.9346 	EXP 	Trial_FB: autoDraw = False
112.9346 	EXP 	Exp_FB: autoDraw = False
112.9346 	EXP 	Trial_FB: autoDraw = False
112.9346 	EXP 	Exp_FB: autoDraw = False
112.9346 	EXP 	unnamed TextStim: autoDraw = True
114.8151 	DATA 	EmulatedKey: equal
114.9525 	EXP 	unnamed TextStim: autoDraw = False
114.9525 	EXP 	unnamed TextStim: autoDraw = False
114.9525 	EXP 	unnamed Polygon: edges = 6
114.9525 	EXP 	unnamed TextStim: height = 0.04
114.9525 	EXP 	unnamed TextStim: height = 0.04
114.9525 	EXP 	unnamed TextStim: height = 0.04
114.9525 	EXP 	unnamed TextStim: text = '$0\n(50% accuracy)'
114.9525 	EXP 	unnamed Polygon: autoDraw = True
114.9525 	EXP 	unnamed TextStim: autoDraw = True
116.8151 	DATA 	EmulatedKey: equal
116.9515 	EXP 	unnamed Polygon: autoDraw = False
116.9515 	EXP 	unnamed TextStim: autoDraw = False
116.9515 	EXP 	unnamed TextStim: autoDraw = True
118.8151 	DATA 	EmulatedKey: equal
118.9521 	EXP 	unnamed TextStim: autoDraw = False
118.9521 	EXP 	unnamed TextStim: autoDraw = False
118.9900 	EXP 	unnamed Polygon: autoDraw = True
119.1971 	EXP 	unnamed Polygon: autoDraw = False
119.2145 	DATA 	Keypress: 4
120.8151 	DATA 	EmulatedKey: equal
120.9543 	EXP 	unnamed Polygon: autoDraw = False
120.9543 	EXP 	Trial_FB: height = 0.07333333333333333
120.9543 	EXP 	Trial_FB: height = 0.07333333333333333
120.9543 	EXP 	Trial_FB: height = 0.07333333333333333
120.9543 	EXP 	Trial_FB: text = 'Trial earnings: $0'
120.9543 	EXP 	Exp_FB: text = 'Total earnings: $10'
120.9543 	EXP 	Trial_FB: autoDraw = True
120.9543 	EXP 	Exp_FB: autoDraw = True
122.8151 	DATA 	EmulatedKey: equal
122.9500 	EXP 	Trial_FB: autoDraw = False
122.9500 	EXP 	Exp_FB: autoDraw = False
122.9500 	EXP 	unnamed TextStim: autoDraw = True
124.8151 	DATA 	EmulatedKey: equal
124.9538 	EXP 	unnamed TextStim: autoDraw = False
124.9538 	EXP 	unnamed Polygon: edges = 128
124.9538 	EXP 	unnamed TextStim: height = 0.04
124.9538 	EXP 	unnamed TextStim: height = 0.04
124.9538 	EXP 	unnamed TextStim: height = 0.04
124.9538 	EXP 	unnamed TextStim: text = '+$5\n(50% accuracy)'
124.9538 	EXP 	unnamed Polygon: autoDraw = True
124.9538 	EXP 	unnamed TextStim: autoDraw = True
126.8151 	DATA 	EmulatedKey: equal
126.9525 	EXP 	unnamed Polygon: autoDraw = False
126.9525 	EXP 	unnamed TextStim: autoDraw = False
126.9525 	EXP 	unnamed TextStim: autoDraw = True
128.8151 	DATA 	EmulatedKey: equal
128.9539 	EXP 	unnamed TextStim: autoDraw = False
128.9686 	EXP 	unnamed Polygon: autoDraw = True
129.1700 	DATA 	Keypress: 4
129.2110 	EXP 	unnamed Polygon: autoDraw = False
130.8151 	DATA 	EmulatedKey: equal
130.9756 	EXP 	unnamed Polygon: autoDraw = False
130.9756 	EXP 	Trial_FB: height = 0.07333333333333333
130.9756 	EXP 	Trial_FB: height = 0.07333333333333333
130.9756 	EXP 	Trial_FB: height = 0.07333333333333333
130.9756 	EXP 	Trial_FB: text = 'Trial earnings: +$5'
130.9756 	EXP 	Exp_FB: height = 0.07333333333333333
130.9756 	EXP 	Exp_FB: height = 0.07333333333333333
130.9756 	EXP 	Exp_FB: height = 0.07333333333333333
130.9756 	EXP 	Exp_FB: text = 'Total earnings: $15'
130.9756 	EXP 	Trial_FB: autoDraw = True
130.9756 	EXP 	Exp_FB: autoDraw = True
132.8151 	DATA 	EmulatedKey: equal
132.9682 	EXP 	Trial_FB: autoDraw = False
132.9682 	EXP 	Exp_FB: autoDraw = False
132.9682 	EXP 	unnamed TextStim: autoDraw = True
134.8151 	DATA 	EmulatedKey: equal
134.9403 	EXP 	unnamed TextStim: autoDraw = False
134.9403 	EXP 	unnamed TextStim: autoDraw = False
134.9403 	EXP 	unnamed Polygon: edges = 6
134.9403 	EXP 	unnamed TextStim: height = 0.04
134.9403 	EXP 	unnamed TextStim: height = 0.04
134.9403 	EXP 	unnamed TextStim: height = 0.04
134.9403 	EXP 	unnamed TextStim: text = '$0\n(80% accuracy)'
134.9403 	EXP 	unnamed Polygon: autoDraw = True
134.9403 	EXP 	unnamed TextStim: autoDraw = True
136.8151 	DATA 	EmulatedKey: equal
136.9366 	EXP 	unnamed Polygon: autoDraw = False
136.9366 	EXP 	unnamed TextStim: autoDraw = False
136.9366 	EXP 	unnamed Polygon: autoDraw = False
136.9366 	EXP 	unnamed TextStim: autoDraw = False
136.9366 	EXP 	unnamed TextStim: autoDraw = True
138.8151 	DATA 	EmulatedKey: equal
138.9315 	EXP 	unnamed TextStim: autoDraw = False
138.9315 	EXP 	unnamed TextStim: autoDraw = False
138.9664 	EXP 	unnamed Polygon: autoDraw = True
139.1558 	DATA 	Keypress: 4
139.1780 	EXP 	unnamed Polygon: autoDraw = False
140.8151 	DATA 	EmulatedKey: equal
140.9378 	EXP 	unnamed Polygon: autoDraw = False
140.9378 	EXP 	Trial_FB: height = 0.07333333333333333
140.9378 	EXP 	Trial_FB: height = 0.07333333333333333
140.9378 	EXP 	Trial_FB: height = 0.07333333333333333
140.9378 	EXP 	Trial_FB: text = 'Trial earnings: $0'
140.9378 	EXP 	Exp_FB: text = 'Total earnings: $15'
140.9378 	EXP 	Trial_FB: autoDraw = True
140.9378 	EXP 	Exp_FB: autoDraw = True
142.8151 	DATA 	EmulatedKey: equal
142.9342 	EXP 	Trial_FB: autoDraw = False
142.9342 	EXP 	Exp_FB: autoDraw = False
142.9342 	EXP 	unnamed TextStim: autoDraw = True
144.8151 	DATA 	EmulatedKey: equal
144.9423 	EXP 	unnamed TextStim: autoDraw = False
144.9423 	EXP 	unnamed TextStim: autoDraw = False
144.9423 	EXP 	unnamed Polygon: edges = 6
144.9423 	EXP 	unnamed TextStim: height = 0.04
144.9423 	EXP 	unnamed TextStim: height = 0.04
144.9423 	EXP 	unnamed TextStim: height = 0.04
144.9423 	EXP 	unnamed TextStim: text = '$0\n(20% accuracy)'
144.9423 	EXP 	unnamed Polygon: autoDraw = True
144.9423 	EXP 	unnamed TextStim: autoDraw = True
146.8151 	DATA 	EmulatedKey: equal
146.9292 	EXP 	unnamed Polygon: autoDraw = False
146.9292 	EXP 	unnamed TextStim: autoDraw = False
146.9292 	EXP 	unnamed Polygon: autoDraw = False
146.9292 	EXP 	unnamed TextStim: autoDraw = False
146.9292 	EXP 	unnamed TextStim: autoDraw = True
148.8151 	DATA 	EmulatedKey: equal
148.9205 	EXP 	unnamed TextStim: autoDraw = False
148.9205 	EXP 	unnamed TextStim: autoDraw = False
148.9546 	EXP 	unnamed Polygon: autoDraw = True
149.1714 	DATA 	Keypress: 4
149.1949 	EXP 	unnamed Polygon: autoDraw = False
150.8151 	DATA 	EmulatedKey: equal
150.9312 	EXP 	unnamed Polygon: autoDraw = False
150.9312 	EXP 	Trial_FB: text = 'Trial earnings: $0'
150.9312 	EXP 	Exp_FB: text = 'Total earnings: $15'
150.9312 	EXP 	Trial_FB: autoDraw = True
150.9312 	EXP 	Exp_FB: autoDraw = True
152.8151 	DATA 	EmulatedKey: equal
152.9303 	EXP 	Trial_FB: autoDraw = False
152.9303 	EXP 	Exp_FB: autoDraw = False
152.9303 	EXP 	Trial_FB: autoDraw = False
152.9303 	EXP 	Exp_FB: autoDraw = False
152.9303 	EXP 	unnamed TextStim: autoDraw = True
154.8151 	DATA 	EmulatedKey: equal
154.9425 	EXP 	unnamed TextStim: autoDraw = False
154.9425 	EXP 	unnamed TextStim: autoDraw = False
154.9425 	EXP 	unnamed Polygon: edges = 6
154.9425 	EXP 	unnamed TextStim: height = 0.04
154.9425 	EXP 	unnamed TextStim: height = 0.04
154.9425 	EXP 	unnamed TextStim: height = 0.04
154.9425 	EXP 	unnamed TextStim: text = '$0\n(50% accuracy)'
154.9425 	EXP 	unnamed Polygon: autoDraw = True
154.9425 	EXP 	unnamed TextStim: autoDraw = True
156.8151 	DATA 	EmulatedKey: equal
156.9317 	EXP 	unnamed Polygon: autoDraw = False
156.9317 	EXP 	unnamed TextStim: autoDraw = False
156.9317 	EXP 	unnamed Polygon: autoDraw = False
156.9317 	EXP 	unnamed TextStim: autoDraw = False
156.9317 	EXP 	unnamed TextStim: autoDraw = True
158.8151 	DATA 	EmulatedKey: equal
158.9312 	EXP 	unnamed TextStim: autoDraw = False
158.9312 	EXP 	unnamed TextStim: autoDraw = False
158.9699 	EXP 	unnamed Polygon: autoDraw = True
159.1858 	DATA 	Keypress: 4
159.1883 	EXP 	unnamed Polygon: autoDraw = False
160.8151 	DATA 	EmulatedKey: equal
160.9352 	EXP 	unnamed Polygon: autoDraw = False
160.9352 	EXP 	Trial_FB: text = 'Trial earnings: $0'
160.9352 	EXP 	Exp_FB: text = 'Total earnings: $15'
160.9352 	EXP 	Trial_FB: autoDraw = True
160.9352 	EXP 	Exp_FB: autoDraw = True
162.8151 	DATA 	EmulatedKey: equal
162.9355 	EXP 	Trial_FB: autoDraw = False
162.9355 	EXP 	Exp_FB: autoDraw = False
162.9355 	EXP 	unnamed TextStim: autoDraw = True
164.8151 	DATA 	EmulatedKey: equal
164.9531 	EXP 	unnamed TextStim: autoDraw = False
164.9531 	EXP 	unnamed Polygon: edges = 4
164.9531 	EXP 	unnamed TextStim: height = 0.04
164.9531 	EXP 	unnamed TextStim: height = 0.04
164.9531 	EXP 	unnamed TextStim: height = 0.04
164.9531 	EXP 	unnamed TextStim: text = '-$5\n(50% accuracy)'
164.9531 	EXP 	unnamed Polygon: autoDraw = True
164.9531 	EXP 	unnamed TextStim: autoDraw = True
166.8151 	DATA 	EmulatedKey: equal
166.9476 	EXP 	unnamed Polygon: autoDraw = False
166.9476 	EXP 	unnamed TextStim: autoDraw = False
166.9476 	EXP 	unnamed Polygon: autoDraw = False
166.9476 	EXP 	unnamed TextStim: autoDraw = False
166.9476 	EXP 	unnamed TextStim: autoDraw = True
168.8152 	DATA 	EmulatedKey: equal
168.9347 	EXP 	unnamed TextStim: autoDraw = False
168.9347 	EXP 	unnamed TextStim: autoDraw = False
168.9872 	EXP 	unnamed Polygon: autoDraw = True
169.1767 	DATA 	Keypress: 4
169.1930 	EXP 	unnamed Polygon: autoDraw = False
170.8151 	DATA 	EmulatedKey: equal
170.9485 	EXP 	unnamed Polygon: autoDraw = False
170.9485 	EXP 	Trial_FB: text = 'Trial earnings: $0'
170.9485 	EXP 	Exp_FB: text = 'Total earnings: $15'
170.9485 	EXP 	Trial_FB: autoDraw = True
170.9485 	EXP 	Exp_FB: autoDraw = True
172.8151 	DATA 	EmulatedKey: equal
172.9360 	EXP 	Trial_FB: autoDraw = False
172.9360 	EXP 	Exp_FB: autoDraw = False
172.9360 	EXP 	Trial_FB: autoDraw = False
172.9360 	EXP 	Exp_FB: autoDraw = False
172.9360 	EXP 	unnamed TextStim: autoDraw = True
174.8152 	DATA 	EmulatedKey: equal
174.9412 	EXP 	unnamed TextStim: autoDraw = False
174.9412 	EXP 	unnamed TextStim: autoDraw = False
174.9412 	EXP 	unnamed Polygon: edges = 4
174.9412 	EXP 	unnamed TextStim: height = 0.04
174.9412 	EXP 	unnamed TextStim: height = 0.04
174.9412 	EXP 	unnamed TextStim: height = 0.04
174.9412 	EXP 	unnamed TextStim: text = '-$5\n(80% accuracy)'
174.9412 	EXP 	unnamed Polygon: autoDraw = True
174.9412 	EXP 	unnamed TextStim: autoDraw = True
176.8152 	DATA 	EmulatedKey: equal
176.9321 	EXP 	unnamed Polygon: autoDraw = False
176.9321 	EXP 	unnamed TextStim: autoDraw = False
176.9321 	EXP 	unnamed Polygon: autoDraw = False
176.9321 	EXP 	unnamed TextStim: autoDraw = False
176.9321 	EXP 	unnamed TextStim: autoDraw = True
178.8151 	DATA 	EmulatedKey: equal
178.9306 	EXP 	unnamed TextStim: autoDraw = False
178.9306 	EXP 	unnamed TextStim: autoDraw = False
178.9485 	EXP 	unnamed Polygon: autoDraw = True
179.1158 	DATA 	Keypress: 4
179.1782 	EXP 	unnamed Polygon: autoDraw = False
180.8151 	DATA 	EmulatedKey: equal
180.9406 	EXP 	unnamed Polygon: autoDraw = False
180.9406 	EXP 	Trial_FB: text = 'Trial earnings: $0'
180.9406 	EXP 	Exp_FB: text = 'Total earnings: $15'
180.9406 	EXP 	Trial_FB: autoDraw = True
180.9406 	EXP 	Exp_FB: autoDraw = True
182.8151 	DATA 	EmulatedKey: equal
182.9346 	EXP 	Trial_FB: autoDraw = False
182.9346 	EXP 	Exp_FB: autoDraw = False
182.9346 	EXP 	Trial_FB: autoDraw = False
182.9346 	EXP 	Exp_FB: autoDraw = False
182.9346 	EXP 	unnamed TextStim: autoDraw = True
184.8151 	DATA 	EmulatedKey: equal
184.9561 	EXP 	unnamed TextStim: autoDraw = False
184.9561 	EXP 	unnamed Polygon: edges = 6
184.9561 	EXP 	unnamed TextStim: height = 0.04
184.9561 	EXP 	unnamed TextStim: height = 0.04
184.9561 	EXP 	unnamed TextStim: height = 0.04
184.9561 	EXP 	unnamed TextStim: text = '$0\n(20% accuracy)'
184.9561 	EXP 	unnamed Polygon: autoDraw = True
184.9561 	EXP 	unnamed TextStim: autoDraw = True
186.8151 	DATA 	EmulatedKey: equal
186.9447 	EXP 	unnamed Polygon: autoDraw = False
186.9447 	EXP 	unnamed TextStim: autoDraw = False
186.9447 	EXP 	unnamed Polygon: autoDraw = False
186.9447 	EXP 	unnamed TextStim: autoDraw = False
186.9447 	EXP 	unnamed TextStim: autoDraw = True
188.8151 	DATA 	EmulatedKey: equal
188.9466 	EXP 	unnamed TextStim: autoDraw = False
188.9641 	EXP 	unnamed Polygon: autoDraw = True
189.1973 	DATA 	Keypress: 4
189.2227 	EXP 	unnamed Polygon: autoDraw = False
190.8152 	DATA 	EmulatedKey: equal
190.9479 	EXP 	unnamed Polygon: autoDraw = False
190.9479 	EXP 	Trial_FB: text = 'Trial earnings: $0'
190.9479 	EXP 	Exp_FB: text = 'Total earnings: $15'
190.9479 	EXP 	Trial_FB: autoDraw = True
190.9479 	EXP 	Exp_FB: autoDraw = True
192.8152 	DATA 	EmulatedKey: equal
192.9362 	EXP 	Trial_FB: autoDraw = False
192.9362 	EXP 	Exp_FB: autoDraw = False
192.9362 	EXP 	Trial_FB: autoDraw = False
192.9362 	EXP 	Exp_FB: autoDraw = False
192.9362 	EXP 	unnamed TextStim: autoDraw = True
194.8152 	DATA 	EmulatedKey: equal
194.9400 	EXP 	unnamed TextStim: autoDraw = False
194.9400 	EXP 	unnamed TextStim: autoDraw = False
194.9400 	EXP 	unnamed Polygon: edges = 128
194.9400 	EXP 	unnamed TextStim: height = 0.04
194.9400 	EXP 	unnamed TextStim: height = 0.04
194.9400 	EXP 	unnamed TextStim: height = 0.04
194.9400 	EXP 	unnamed TextStim: text = '+$5\n(80% accuracy)'
194.9400 	EXP 	unnamed Polygon: autoDraw = True
194.9400 	EXP 	unnamed TextStim: autoDraw = True
196.8151 	DATA 	EmulatedKey: equal
196.9363 	EXP 	unnamed Polygon: autoDraw = False
196.9363 	EXP 	unnamed TextStim: autoDraw = False
196.9363 	EXP 	unnamed Polygon: autoDraw = False
196.9363 	EXP 	unnamed TextStim: autoDraw = False
196.9363 	EXP 	unnamed TextStim: autoDraw = True
198.8151 	DATA 	EmulatedKey: equal
198.9363 	EXP 	unnamed TextStim: autoDraw = False
198.9720 	EXP 	unnamed Polygon: autoDraw = True
199.1914 	EXP 	unnamed Polygon: autoDraw = False
199.2281 	DATA 	Keypress: 4
200.8151 	DATA 	EmulatedKey: equal
200.9487 	EXP 	unnamed Polygon: autoDraw = False
200.9487 	EXP 	Trial_FB: text = 'Trial earnings: $0'
200.9487 	EXP 	Exp_FB: text = 'Total earnings: $15'
200.9487 	EXP 	Trial_FB: autoDraw = True
200.9487 	EXP 	Exp_FB: autoDraw = True
202.8151 	DATA 	EmulatedKey: equal
202.9489 	EXP 	Trial_FB: autoDraw = False
202.9489 	EXP 	Exp_FB: autoDraw = False
202.9489 	EXP 	unnamed TextStim: autoDraw = True
204.8151 	DATA 	EmulatedKey: equal
204.9407 	EXP 	unnamed TextStim: autoDraw = False
204.9407 	EXP 	unnamed TextStim: autoDraw = False
204.9407 	EXP 	unnamed Polygon: edges = 4
204.9407 	EXP 	unnamed TextStim: height = 0.04
204.9407 	EXP 	unnamed TextStim: height = 0.04
204.9407 	EXP 	unnamed TextStim: height = 0.04
204.9407 	EXP 	unnamed TextStim: text = '-$5\n(50% accuracy)'
204.9407 	EXP 	unnamed Polygon: autoDraw = True
204.9407 	EXP 	unnamed TextStim: autoDraw = True
206.8151 	DATA 	EmulatedKey: equal
206.9308 	EXP 	unnamed Polygon: autoDraw = False
206.9308 	EXP 	unnamed TextStim: autoDraw = False
206.9308 	EXP 	unnamed Polygon: autoDraw = False
206.9308 	EXP 	unnamed TextStim: autoDraw = False
206.9308 	EXP 	unnamed TextStim: autoDraw = True
208.8151 	DATA 	EmulatedKey: equal
208.9294 	EXP 	unnamed TextStim: autoDraw = False
208.9294 	EXP 	unnamed TextStim: autoDraw = False
208.9645 	EXP 	unnamed Polygon: autoDraw = True
209.1804 	EXP 	unnamed Polygon: autoDraw = False
209.2034 	DATA 	Keypress: 4
210.8151 	DATA 	EmulatedKey: equal
210.9413 	EXP 	unnamed Polygon: autoDraw = False
210.9413 	EXP 	Trial_FB: height = 0.07333333333333333
210.9413 	EXP 	Trial_FB: height = 0.07333333333333333
210.9413 	EXP 	Trial_FB: height = 0.07333333333333333
210.9413 	EXP 	Trial_FB: text = 'Trial loss: -$5'
210.9413 	EXP 	Exp_FB: height = 0.07333333333333333
210.9413 	EXP 	Exp_FB: height = 0.07333333333333333
210.9413 	EXP 	Exp_FB: height = 0.07333333333333333
210.9413 	EXP 	Exp_FB: text = 'Total earnings: $10'
210.9413 	EXP 	Trial_FB: autoDraw = True
210.9413 	EXP 	Exp_FB: autoDraw = True
212.8151 	DATA 	EmulatedKey: equal
212.9358 	EXP 	Trial_FB: autoDraw = False
212.9358 	EXP 	Exp_FB: autoDraw = False
212.9358 	EXP 	unnamed TextStim: autoDraw = True
214.8151 	DATA 	EmulatedKey: equal
214.9411 	EXP 	unnamed TextStim: autoDraw = False
214.9411 	EXP 	unnamed TextStim: autoDraw = False
214.9411 	EXP 	unnamed Polygon: edges = 4
214.9411 	EXP 	unnamed TextStim: height = 0.04
214.9411 	EXP 	unnamed TextStim: height = 0.04
214.9411 	EXP 	unnamed TextStim: height = 0.04
214.9411 	EXP 	unnamed TextStim: text = '-$5\n(80% accuracy)'
214.9411 	EXP 	unnamed Polygon: autoDraw = True
214.9411 	EXP 	unnamed TextStim: autoDraw = True
216.8151 	DATA 	EmulatedKey: equal
216.9367 	EXP 	unnamed Polygon: autoDraw = False
216.9367 	EXP 	unnamed TextStim: autoDraw = False
216.9367 	EXP 	unnamed Polygon: autoDraw = False
216.9367 	EXP 	unnamed TextStim: autoDraw = False
216.9367 	EXP 	unnamed TextStim: autoDraw = True
218.8151 	DATA 	EmulatedKey: equal
218.9318 	EXP 	unnamed TextStim: autoDraw = False
218.9318 	EXP 	unnamed TextStim: autoDraw = False
218.9664 	EXP 	unnamed Polygon: autoDraw = True
219.1885 	EXP 	unnamed Polygon: autoDraw = False
219.2077 	DATA 	Keypress: 4
220.8151 	DATA 	EmulatedKey: equal
220.9390 	EXP 	unnamed Polygon: autoDraw = False
220.9390 	EXP 	Trial_FB: text = 'Trial loss: -$5'
220.9390 	EXP 	Exp_FB: height = 0.07333333333333333
220.9390 	EXP 	Exp_FB: height = 0.07333333333333333
220.9390 	EXP 	Exp_FB: height = 0.07333333333333333
220.9390 	EXP 	Exp_FB: text = 'Total earnings: $5'
220.9390 	EXP 	Trial_FB: autoDraw = True
220.9390 	EXP 	Exp_FB: autoDraw = True
222.8151 	DATA 	EmulatedKey: equal
222.9338 	EXP 	Trial_FB: autoDraw = False
222.9338 	EXP 	Exp_FB: autoDraw = False
222.9338 	EXP 	unnamed TextStim: autoDraw = True
224.8151 	DATA 	EmulatedKey: equal
224.9419 	EXP 	unnamed TextStim: autoDraw = False
224.9419 	EXP 	unnamed TextStim: autoDraw = False
224.9419 	EXP 	unnamed Polygon: edges = 6
224.9419 	EXP 	unnamed TextStim: height = 0.04
224.9419 	EXP 	unnamed TextStim: height = 0.04
224.9419 	EXP 	unnamed TextStim: height = 0.04
224.9419 	EXP 	unnamed TextStim: text = '$0\n(80% accuracy)'
224.9419 	EXP 	unnamed Polygon: autoDraw = True
224.9419 	EXP 	unnamed TextStim: autoDraw = True
226.8151 	DATA 	EmulatedKey: equal
226.9362 	EXP 	unnamed Polygon: autoDraw = False
226.9362 	EXP 	unnamed TextStim: autoDraw = False
226.9362 	EXP 	unnamed Polygon: autoDraw = False
226.9362 	EXP 	unnamed TextStim: autoDraw = False
226.9362 	EXP 	unnamed TextStim: autoDraw = True
228.8151 	DATA 	EmulatedKey: equal
228.9294 	EXP 	unnamed TextStim: autoDraw = False
228.9294 	EXP 	unnamed TextStim: autoDraw = False
228.9472 	EXP 	unnamed Polygon: autoDraw = True
229.1872 	EXP 	unnamed Polygon: autoDraw = False
229.1960 	DATA 	Keypress: 4
230.8151 	DATA 	EmulatedKey: equal
230.9362 	EXP 	unnamed Polygon: autoDraw = False
230.9362 	EXP 	Trial_FB: height = 0.07333333333333333
230.9362 	EXP 	Trial_FB: height = 0.07333333333333333
230.9362 	EXP 	Trial_FB: height = 0.07333333333333333
230.9362 	EXP 	Trial_FB: text = 'Trial earnings: $0'
230.9362 	EXP 	Exp_FB: text = 'Total earnings: $5'
230.9362 	EXP 	Trial_FB: autoDraw = True
230.9362 	EXP 	Exp_FB: autoDraw = True
232.8151 	DATA 	EmulatedKey: equal
232.9336 	EXP 	Trial_FB: autoDraw = False
232.9336 	EXP 	Exp_FB: autoDraw = False
232.9336 	EXP 	unnamed TextStim: autoDraw = True
234.8151 	DATA 	EmulatedKey: equal
234.9421 	EXP 	unnamed TextStim: autoDraw = False
234.9421 	EXP 	unnamed TextStim: autoDraw = False
234.9421 	EXP 	unnamed Polygon: edges = 4
234.9421 	EXP 	unnamed TextStim: height = 0.04
234.9421 	EXP 	unnamed TextStim: height = 0.04
234.9421 	EXP 	unnamed TextStim: height = 0.04
234.9421 	EXP 	unnamed TextStim: text = '-$5\n(20% accuracy)'
234.9421 	EXP 	unnamed Polygon: autoDraw = True
234.9421 	EXP 	unnamed TextStim: autoDraw = True
236.8151 	DATA 	EmulatedKey: equal
236.9308 	EXP 	unnamed Polygon: autoDraw = False
236.9308 	EXP 	unnamed TextStim: autoDraw = False
236.9308 	EXP 	unnamed Polygon: autoDraw = False
236.9308 	EXP 	unnamed TextStim: autoDraw = False
236.9308 	EXP 	unnamed TextStim: autoDraw = True
238.8151 	DATA 	EmulatedKey: equal
238.9184 	EXP 	unnamed TextStim: autoDraw = False
238.9184 	EXP 	unnamed TextStim: autoDraw = False
238.9714 	EXP 	unnamed Polygon: autoDraw = True
239.1710 	DATA 	Keypress: 4
239.1914 	EXP 	unnamed Polygon: autoDraw = False
240.8151 	DATA 	EmulatedKey: equal
240.9276 	EXP 	unnamed Polygon: autoDraw = False
240.9276 	EXP 	Trial_FB: text = 'Trial earnings: $0'
240.9276 	EXP 	Exp_FB: text = 'Total earnings: $5'
240.9276 	EXP 	Trial_FB: autoDraw = True
240.9276 	EXP 	Exp_FB: autoDraw = True
242.8151 	DATA 	EmulatedKey: equal
242.9216 	EXP 	Trial_FB: autoDraw = False
242.9216 	EXP 	Exp_FB: autoDraw = False
242.9216 	EXP 	Trial_FB: autoDraw = False
242.9216 	EXP 	Exp_FB: autoDraw = False
242.9216 	EXP 	unnamed TextStim: autoDraw = True
244.8151 	DATA 	EmulatedKey: equal
244.9411 	EXP 	unnamed TextStim: autoDraw = False
244.9411 	EXP 	unnamed TextStim: autoDraw = False
244.9411 	EXP 	unnamed Polygon: edges = 4
244.9411 	EXP 	unnamed TextStim: height = 0.04
244.9411 	EXP 	unnamed TextStim: height = 0.04
244.9411 	EXP 	unnamed TextStim: height = 0.04
244.9411 	EXP 	unnamed TextStim: text = '-$5\n(50% accuracy)'
244.9411 	EXP 	unnamed Polygon: autoDraw = True
244.9411 	EXP 	unnamed TextStim: autoDraw = True
246.8151 	DATA 	EmulatedKey: equal
246.9314 	EXP 	unnamed Polygon: autoDraw = False
246.9314 	EXP 	unnamed TextStim: autoDraw = False
246.9314 	EXP 	unnamed Polygon: autoDraw = False
246.9314 	EXP 	unnamed TextStim: autoDraw = False
246.9314 	EXP 	unnamed TextStim: autoDraw = True
248.8151 	DATA 	EmulatedKey: equal
248.9315 	EXP 	unnamed TextStim: autoDraw = False
248.9315 	EXP 	unnamed TextStim: autoDraw = False
248.9525 	EXP 	unnamed Polygon: autoDraw = True
249.1948 	EXP 	unnamed Polygon: autoDraw = False
249.2007 	DATA 	Keypress: 4
250.9534 	EXP 	unnamed Polygon: autoDraw = False
250.9534 	EXP 	Trial_FB: height = 0.07333333333333333
250.9534 	EXP 	Trial_FB: height = 0.07333333333333333
250.9534 	EXP 	Trial_FB: height = 0.07333333333333333
250.9534 	EXP 	Trial_FB: text = 'Trial loss: -$5'
250.9534 	EXP 	Exp_FB: height = 0.07333333333333333
250.9534 	EXP 	Exp_FB: height = 0.07333333333333333
250.9534 	EXP 	Exp_FB: height = 0.07333333333333333
250.9534 	EXP 	Exp_FB: text = 'Total earnings: $0'
250.9534 	EXP 	Trial_FB: autoDraw = True
250.9534 	EXP 	Exp_FB: autoDraw = True
252.9434 	EXP 	Trial_FB: autoDraw = False
252.9434 	EXP 	Exp_FB: autoDraw = False
252.9434 	EXP 	Trial_FB: autoDraw = False
252.9434 	EXP 	Exp_FB: autoDraw = False
252.9434 	EXP 	unnamed TextStim: autoDraw = True
254.9434 	EXP 	unnamed TextStim: autoDraw = False
254.9434 	EXP 	unnamed TextStim: autoDraw = False
254.9434 	EXP 	unnamed Polygon: edges = 6
254.9434 	EXP 	unnamed TextStim: height = 0.04
254.9434 	EXP 	unnamed TextStim: height = 0.04
254.9434 	EXP 	unnamed TextStim: height = 0.04
254.9434 	EXP 	unnamed TextStim: text = '$0\n(20% accuracy)'
254.9434 	EXP 	unnamed Polygon: autoDraw = True
254.9434 	EXP 	unnamed TextStim: autoDraw = True
256.9335 	EXP 	unnamed Polygon: autoDraw = False
256.9335 	EXP 	unnamed TextStim: autoDraw = False
256.9335 	EXP 	unnamed Polygon: autoDraw = False
256.9335 	EXP 	unnamed TextStim: autoDraw = False
256.9335 	EXP 	unnamed TextStim: autoDraw = True
258.9346 	EXP 	unnamed TextStim: autoDraw = False
258.9346 	EXP 	unnamed TextStim: autoDraw = False
258.9537 	EXP 	unnamed Polygon: autoDraw = True
259.1884 	EXP 	unnamed Polygon: autoDraw = False
259.3624 	DATA 	Keypress: 4
260.9460 	EXP 	unnamed Polygon: autoDraw = False
260.9460 	EXP 	Trial_FB: height = 0.07333333333333333
260.9460 	EXP 	Trial_FB: height = 0.07333333333333333
260.9460 	EXP 	Trial_FB: height = 0.07333333333333333
260.9460 	EXP 	Trial_FB: text = 'Trial earnings: $0'
260.9460 	EXP 	Exp_FB: text = 'Total earnings: $0'
260.9460 	EXP 	Trial_FB: autoDraw = True
260.9460 	EXP 	Exp_FB: autoDraw = True
262.9374 	EXP 	Trial_FB: autoDraw = False
262.9374 	EXP 	Exp_FB: autoDraw = False
262.9374 	EXP 	Trial_FB: autoDraw = False
262.9374 	EXP 	Exp_FB: autoDraw = False
262.9374 	EXP 	unnamed TextStim: autoDraw = True
264.9565 	EXP 	unnamed TextStim: autoDraw = False
264.9565 	EXP 	unnamed Polygon: edges = 4
264.9565 	EXP 	unnamed TextStim: height = 0.04
264.9565 	EXP 	unnamed TextStim: height = 0.04
264.9565 	EXP 	unnamed TextStim: height = 0.04
264.9565 	EXP 	unnamed TextStim: text = '-$5\n(20% accuracy)'
264.9565 	EXP 	unnamed Polygon: autoDraw = True
264.9565 	EXP 	unnamed TextStim: autoDraw = True
266.9544 	EXP 	unnamed Polygon: autoDraw = False
266.9544 	EXP 	unnamed TextStim: autoDraw = False
266.9544 	EXP 	unnamed Polygon: autoDraw = False
266.9544 	EXP 	unnamed TextStim: autoDraw = False
266.9544 	EXP 	unnamed TextStim: autoDraw = True
267.2383 	DATA 	Keypress: 4
268.9444 	EXP 	unnamed TextStim: autoDraw = False
268.9444 	EXP 	unnamed TextStim: autoDraw = False
269.0049 	EXP 	unnamed Polygon: autoDraw = True
269.1836 	DATA 	Keypress: 4
269.2022 	EXP 	unnamed Polygon: autoDraw = False
270.9474 	EXP 	unnamed Polygon: autoDraw = False
270.9474 	EXP 	Trial_FB: text = 'Trial earnings: $0'
270.9474 	EXP 	Exp_FB: text = 'Total earnings: $0'
270.9474 	EXP 	Trial_FB: autoDraw = True
270.9474 	EXP 	Exp_FB: autoDraw = True
272.9378 	EXP 	Trial_FB: autoDraw = False
272.9378 	EXP 	Exp_FB: autoDraw = False
272.9378 	EXP 	Trial_FB: autoDraw = False
272.9378 	EXP 	Exp_FB: autoDraw = False
272.9378 	EXP 	unnamed TextStim: autoDraw = True
274.9449 	EXP 	unnamed TextStim: autoDraw = False
274.9449 	EXP 	unnamed TextStim: autoDraw = False
274.9449 	EXP 	unnamed Polygon: edges = 128
274.9449 	EXP 	unnamed TextStim: height = 0.04
274.9449 	EXP 	unnamed TextStim: height = 0.04
274.9449 	EXP 	unnamed TextStim: height = 0.04
274.9449 	EXP 	unnamed TextStim: text = '+$5\n(20% accuracy)'
274.9449 	EXP 	unnamed Polygon: autoDraw = True
274.9449 	EXP 	unnamed TextStim: autoDraw = True
276.9371 	EXP 	unnamed Polygon: autoDraw = False
276.9371 	EXP 	unnamed TextStim: autoDraw = False
276.9371 	EXP 	unnamed Polygon: autoDraw = False
276.9371 	EXP 	unnamed TextStim: autoDraw = False
276.9371 	EXP 	unnamed TextStim: autoDraw = True
277.2621 	DATA 	Keypress: 4
278.9373 	EXP 	unnamed TextStim: autoDraw = False
278.9986 	EXP 	unnamed Polygon: autoDraw = True
279.1758 	DATA 	Keypress: 4
279.1944 	EXP 	unnamed Polygon: autoDraw = False
280.9530 	EXP 	unnamed Polygon: autoDraw = False
280.9530 	EXP 	Trial_FB: height = 0.07333333333333333
280.9530 	EXP 	Trial_FB: height = 0.07333333333333333
280.9530 	EXP 	Trial_FB: height = 0.07333333333333333
280.9530 	EXP 	Trial_FB: text = 'Trial earnings: +$5'
280.9530 	EXP 	Exp_FB: height = 0.07333333333333333
280.9530 	EXP 	Exp_FB: height = 0.07333333333333333
280.9530 	EXP 	Exp_FB: height = 0.07333333333333333
280.9530 	EXP 	Exp_FB: text = 'Total earnings: $5'
280.9530 	EXP 	Trial_FB: autoDraw = True
280.9530 	EXP 	Exp_FB: autoDraw = True
282.9381 	EXP 	Trial_FB: autoDraw = False
282.9381 	EXP 	Exp_FB: autoDraw = False
282.9381 	EXP 	Trial_FB: autoDraw = False
282.9381 	EXP 	Exp_FB: autoDraw = False
282.9381 	EXP 	unnamed TextStim: autoDraw = True
284.9482 	EXP 	unnamed TextStim: autoDraw = False
284.9482 	EXP 	unnamed TextStim: autoDraw = False
284.9482 	EXP 	unnamed Polygon: edges = 4
284.9482 	EXP 	unnamed TextStim: height = 0.04
284.9482 	EXP 	unnamed TextStim: height = 0.04
284.9482 	EXP 	unnamed TextStim: height = 0.04
284.9482 	EXP 	unnamed TextStim: text = '-$5\n(80% accuracy)'
284.9482 	EXP 	unnamed Polygon: autoDraw = True
284.9482 	EXP 	unnamed TextStim: autoDraw = True
286.9435 	EXP 	unnamed Polygon: autoDraw = False
286.9435 	EXP 	unnamed TextStim: autoDraw = False
286.9435 	EXP 	unnamed Polygon: autoDraw = False
286.9435 	EXP 	unnamed TextStim: autoDraw = False
286.9435 	EXP 	unnamed TextStim: autoDraw = True
288.9386 	EXP 	unnamed TextStim: autoDraw = False
288.9386 	EXP 	unnamed TextStim: autoDraw = False
288.9549 	EXP 	unnamed Polygon: autoDraw = True
289.1842 	EXP 	unnamed Polygon: autoDraw = False
289.1866 	DATA 	Keypress: 4
290.9513 	EXP 	unnamed Polygon: autoDraw = False
290.9513 	EXP 	Trial_FB: height = 0.07333333333333333
290.9513 	EXP 	Trial_FB: height = 0.07333333333333333
290.9513 	EXP 	Trial_FB: height = 0.07333333333333333
290.9513 	EXP 	Trial_FB: text = 'Trial loss: -$5'
290.9513 	EXP 	Exp_FB: height = 0.07333333333333333
290.9513 	EXP 	Exp_FB: height = 0.07333333333333333
290.9513 	EXP 	Exp_FB: height = 0.07333333333333333
290.9513 	EXP 	Exp_FB: text = 'Total earnings: $0'
290.9513 	EXP 	Trial_FB: autoDraw = True
290.9513 	EXP 	Exp_FB: autoDraw = True
292.9419 	EXP 	Trial_FB: autoDraw = False
292.9419 	EXP 	Exp_FB: autoDraw = False
292.9419 	EXP 	Trial_FB: autoDraw = False
292.9419 	EXP 	Exp_FB: autoDraw = False
292.9419 	EXP 	unnamed TextStim: autoDraw = True
294.9561 	EXP 	unnamed TextStim: autoDraw = False
294.9561 	EXP 	unnamed Polygon: edges = 6
294.9561 	EXP 	unnamed TextStim: height = 0.04
294.9561 	EXP 	unnamed TextStim: height = 0.04
294.9561 	EXP 	unnamed TextStim: height = 0.04
294.9561 	EXP 	unnamed TextStim: text = '$0\n(20% accuracy)'
294.9561 	EXP 	unnamed Polygon: autoDraw = True
294.9561 	EXP 	unnamed TextStim: autoDraw = True
296.9517 	EXP 	unnamed Polygon: autoDraw = False
296.9517 	EXP 	unnamed TextStim: autoDraw = False
296.9517 	EXP 	unnamed Polygon: autoDraw = False
296.9517 	EXP 	unnamed TextStim: autoDraw = False
296.9517 	EXP 	unnamed TextStim: autoDraw = True
298.9432 	EXP 	unnamed TextStim: autoDraw = False
298.9432 	EXP 	unnamed TextStim: autoDraw = False
298.9824 	EXP 	unnamed Polygon: autoDraw = True
299.1963 	EXP 	unnamed Polygon: autoDraw = False
299.2137 	DATA 	Keypress: 4
300.9503 	EXP 	unnamed Polygon: autoDraw = False
300.9503 	EXP 	Trial_FB: height = 0.07333333333333333
300.9503 	EXP 	Trial_FB: height = 0.07333333333333333
300.9503 	EXP 	Trial_FB: height = 0.07333333333333333
300.9503 	EXP 	Trial_FB: text = 'Trial earnings: $0'
300.9503 	EXP 	Exp_FB: text = 'Total earnings: $0'
300.9503 	EXP 	Trial_FB: autoDraw = True
300.9503 	EXP 	Exp_FB: autoDraw = True
302.9372 	EXP 	Trial_FB: autoDraw = False
302.9372 	EXP 	Exp_FB: autoDraw = False
302.9372 	EXP 	Trial_FB: autoDraw = False
302.9372 	EXP 	Exp_FB: autoDraw = False
302.9372 	EXP 	unnamed TextStim: autoDraw = True
304.9376 	EXP 	unnamed TextStim: autoDraw = False
304.9376 	EXP 	unnamed TextStim: autoDraw = False
304.9376 	EXP 	unnamed Polygon: edges = 128
304.9376 	EXP 	unnamed TextStim: height = 0.04
304.9376 	EXP 	unnamed TextStim: height = 0.04
304.9376 	EXP 	unnamed TextStim: height = 0.04
304.9376 	EXP 	unnamed TextStim: text = '+$5\n(50% accuracy)'
304.9376 	EXP 	unnamed Polygon: autoDraw = True
304.9376 	EXP 	unnamed TextStim: autoDraw = True
306.9323 	EXP 	unnamed Polygon: autoDraw = False
306.9323 	EXP 	unnamed TextStim: autoDraw = False
306.9323 	EXP 	unnamed Polygon: autoDraw = False
306.9323 	EXP 	unnamed TextStim: autoDraw = False
306.9323 	EXP 	unnamed TextStim: autoDraw = True
308.9308 	EXP 	unnamed TextStim: autoDraw = False
308.9308 	EXP 	unnamed TextStim: autoDraw = False
308.9759 	EXP 	unnamed Polygon: autoDraw = True
309.1791 	DATA 	Keypress: 4
309.1830 	EXP 	unnamed Polygon: autoDraw = False
310.9487 	EXP 	unnamed Polygon: autoDraw = False
310.9487 	EXP 	Trial_FB: height = 0.07333333333333333
310.9487 	EXP 	Trial_FB: height = 0.07333333333333333
310.9487 	EXP 	Trial_FB: height = 0.07333333333333333
310.9487 	EXP 	Trial_FB: text = 'Trial earnings: +$5'
310.9487 	EXP 	Exp_FB: height = 0.07333333333333333
310.9487 	EXP 	Exp_FB: height = 0.07333333333333333
310.9487 	EXP 	Exp_FB: height = 0.07333333333333333
310.9487 	EXP 	Exp_FB: text = 'Total earnings: $5'
310.9487 	EXP 	Trial_FB: autoDraw = True
310.9487 	EXP 	Exp_FB: autoDraw = True
312.9388 	EXP 	Trial_FB: autoDraw = False
312.9388 	EXP 	Exp_FB: autoDraw = False
312.9388 	EXP 	unnamed TextStim: autoDraw = True
314.9424 	EXP 	unnamed TextStim: autoDraw = False
314.9424 	EXP 	unnamed TextStim: autoDraw = False
314.9424 	EXP 	unnamed Polygon: edges = 6
314.9424 	EXP 	unnamed TextStim: height = 0.04
314.9424 	EXP 	unnamed TextStim: height = 0.04
314.9424 	EXP 	unnamed TextStim: height = 0.04
314.9424 	EXP 	unnamed TextStim: text = '$0\n(50% accuracy)'
314.9424 	EXP 	unnamed Polygon: autoDraw = True
314.9424 	EXP 	unnamed TextStim: autoDraw = True
316.9311 	EXP 	unnamed Polygon: autoDraw = False
316.9311 	EXP 	unnamed TextStim: autoDraw = False
316.9311 	EXP 	unnamed Polygon: autoDraw = False
316.9311 	EXP 	unnamed TextStim: autoDraw = False
316.9311 	EXP 	unnamed TextStim: autoDraw = True
318.9260 	EXP 	unnamed TextStim: autoDraw = False
318.9260 	EXP 	unnamed TextStim: autoDraw = False
318.9660 	EXP 	unnamed Polygon: autoDraw = True
319.1844 	EXP 	unnamed Polygon: autoDraw = False
319.2020 	DATA 	Keypress: 4
320.9362 	EXP 	unnamed Polygon: autoDraw = False
320.9362 	EXP 	Trial_FB: height = 0.07333333333333333
320.9362 	EXP 	Trial_FB: height = 0.07333333333333333
320.9362 	EXP 	Trial_FB: height = 0.07333333333333333
320.9362 	EXP 	Trial_FB: text = 'Trial earnings: $0'
320.9362 	EXP 	Exp_FB: text = 'Total earnings: $5'
320.9362 	EXP 	Trial_FB: autoDraw = True
320.9362 	EXP 	Exp_FB: autoDraw = True
322.9242 	EXP 	Trial_FB: autoDraw = False
322.9242 	EXP 	Exp_FB: autoDraw = False
322.9242 	EXP 	Trial_FB: autoDraw = False
322.9242 	EXP 	Exp_FB: autoDraw = False
322.9242 	EXP 	unnamed TextStim: autoDraw = True
324.9509 	EXP 	unnamed TextStim: autoDraw = False
324.9509 	EXP 	unnamed TextStim: autoDraw = False
324.9509 	EXP 	unnamed Polygon: edges = 128
324.9509 	EXP 	unnamed TextStim: height = 0.04
324.9509 	EXP 	unnamed TextStim: height = 0.04
324.9509 	EXP 	unnamed TextStim: height = 0.04
324.9509 	EXP 	unnamed TextStim: text = '+$5\n(80% accuracy)'
324.9509 	EXP 	unnamed Polygon: autoDraw = True
324.9509 	EXP 	unnamed TextStim: autoDraw = True
326.9486 	EXP 	unnamed Polygon: autoDraw = False
326.9486 	EXP 	unnamed TextStim: autoDraw = False
326.9486 	EXP 	unnamed Polygon: autoDraw = False
326.9486 	EXP 	unnamed TextStim: autoDraw = False
326.9486 	EXP 	unnamed TextStim: autoDraw = True
328.9504 	EXP 	unnamed TextStim: autoDraw = False
328.9899 	EXP 	unnamed Polygon: autoDraw = True
329.1993 	DATA 	Keypress: 4
329.2032 	EXP 	unnamed Polygon: autoDraw = False
330.9606 	EXP 	unnamed Polygon: autoDraw = False
330.9606 	EXP 	Trial_FB: text = 'Trial earnings: $0'
330.9606 	EXP 	Exp_FB: text = 'Total earnings: $5'
330.9606 	EXP 	Trial_FB: autoDraw = True
330.9606 	EXP 	Exp_FB: autoDraw = True
332.9475 	EXP 	Trial_FB: autoDraw = False
332.9475 	EXP 	Exp_FB: autoDraw = False
332.9475 	EXP 	Trial_FB: autoDraw = False
332.9475 	EXP 	Exp_FB: autoDraw = False
332.9475 	EXP 	unnamed TextStim: autoDraw = True
334.9444 	EXP 	unnamed TextStim: autoDraw = False
334.9444 	EXP 	unnamed TextStim: autoDraw = False
334.9444 	EXP 	unnamed Polygon: edges = 4
334.9444 	EXP 	unnamed TextStim: height = 0.04
334.9444 	EXP 	unnamed TextStim: height = 0.04
334.9444 	EXP 	unnamed TextStim: height = 0.04
334.9444 	EXP 	unnamed TextStim: text = '-$5\n(20% accuracy)'
334.9444 	EXP 	unnamed Polygon: autoDraw = True
334.9444 	EXP 	unnamed TextStim: autoDraw = True
336.9335 	EXP 	unnamed Polygon: autoDraw = False
336.9335 	EXP 	unnamed TextStim: autoDraw = False
336.9335 	EXP 	unnamed Polygon: autoDraw = False
336.9335 	EXP 	unnamed TextStim: autoDraw = False
336.9335 	EXP 	unnamed TextStim: autoDraw = True
338.9306 	EXP 	unnamed TextStim: autoDraw = False
338.9306 	EXP 	unnamed TextStim: autoDraw = False
338.9830 	EXP 	unnamed Polygon: autoDraw = True
339.1795 	EXP 	unnamed Polygon: autoDraw = False
339.1990 	DATA 	Keypress: 4
340.9382 	EXP 	unnamed Polygon: autoDraw = False
340.9382 	EXP 	Trial_FB: height = 0.07333333333333333
340.9382 	EXP 	Trial_FB: height = 0.07333333333333333
340.9382 	EXP 	Trial_FB: height = 0.07333333333333333
340.9382 	EXP 	Trial_FB: text = 'Trial loss: -$5'
340.9382 	EXP 	Exp_FB: height = 0.07333333333333333
340.9382 	EXP 	Exp_FB: height = 0.07333333333333333
340.9382 	EXP 	Exp_FB: height = 0.07333333333333333
340.9382 	EXP 	Exp_FB: text = 'Total earnings: $0'
340.9382 	EXP 	Trial_FB: autoDraw = True
340.9382 	EXP 	Exp_FB: autoDraw = True
342.9323 	EXP 	Trial_FB: autoDraw = False
342.9323 	EXP 	Exp_FB: autoDraw = False
342.9323 	EXP 	Trial_FB: autoDraw = False
342.9323 	EXP 	Exp_FB: autoDraw = False
342.9323 	EXP 	unnamed TextStim: autoDraw = True
344.9455 	EXP 	unnamed TextStim: autoDraw = False
344.9455 	EXP 	unnamed TextStim: autoDraw = False
344.9455 	EXP 	unnamed Polygon: edges = 6
344.9455 	EXP 	unnamed TextStim: height = 0.04
344.9455 	EXP 	unnamed TextStim: height = 0.04
344.9455 	EXP 	unnamed TextStim: height = 0.04
344.9455 	EXP 	unnamed TextStim: text = '$0\n(50% accuracy)'
344.9455 	EXP 	unnamed Polygon: autoDraw = True
344.9455 	EXP 	unnamed TextStim: autoDraw = True
346.9423 	EXP 	unnamed Polygon: autoDraw = False
346.9423 	EXP 	unnamed TextStim: autoDraw = False
346.9423 	EXP 	unnamed Polygon: autoDraw = False
346.9423 	EXP 	unnamed TextStim: autoDraw = False
346.9423 	EXP 	unnamed TextStim: autoDraw = True
348.9327 	EXP 	unnamed TextStim: autoDraw = False
348.9327 	EXP 	unnamed TextStim: autoDraw = False
348.9869 	EXP 	unnamed Polygon: autoDraw = True
349.1827 	EXP 	unnamed Polygon: autoDraw = False
349.2655 	DATA 	Keypress: 4
350.9404 	EXP 	unnamed Polygon: autoDraw = False
350.9404 	EXP 	Trial_FB: height = 0.07333333333333333
350.9404 	EXP 	Trial_FB: height = 0.07333333333333333
350.9404 	EXP 	Trial_FB: height = 0.07333333333333333
350.9404 	EXP 	Trial_FB: text = 'Trial earnings: $0'
350.9404 	EXP 	Exp_FB: text = 'Total earnings: $0'
350.9404 	EXP 	Trial_FB: autoDraw = True
350.9404 	EXP 	Exp_FB: autoDraw = True
352.9308 	EXP 	Trial_FB: autoDraw = False
352.9308 	EXP 	Exp_FB: autoDraw = False
352.9308 	EXP 	Trial_FB: autoDraw = False
352.9308 	EXP 	Exp_FB: autoDraw = False
352.9308 	EXP 	unnamed TextStim: autoDraw = True
354.9458 	EXP 	unnamed TextStim: autoDraw = False
354.9458 	EXP 	unnamed TextStim: autoDraw = False
363.1798 	DATA 	Keypress: 0
363.2048 	EXP 	window1: mouseVisible = True
